
     Program turboTDDFT v.6.7MaX starts on  1Oct2021 at 19:20:57 

     This program is part of the open-source Quantum ESPRESSO suite
     for quantum simulation of materials; please cite
         "P. Giannozzi et al., J. Phys.:Condens. Matter 21 395502 (2009);
         "P. Giannozzi et al., J. Phys.:Condens. Matter 29 465901 (2017);
          URL http://www.quantum-espresso.org", 
     in publications or presentations arising from this work. More details at
     http://www.quantum-espresso.org/quote

     Parallel version (MPI), running on     1 processors

     MPI processes distributed on     1 nodes

     Reading xml data from directory:

     /home/simplogic86/Work/QE1/tempdir/CH4_solvent.save/
     file H.pz-vbc.UPF: wavefunction(s)  1S renormalized

     IMPORTANT: XC functional enforced from input :
     Exchange-correlation= PZ
                           (   1   1   0   0   0   0   0)
     Any further DFT definition will be discarded
     Please, verify this is what you really want

 
     G-vector sticks info
     --------------------
     sticks:   dense  smooth     PW     G-vecs:    dense   smooth      PW
     Sum        3181    3181    793               135043   135043   16879
 
     Reading collected, re-writing distributed wavefunctions
 Symmetries are disabled for the gamma_only case

     Reading input from environ.in

     ================================================================================

     Reading ENVIRON namelist

     Reading BOUNDARY namelist

     Checking boundary derivatives
     derivatives               = chain          ! SCCS default

     Reading ELECTROSTATIC namelist

     Setting up electrostatic problem
     problem                   = generalized    
     solver                    = cg             

     Checking PBC correction
     pbc_correction            = none           ! default

     ================================================================================
 

     add environment contribution to local potential

     the potential shift due to the Gaussian-smeared nuclei is    -0.0214 ev

     Subspace diagonalization in iterative solution of the eigenvalue problem:
     a serial algorithm will be used

 

     Environ Module
     ==============

     Please cite
         O. Andreussi, I. Dabo and N. Marzari, J. Chem. Phys. 136, 064102 (2012)         
     in publications or presentations arising from this work.

     compensation onset threshold      =               0.1000E+00
     static permittivity               =                    78.50
     optical permittivity              =                   1.7760
     epsilon calculation mode          =               electronic

     Electrostatic Setup
     -------------------
     electrostatic problem to solve    = generalized             
     numerical solver adopted          = cg                      
     type of auxiliary density adopted = none                    
     type of core tool for poisson     = fft                     


     Allocating    16 extra bands for projection

     =-----------------------------------------------------------------=

     Please cite the TDDFPT project as:
       X. Ge, S. J. Binnie, D. Rocca, R. Gebauer, and S. Baroni,
       Comput. Phys. Commun. 185, 2080 (2014)
     in publications and presentations arising from this work.

     =-----------------------------------------------------------------=

     Virt read

     Gamma point algorithm
     Num of eigen values=             10
     Allocating parameters for davidson ...

     Estimating the RAM requirements:
          For the basis sets:         231.81     M
          For the eigenvectors:          20.61     M
          Num_eign =   10     Num_basis_max =  150
          Reference =  0.00  Ry
     Do make sure that you have enough RAM.

     poor_of_ram2 is set to .false.. This means that you would like to increase the speed 
     by storing the D_basis and C_basis vectors which will cause three time of the memory cost.
     Switch it to .true. if you need to save memory.

     Finished allocating parameters.
     Initiating variables for davidson ...
     Lowest energy electron-hole pairs are used as initial vectors ...
     Calculating the electron-hole pairs for initiating trial vectors ...

              1         4         1           0.631965655851
              2         3         1           0.631971270791
              3         2         1           0.631972249748
              4         4         2           0.726707827541
              5         3         2           0.726713442481
              6         2         2           0.726714421438
              7         4         3           0.739807096953
              8         4         4           0.739807392684
              9         4         5           0.739808124043
             10         3         3           0.739812711893
             11         3         4           0.739813007624
             12         2         3           0.739813690850
             13         3         5           0.739813738982
             14         2         4           0.739813986581
             15         2         5           0.739814717940
             16         4         6           0.749332668319
             17         4         7           0.749333207363
             18         3         6           0.749338283259
             19         3         7           0.749338822303
             20         2         6           0.749339262216
             21         2         7           0.749339801260
             22         4         8           0.806778802316
             23         4         9           0.806778928432
             24         4        10           0.806779649117
             25         3         8           0.806784417256
             26         3         9           0.806784543372
             27         3        10           0.806785264056
             28         2         8           0.806785396213
             29         2         9           0.806785522329
             30         2        10           0.806786243014
             31         4        11           0.834346456547
             32         4        12           0.834348168881
             33         3        11           0.834352071486
             34         2        11           0.834353050444
             35         3        12           0.834353783821
             36         2        12           0.834354762778
             37         4        13           0.834372625521
             38         3        13           0.834378240461
             39         2        13           0.834379219418
             40         4        14           0.844108493861
     Finished calculating the cv couples.
     Finished initiating.

     Precondition is used in the algorithm,

     total cpu time spent up to now is        1.1 secs

       ==============================

       Davidson iteration:        1
       num of basis:   20   total built basis:   20
        20     Transition energy    1  :                  0.6337931217
        20     Transition energy    2  :                  0.6337961548
        20     Transition energy    3  :                  0.6338085526
        20     Transition energy    4  :                  0.7308316161
        20     Transition energy    5  :                  0.7308358329
        20     Transition energy    6  :                  0.7308534340
        20     Transition energy    7  :                  0.7373817771
        20     Transition energy    8  :                  0.7373845390
        20     Transition energy    9  :                  0.7374241060
        20     Transition energy   10  :                  0.7374292201
     Residue(Squared modulus):    1        0.0090597      0.0000003
     Residue(Squared modulus):    2        0.0090596      0.0000003
     Residue(Squared modulus):    3        0.0090856      0.0000003
     Residue(Squared modulus):    4        0.0107806      0.0000005
     Residue(Squared modulus):    5        0.0107809      0.0000005
     Residue(Squared modulus):    6        0.0108481      0.0000005
     Residue(Squared modulus):    7        0.0014737      0.0000006
     Residue(Squared modulus):    8        0.0014629      0.0000011
     Residue(Squared modulus):    9        0.0064020      0.0000006
     Residue(Squared modulus):   10        0.0064208      0.0000007
       Largest residue:           0.010848104106

     total cpu time spent up to now is        5.6 secs

       ==============================

       Davidson iteration:        2
       num of basis:   30   total built basis:   30
        30     Transition energy    1  :                  0.6324100960
        30     Transition energy    2  :                  0.6324142643
        30     Transition energy    3  :                  0.6324358831
        30     Transition energy    4  :                  0.7291830704
        30     Transition energy    5  :                  0.7291877429
        30     Transition energy    6  :                  0.7292124313
        30     Transition energy    7  :                  0.7364019079
        30     Transition energy    8  :                  0.7364058909
        30     Transition energy    9  :                  0.7366896796
        30     Transition energy   10  :                  0.7370284377
     Residue(Squared modulus):    1        0.0007664      0.0002674
     Residue(Squared modulus):    2        0.0007651      0.0002675
     Residue(Squared modulus):    3        0.0007538      0.0002925
     Residue(Squared modulus):    4        0.0010091      0.0004416
     Residue(Squared modulus):    5        0.0010078      0.0004444
     Residue(Squared modulus):    6        0.0009924      0.0004688
     Residue(Squared modulus):    7        0.0002230      0.0002754
     Residue(Squared modulus):    8        0.0002234      0.0002779
     Residue(Squared modulus):    9        0.0018397      0.0004393
     Residue(Squared modulus):   10        0.0001654      0.0002815
       Largest residue:           0.001839706128

     total cpu time spent up to now is        8.0 secs

       ==============================

       Davidson iteration:        3
       num of basis:   50   total built basis:   50
        50     Transition energy    1  :                  0.6322767794
        50     Transition energy    2  :                  0.6322817367
        50     Transition energy    3  :                  0.6322837789
        50     Transition energy    4  :                  0.7289700185
        50     Transition energy    5  :                  0.7289732423
        50     Transition energy    6  :                  0.7289855019
        50     Transition energy    7  :                  0.7362786379
        50     Transition energy    8  :                  0.7362807549
        50     Transition energy    9  :                  0.7363140332
        50     Transition energy   10  :                  0.7369191551
     Residue(Squared modulus):    1        0.0000433      0.0000521
     Residue(Squared modulus):    2        0.0000423      0.0000506
     Residue(Squared modulus):    3        0.0000449      0.0000589
     Residue(Squared modulus):    4        0.0000808      0.0000871
     Residue(Squared modulus):    5        0.0000810      0.0000881
     Residue(Squared modulus):    6        0.0000877      0.0000993
     Residue(Squared modulus):    7        0.0001082      0.0000897
     Residue(Squared modulus):    8        0.0001101      0.0000904
     Residue(Squared modulus):    9        0.0001123      0.0002871
     Residue(Squared modulus):   10        0.0001067      0.0000956
       Largest residue:           0.000287141564

     total cpu time spent up to now is       11.7 secs

       ==============================

       Davidson iteration:        4
       num of basis:   55   total built basis:   55
        55     Transition energy    1  :                  0.6322761156
        55     Transition energy    2  :                  0.6322811557
        55     Transition energy    3  :                  0.6322828192
        55     Transition energy    4  :                  0.7289698985
        55     Transition energy    5  :                  0.7289729249
        55     Transition energy    6  :                  0.7289839082
        55     Transition energy    7  :                  0.7362540942
        55     Transition energy    8  :                  0.7362558219
        55     Transition energy    9  :                  0.7362613397
        55     Transition energy   10  :                  0.7368616765
     Residue(Squared modulus):    1        0.0000378      0.0000420
     Residue(Squared modulus):    2        0.0000365      0.0000397
     Residue(Squared modulus):    3        0.0000413      0.0000522
     Residue(Squared modulus):    4        0.0000803      0.0000810
     Residue(Squared modulus):    5        0.0000812      0.0000831
     Residue(Squared modulus):    6        0.0000895      0.0000960
     Residue(Squared modulus):    7        0.0000214      0.0000393
     Residue(Squared modulus):    8        0.0000223      0.0000387
     Residue(Squared modulus):    9        0.0000384      0.0000359
     Residue(Squared modulus):   10        0.0000463      0.0000582
       Largest residue:           0.000095990538

       ================================================================

       Davidson diagonalization has finished in    4 steps.
          the number of current basis is   55
          the number of total basis built is   55

       Now print out information of eigenstates


     K-S Oscillator strengths
     occ con        R-x              R-y              R-z
       1   1     0.35063369E-05    0.48621568E-05   -0.17335755E-05
       1   2    -0.36566661E-05    0.43823221E-07   -0.99172608E-06
       1   3    -0.34285629E-01   -0.30263615E-01   -0.36906367E-01
       1   4     0.76778415E-02   -0.48326615E-01    0.32511833E-01
       1   5    -0.47107669E-01    0.14184408E-01    0.32172722E-01
       1   6    -0.16803447E-05    0.34739684E-05   -0.54436967E-05
       1   7     0.29365938E-05   -0.12922762E-04    0.27671108E-05
       1   8     0.36674758E-01    0.45177651E-01   -0.25477990E-01
       1   9     0.45775486E-01   -0.42851842E-01   -0.10104260E-01
       1  10    -0.24384541E-01   -0.12476519E-01   -0.57315773E-01
       1  11     0.35410575E-01   -0.37003279E-01   -0.45433540E-01
       1  12    -0.56748470E-01   -0.85315534E-02   -0.37220818E-01
       1  13    -0.14526525E-01   -0.56994586E-01    0.35207734E-01
       1  14    -0.23528844E-04    0.11916013E-03   -0.20342325E-03
       1  15     0.21788193E-03    0.17680563E-03    0.12271208E-03
       2   1     0.26770827E-01    0.30689004E+00    0.28985366E+00
       2   2     0.22608315E-01    0.26041112E+00    0.24597357E+00
       2   3     0.35031933E-01    0.18963063E-01    0.19680930E-01
       2   4     0.70640417E-02   -0.53975112E-02   -0.18539591E-02
       2   5    -0.24227071E-01    0.22590289E-01    0.24213577E-01
       2   6    -0.88906153E-02   -0.69014068E-01    0.16151305E+00
       2   7    -0.12161652E-01    0.15745348E+00   -0.17781212E-01
       2   8     0.11108784E+00    0.20937711E+00    0.26212625E+00
       2   9    -0.32666259E+00    0.27355350E+00    0.27130191E+00
       2  10    -0.44628289E+00   -0.18096319E+00   -0.16424480E+00
       2  11     0.19647837E-01   -0.72741461E-02   -0.79379274E-02
       2  12     0.11622378E-01    0.14201635E-01    0.13931139E-01
       2  13     0.49269680E-02    0.33098689E-02    0.59222323E-02
       2  14     0.16162513E-01    0.19492377E+00    0.18421230E+00
       2  15     0.14067830E-02    0.16836295E+00   -0.14167797E+00
       3   1     0.36610785E+00    0.12783446E+00   -0.16895486E+00
       3   2     0.31061307E+00    0.10844929E+00   -0.14345928E+00
       3   3    -0.74852128E-03    0.13382615E-01    0.27013617E-01
       3   4    -0.21612588E-01   -0.18510829E-01    0.29188769E-01
       3   5    -0.28708735E-02   -0.34389820E-01    0.19002475E-02
       3   6    -0.12165789E+00   -0.28747019E-01   -0.94179920E-01
       3   7    -0.16494160E+00    0.65489032E-01    0.10347303E-01
       3   8    -0.22918283E+00   -0.32660698E+00    0.44652537E+00
       3   9     0.12530464E+00   -0.24063988E+00   -0.20688088E+00
       3  10    -0.10945032E+00   -0.35487782E+00   -0.16186306E+00
       3  11    -0.40708786E-03    0.17998689E-01    0.72165792E-02
       3  12     0.32649061E-02    0.43991425E-02    0.77639679E-02
       3  13    -0.10825341E-01   -0.11188023E-01    0.17815996E-01
       3  14     0.23218635E+00    0.80768172E-01   -0.10772452E+00
       3  15    -0.18227396E-01    0.68984742E-01    0.86737011E-01
       4   1    -0.21030411E+00    0.26163569E+00   -0.25744496E+00
       4   2    -0.17826001E+00    0.22195640E+00   -0.21835024E+00
       4   3     0.30989686E-02   -0.28844591E-01    0.44643778E-02
       4   4    -0.36609472E-01    0.15442195E-01   -0.21316648E-01
       4   5    -0.86583494E-02   -0.91594024E-02    0.26932701E-01
       4   6     0.69823412E-01   -0.58768805E-01   -0.14350486E+00
       4   7     0.94935564E-01    0.13402921E+00    0.16084534E-01
       4   8    -0.38489990E+00   -0.85988538E-01    0.20594462E-02
       4   9     0.17647857E+00   -0.20314628E+00    0.44150967E+00
       4  10    -0.24786651E+00    0.38528919E+00   -0.78742114E-01
       4  11     0.17517920E-02   -0.20625558E-03   -0.13726298E-01
       4  12     0.71346334E-02   -0.18384147E-01    0.10858857E-01
       4  13    -0.15932073E-01    0.20689639E-02   -0.62495346E-02
       4  14    -0.13339557E+00    0.16707905E+00   -0.16382080E+00
       4  15     0.93447674E-02    0.13988662E+00    0.12769520E+00

       ! The    1 -th eigen state. The transition energy is:        0.63227612

     The two digitals below indicate the importance of doing beyong TDA: 

     Components: X       1.00014;    Y      -0.00014

     In the occ-virt project subspace the total Fxy is:

     X       0.99933;    Y      -0.00002    total       0.99932  /      1.00000

     The Chi_i_i is     Total          1               2               3

                     0.35679090E-01    0.10390003E-01    0.10131967E-01    0.15157120E-01

     Now is the components analysis of this transition.

     First we print out only the principle components.

     occ     virt       FX              FY

       4    1        0.99351       -0.00025

     Now for all the calculated particle and hole pairs : 

     occ     virt       FX              FY

       1    1      0.25729253E-05      0.63763326E-06
       1    2      0.52223781E-06     -0.10165011E-07
       1    3     -0.11749993E-02     -0.34386822E-03
       1    4      0.23799452E-02      0.66784714E-03
       1    5     -0.59404161E-03     -0.15582729E-03
       1    6      0.14068732E-05     -0.12035330E-06
       1    7     -0.70124916E-06     -0.54579780E-06
       1    8      0.14311362E-02      0.46582018E-03
       1    9     -0.27851657E-02     -0.91345346E-03
       1   10      0.29701310E-02      0.96457757E-03
       1   11      0.42971617E-03      0.12496640E-03
       1   12     -0.20848248E-02     -0.69385016E-03
       1   13      0.18745468E-02      0.61102228E-03
       1   14     -0.84727534E-06     -0.62519628E-06
       1   15     -0.50991841E-05     -0.14134100E-05
       2    1     -0.93994794E-01      0.23175273E-04
       2    2      0.25478818E-02      0.17716860E-03
       2    3     -0.14344280E-02     -0.11240084E-03
       2    4     -0.36564524E-03     -0.28616031E-04
       2    5      0.61508118E-03      0.48950027E-04
       2    6     -0.91122454E-02     -0.77193381E-03
       2    7      0.48966593E-02      0.62204059E-03
       2    8     -0.17323966E-02     -0.21385297E-03
       2    9      0.23022703E-02      0.26233434E-03
       2   10      0.37390778E-02      0.45261477E-03
       2   11     -0.13846222E-03      0.46284575E-04
       2   12     -0.16111856E-03      0.47285239E-04
       2   13     -0.81794806E-04      0.22740816E-04
       2   14      0.11460827E-02      0.19415045E-03
       2   15      0.45621357E-02      0.69090924E-03
       3    1     -0.45506836E-01      0.11075894E-04
       3    2      0.12326830E-02      0.85660419E-04
       3    3     -0.66634900E-03     -0.52224470E-04
       3    4     -0.11513341E-02     -0.90086908E-04
       3    5     -0.11813459E-02     -0.92851803E-04
       3    6      0.74263495E-02      0.62907594E-03
       3    7      0.77903633E-02      0.65983553E-03
       3    8     -0.54020495E-02     -0.61069276E-03
       3    9     -0.10393717E-02     -0.10802845E-03
       3   10     -0.53979688E-03     -0.37340054E-04
       3   11      0.44636879E-04     -0.22459327E-04
       3   12     -0.89155615E-04      0.32710213E-04
       3   13     -0.18844666E-03      0.69625674E-04
       3   14      0.62323408E-03      0.97147394E-04
       3   15     -0.15239991E-03     -0.26407735E-04
       4    1      0.99350913E+00     -0.24870010E-03
       4    2     -0.26958364E-01     -0.18737368E-02
       4    3     -0.13450201E-02     -0.10501927E-03
       4    4      0.27849166E-02      0.21793016E-03
       4    5     -0.11932381E-02     -0.93688271E-04
       4    6      0.16286590E-02      0.13781650E-03
       4    7      0.65041995E-03      0.54756075E-04
       4    8      0.23978904E-02      0.29717066E-03
       4    9     -0.76122725E-02     -0.88421632E-03
       4   10      0.61458978E-02      0.69638528E-03
       4   11      0.14865263E-03     -0.43118229E-04
       4   12     -0.31630092E-03      0.10166068E-03
       4   13      0.25827531E-03     -0.89045517E-04
       4   14     -0.13280978E-01     -0.21289597E-02
       4   15     -0.20376957E-03     -0.43789722E-04

       **************


       ! The    2 -th eigen state. The transition energy is:        0.63228116

     The two digitals below indicate the importance of doing beyong TDA: 

     Components: X       1.00014;    Y      -0.00014

     In the occ-virt project subspace the total Fxy is:

     X       0.99932;    Y      -0.00002    total       0.99930  /      1.00000

     The Chi_i_i is     Total          1               2               3

                     0.35673895E-01    0.24589223E-01    0.15562961E-02    0.95283765E-02

     Now is the components analysis of this transition.

     First we print out only the principle components.

     occ     virt       FX              FY

       2    1        0.15020       -0.00004
       3    1       -0.98713        0.00025

     Now for all the calculated particle and hole pairs : 

     occ     virt       FX              FY

       1    1      0.18119806E-06      0.47339484E-06
       1    2     -0.95513640E-07      0.41965061E-06
       1    3     -0.70866147E-03     -0.20459359E-03
       1    4     -0.92907916E-03     -0.26761408E-03
       1    5     -0.24446995E-02     -0.69298985E-03
       1    6     -0.10529672E-06      0.37453843E-06
       1    7      0.95393912E-06     -0.46941060E-06
       1    8     -0.35896746E-02     -0.11727979E-02
       1    9     -0.23160276E-02     -0.76173179E-03
       1   10     -0.45946411E-03     -0.15288092E-03
       1   11      0.18803448E-02      0.61966755E-03
       1   12     -0.12112022E-02     -0.40290224E-03
       1   13     -0.17220917E-02     -0.57519561E-03
       1   14      0.25428077E-05      0.10388302E-05
       1   15     -0.20521711E-04     -0.81924773E-05
       2    1      0.15020086E+00     -0.37512776E-04
       2    2     -0.40735791E-02     -0.28315175E-03
       2    3     -0.15235733E-02     -0.11930876E-03
       2    4     -0.37727348E-03     -0.29556459E-04
       2    5      0.18765040E-02      0.14682860E-03
       2    6      0.69957549E-02      0.59260318E-03
       2    7     -0.14508116E-02     -0.19388581E-03
       2    8     -0.52100492E-04      0.37286314E-05
       2    9      0.52583075E-02      0.64845681E-03
       2   10      0.49126123E-02      0.58934708E-03
       2   11     -0.31908371E-03      0.10801162E-03
       2   12     -0.90482333E-04      0.25075359E-04
       2   13     -0.40757567E-04      0.10665638E-04
       2   14     -0.20338194E-02     -0.32229949E-03
       2   15     -0.26796111E-02     -0.41041307E-03
       3    1     -0.98713440E+00      0.24654313E-03
       3    2      0.26782716E-01      0.18615671E-02
       3    3      0.78212209E-03      0.60872345E-04
       3    4      0.24470801E-02      0.19190566E-03
       3    5      0.69544608E-03      0.54604774E-04
       3    6      0.38792007E-02      0.32872980E-03
       3    7      0.85720188E-02      0.72616991E-03
       3    8      0.74606264E-02      0.88622206E-03
       3    9     -0.23552944E-02     -0.29463203E-03
       3   10      0.13246038E-02      0.13975973E-03
       3   11     -0.10477404E-04     -0.53751835E-05
       3   12      0.30908004E-04     -0.76112907E-05
       3   13      0.36347900E-03     -0.11876291E-03
       3   14      0.13162490E-01      0.21108766E-02
       3   15      0.10661842E-02      0.16301418E-03
       4    1     -0.31007414E-01      0.79961536E-05
       4    2      0.84295015E-03      0.58650519E-04
       4    3      0.37914569E-03      0.29667952E-04
       4    4      0.10739274E-02      0.84015444E-04
       4    5      0.15100066E-02      0.11869342E-03
       4    6     -0.79700757E-02     -0.67506620E-03
       4    7     -0.65517899E-02     -0.55483035E-03
       4    8      0.51359320E-02      0.61450699E-03
       4    9      0.19317426E-02      0.22600645E-03
       4   10      0.11596359E-02      0.15950420E-03
       4   11     -0.14494734E-03      0.49249737E-04
       4   12      0.63920367E-04     -0.21389814E-04
       4   13      0.18469289E-03     -0.67990598E-04
       4   14      0.39490678E-03      0.63114271E-04
       4   15      0.71108276E-03      0.10555734E-03

       **************


       ! The    3 -th eigen state. The transition energy is:        0.63228282

     The two digitals below indicate the importance of doing beyong TDA: 

     Components: X       1.00014;    Y      -0.00014

     In the occ-virt project subspace the total Fxy is:

     X       0.99935;    Y      -0.00002    total       0.99933  /      1.00000

     The Chi_i_i is     Total          1               2               3

                     0.35646853E-01    0.69556117E-03    0.23965510E-01    0.10985782E-01

     Now is the components analysis of this transition.

     First we print out only the principle components.

     occ     virt       FX              FY

       2    1        0.98314       -0.00025
       3    1        0.14647       -0.00004

     Now for all the calculated particle and hole pairs : 

     occ     virt       FX              FY

       1    1      0.13575609E-05      0.56308219E-06
       1    2     -0.34355684E-06      0.35138988E-07
       1    3      0.23988931E-02      0.65628129E-03
       1    4      0.10136932E-02      0.26863435E-03
       1    5     -0.11516393E-02     -0.30044135E-03
       1    6      0.79082560E-06     -0.66125019E-06
       1    7      0.48735918E-05     -0.30071016E-06
       1    8      0.19212022E-02      0.62639623E-03
       1    9     -0.23409719E-02     -0.77943386E-03
       1   10     -0.30695773E-02     -0.10164491E-02
       1   11      0.21991298E-02      0.69037447E-03
       1   12      0.14920967E-02      0.48770743E-03
       1   13      0.12655310E-02      0.39826453E-03
       1   14     -0.82868956E-05     -0.28779125E-05
       1   15      0.32122631E-04      0.12023294E-04
       2    1      0.98314429E+00     -0.24609661E-03
       2    2     -0.26674253E-01     -0.18537614E-02
       2    3      0.20949618E-02      0.16428509E-03
       2    4     -0.29971265E-03     -0.23709812E-04
       2    5      0.19102707E-02      0.14910355E-03
       2    6      0.21336055E-02      0.18059430E-03
       2    7      0.57515236E-02      0.72349769E-03
       2    8      0.50881436E-02      0.61012221E-03
       2    9      0.49757746E-02      0.59761389E-03
       2   10     -0.46187293E-02     -0.54707346E-03
       2   11     -0.91069341E-04      0.36277781E-04
       2   12      0.28140358E-03     -0.11387950E-03
       2   13      0.71818432E-04     -0.27607662E-04
       2   14     -0.13330710E-01     -0.21133591E-02
       2   15      0.14196043E-02      0.20868181E-03
       3    1      0.14646596E+00     -0.36670237E-04
       3    2     -0.39759122E-02     -0.27632417E-03
       3    3      0.17240061E-02      0.13509921E-03
       3    4     -0.13920544E-03     -0.10943034E-04
       3    5     -0.18584247E-02     -0.14552680E-03
       3    6     -0.61689950E-02     -0.52260027E-03
       3    7      0.24206063E-02      0.20481417E-03
       3    8     -0.10487790E-02     -0.81701422E-04
       3    9     -0.45486231E-02     -0.53921646E-03
       3   10     -0.61145138E-02     -0.71486056E-03
       3   11      0.22024069E-03     -0.98395262E-04
       3   12      0.13108026E-03     -0.37885514E-04
       3   13     -0.47262432E-04      0.56396204E-05
       3   14     -0.19389344E-02     -0.31271227E-03
       3   15      0.26157718E-02      0.38512994E-03
       4    1      0.99738939E-01     -0.25361332E-04
       4    2     -0.27094219E-02     -0.18822832E-03
       4    3     -0.13840264E-02     -0.10838466E-03
       4    4     -0.28340288E-03     -0.22200664E-04
       4    5      0.40147670E-03      0.32117257E-04
       4    6     -0.78443925E-02     -0.66449475E-03
       4    7      0.87721814E-02      0.74267684E-03
       4    8     -0.18960709E-02     -0.21546321E-03
       4    9      0.13593624E-02      0.19544388E-03
       4   10      0.37986114E-02      0.42730291E-03
       4   11     -0.99305416E-04      0.42325257E-04
       4   12     -0.11284506E-03      0.38557047E-04
       4   13     -0.10285009E-03      0.21081402E-04
       4   14     -0.14505451E-02     -0.21948568E-03
       4   15      0.48910916E-02      0.72215412E-03

       **************


       ! The    4 -th eigen state. The transition energy is:        0.72896990

     The two digitals below indicate the importance of doing beyong TDA: 

     Components: X       1.00014;    Y      -0.00014

     In the occ-virt project subspace the total Fxy is:

     X       0.99894;    Y      -0.00001    total       0.99892  /      1.00000

     The Chi_i_i is     Total          1               2               3

                     0.27042793E-01    0.12181576E-01    0.15773498E-03    0.14703481E-01

     Now is the components analysis of this transition.

     First we print out only the principle components.

     occ     virt       FX              FY

       2    2        0.49035       -0.00076
       3    2        0.26226       -0.00041
       4    2       -0.82831        0.00129

     Now for all the calculated particle and hole pairs : 

     occ     virt       FX              FY

       1    1     -0.20658406E-06     -0.29216187E-06
       1    2      0.98448879E-06      0.10292213E-06
       1    3      0.33801268E-02      0.72886094E-03
       1    4     -0.23057056E-02     -0.50204126E-03
       1    5      0.62538938E-03      0.13591631E-03
       1    6     -0.63531266E-06     -0.27264303E-06
       1    7      0.31155669E-05      0.40576146E-06
       1    8      0.21739823E-03      0.54850087E-04
       1    9      0.24999644E-02      0.63764208E-03
       1   10     -0.54217337E-02     -0.13844357E-02
       1   11      0.39599762E-03      0.99308599E-04
       1   12      0.37293659E-02      0.95077577E-03
       1   13     -0.11417582E-02     -0.29215500E-03
       1   14     -0.36722051E-05     -0.94309923E-06
       1   15      0.29128786E-04      0.83808882E-05
       2    1      0.12348323E-01     -0.88071539E-03
       2    2      0.49034504E+00     -0.76144094E-03
       2    3     -0.11364371E-01     -0.83903355E-04
       2    4     -0.11132008E-02     -0.83662827E-05
       2    5     -0.18929193E-03     -0.22071339E-05
       2    6      0.23521329E-01      0.32389597E-03
       2    7     -0.11211240E-02     -0.99344830E-04
       2    8      0.10211868E-02      0.10812462E-04
       2    9     -0.29676000E-03     -0.10731691E-05
       2   10     -0.17224286E-02     -0.11638585E-04
       2   11      0.20049128E-03     -0.73323138E-04
       2   12      0.40630416E-03     -0.16799489E-03
       2   13      0.16312796E-03     -0.60711319E-04
       2   14     -0.91814617E-02     -0.99285258E-03
       2   15     -0.29910945E-02     -0.31525536E-03
       3    1      0.66101257E-02     -0.47126476E-03
       3    2      0.26225834E+00     -0.40739082E-03
       3    3     -0.56374706E-02     -0.41588048E-04
       3    4     -0.25429970E-02     -0.18969849E-04
       3    5     -0.48121387E-03     -0.32778647E-05
       3    6     -0.29688861E-01     -0.40883017E-03
       3    7     -0.21506617E-01     -0.29609694E-03
       3    8      0.11262296E-02      0.58937242E-05
       3    9     -0.77273600E-04     -0.45030409E-05
       3   10     -0.51570040E-03     -0.74792320E-05
       3   11      0.86811051E-04     -0.38491067E-04
       3   12      0.19947836E-03     -0.76894937E-04
       3   13      0.16757150E-03     -0.64340494E-04
       3   14     -0.49018093E-02     -0.52944981E-03
       3   15      0.11060372E-02      0.11561889E-03
       4    1     -0.20965724E-01      0.14953668E-02
       4    2     -0.82831203E+00      0.12900939E-02
       4    3     -0.23382514E-02     -0.17460537E-04
       4    4      0.12557799E-01      0.92986160E-04
       4    5     -0.44828758E-02     -0.32858878E-04
       4    6     -0.10872139E-01     -0.14960150E-03
       4    7      0.13101645E-01      0.18042597E-03
       4    8     -0.10297256E-02     -0.12070981E-04
       4    9      0.22010688E-02      0.16959336E-04
       4   10     -0.13880452E-02     -0.24308696E-05
       4   11     -0.21242360E-03      0.84466070E-04
       4   12      0.33401242E-03     -0.12269118E-03
       4   13     -0.45627204E-03      0.17146858E-03
       4   14      0.15458647E-01      0.16821428E-02
       4   15      0.21992966E-02      0.23878228E-03

       **************


       ! The    5 -th eigen state. The transition energy is:        0.72897292

     The two digitals below indicate the importance of doing beyong TDA: 

     Components: X       1.00014;    Y      -0.00014

     In the occ-virt project subspace the total Fxy is:

     X       0.99894;    Y      -0.00001    total       0.99892  /      1.00000

     The Chi_i_i is     Total          1               2               3

                     0.27042050E-01    0.14675615E-01    0.45439817E-04    0.12320995E-01

     Now is the components analysis of this transition.

     First we print out only the principle components.

     occ     virt       FX              FY

       2    2       -0.44475        0.00069
       3    2        0.89279       -0.00139

     Now for all the calculated particle and hole pairs : 

     occ     virt       FX              FY

       1    1      0.15592593E-05     -0.30208931E-06
       1    2      0.22419758E-05     -0.10205962E-06
       1    3     -0.11685855E-03     -0.13881213E-04
       1    4      0.95647691E-03      0.21854396E-03
       1    5      0.40924434E-02      0.87264289E-03
       1    6      0.84980651E-06     -0.16868465E-06
       1    7     -0.51963989E-05      0.55021718E-06
       1    8      0.39482991E-02      0.10133143E-02
       1    9      0.40258612E-02      0.10277364E-02
       1   10      0.20253107E-02      0.51757686E-03
       1   11     -0.34005055E-02     -0.84984927E-03
       1   12      0.91353094E-03      0.23506276E-03
       1   13      0.17945464E-02      0.46853123E-03
       1   14      0.15197127E-05      0.21427112E-06
       1   15      0.10587290E-04      0.43556050E-05
       2    1     -0.11230712E-01      0.80101480E-03
       2    2     -0.44475050E+00      0.69155992E-03
       2    3     -0.35407063E-02     -0.26204780E-04
       2    4     -0.20546089E-02     -0.15081582E-04
       2    5      0.10949041E-01      0.81056080E-04
       2    6     -0.22518014E-01     -0.31004152E-03
       2    7     -0.38096645E-03     -0.80272349E-05
       2    8     -0.47412921E-03     -0.12906530E-04
       2    9     -0.18652766E-02     -0.23298129E-04
       2   10     -0.85774292E-03     -0.11074562E-04
       2   11      0.46754060E-03     -0.20082258E-03
       2   12      0.33905460E-04      0.23525974E-04
       2   13      0.28752420E-04     -0.59268180E-06
       2   14      0.85134686E-02      0.90623210E-03
       2   15      0.21687962E-02      0.24114625E-03
       3    1      0.22553337E-01     -0.16084106E-02
       3    2      0.89279402E+00     -0.13889993E-02
       3    3      0.59331893E-02      0.44132750E-04
       3    4      0.10727628E-01      0.79040989E-04
       3    5      0.44251684E-03      0.34390817E-05
       3    6     -0.49623726E-02     -0.68376349E-04
       3    7     -0.26218255E-01     -0.36094111E-03
       3    8     -0.18664180E-02     -0.17018905E-04
       3    9      0.11060133E-02      0.12876014E-04
       3   10      0.23744868E-03      0.10117409E-04
       3   11     -0.36895582E-04      0.65151973E-04
       3   12     -0.10606437E-03      0.35252320E-04
       3   13     -0.52214284E-03      0.19739795E-03
       3   14     -0.16720081E-01     -0.18100505E-02
       3   15     -0.18277195E-02     -0.18956937E-03
       4    1      0.48981051E-03     -0.35095882E-04
       4    2      0.19382373E-01     -0.30286139E-04
       4    3     -0.17936074E-03     -0.13008688E-05
       4    4      0.41149441E-02      0.30464822E-04
       4    5      0.73084123E-02      0.53358657E-04
       4    6      0.30056470E-01      0.41369987E-03
       4    7      0.10717122E-01      0.14754541E-03
       4    8     -0.12019194E-02     -0.13551685E-04
       4    9     -0.61960148E-03     -0.88100165E-05
       4   10     -0.70239256E-03     -0.13181448E-04
       4   11      0.23538791E-03     -0.10662872E-03
       4   12     -0.86265790E-04      0.15902224E-04
       4   13     -0.18850145E-03      0.97686437E-04
       4   14     -0.24286725E-03     -0.33520300E-04
       4   15     -0.22190422E-02     -0.22463591E-03

       **************


       ! The    6 -th eigen state. The transition energy is:        0.72898391

     The two digitals below indicate the importance of doing beyong TDA: 

     Components: X       1.00014;    Y      -0.00014

     In the occ-virt project subspace the total Fxy is:

     X       0.99896;    Y      -0.00002    total       0.99894  /      1.00000

     The Chi_i_i is     Total          1               2               3

                     0.26795838E-01    0.18596463E-03    0.26585942E-01    0.23931534E-04

     Now is the components analysis of this transition.

     First we print out only the principle components.

     occ     virt       FX              FY

       2    2       -0.74660        0.00117
       3    2       -0.35985        0.00056
       4    2       -0.55617        0.00087

     Now for all the calculated particle and hole pairs : 

     occ     virt       FX              FY

       1    1      0.11578704E-05     -0.62796726E-07
       1    2      0.38284124E-05      0.71598873E-06
       1    3     -0.25330696E-02     -0.52181458E-03
       1    4     -0.33456819E-02     -0.71234090E-03
       1    5      0.92572139E-03      0.16896711E-03
       1    6     -0.20297323E-05      0.88518673E-06
       1    7     -0.99917459E-05      0.29867983E-06
       1    8     -0.45375299E-02     -0.11492791E-02
       1    9      0.38198464E-02      0.97014515E-03
       1   10      0.15529443E-02      0.40174160E-03
       1   11     -0.21638130E-02     -0.51145012E-03
       1   12     -0.83919152E-03     -0.20541842E-03
       1   13     -0.32974135E-02     -0.82629805E-03
       1   14      0.13206335E-04      0.35784582E-05
       1   15     -0.44288732E-04     -0.12626584E-04
       2    1     -0.19018182E-01      0.13563298E-02
       2    2     -0.74659978E+00      0.11663926E-02
       2    3      0.65488983E-02      0.48250172E-04
       2    4     -0.13596613E-02     -0.98310174E-05
       2    5      0.58873388E-02      0.43341978E-04
       2    6      0.12412055E-01      0.17087418E-03
       2    7     -0.57755596E-02     -0.47391489E-03
       2    8     -0.13936530E-02     -0.14971917E-04
       2    9     -0.17194926E-02     -0.38693009E-05
       2   10      0.13116025E-02      0.10944219E-04
       2   11      0.58712429E-04     -0.51048773E-04
       2   12     -0.22419032E-03      0.14703147E-03
       2   13     -0.44763510E-04      0.29086474E-04
       2   14      0.14380621E-01      0.15258490E-02
       2   15     -0.41282961E-02     -0.40867257E-03
       3    1     -0.91652526E-02      0.65366549E-03
       3    2     -0.35984515E+00      0.56253656E-03
       3    3      0.45097087E-02      0.33143212E-04
       3    4     -0.54702772E-02     -0.40335925E-04
       3    5     -0.10493840E-01     -0.77386005E-04
       3    6      0.82350716E-02      0.11338062E-03
       3    7     -0.99954409E-02     -0.13732038E-03
       3    8      0.25192220E-02     -0.34635382E-06
       3    9      0.18027431E-02      0.25302347E-04
       3   10      0.25604553E-02      0.16000552E-04
       3   11     -0.20371241E-03      0.17416524E-03
       3   12     -0.97808014E-04      0.31478897E-04
       3   13      0.36811836E-03     -0.11587885E-03
       3   14      0.66897148E-02      0.72944365E-03
       3   15     -0.19432789E-02     -0.18613410E-03
       4    1     -0.14234443E-01      0.10152900E-02
       4    2     -0.55616665E+00      0.87149737E-03
       4    3     -0.86579609E-02     -0.63974181E-04
       4    4      0.32232924E-02      0.23877001E-04
       4    5     -0.26630611E-02     -0.20159063E-04
       4    6      0.11175239E-01      0.15383144E-03
       4    7     -0.27714087E-01     -0.38080759E-03
       4    8      0.69727505E-03     -0.14742312E-05
       4    9      0.15545178E-02      0.12715653E-05
       4   10     -0.28784479E-02     -0.16494903E-04
       4   11     -0.10329527E-03     -0.10789057E-04
       4   12      0.33289307E-03     -0.15828984E-03
       4   13      0.31662966E-04      0.97953568E-05
       4   14      0.10588271E-01      0.11340673E-02
       4   15     -0.40218729E-02     -0.38892252E-03

       **************


       ! The    7 -th eigen state. The transition energy is:        0.73625409

     The two digitals below indicate the importance of doing beyong TDA: 

     Components: X       1.00008;    Y      -0.00008

     In the occ-virt project subspace the total Fxy is:

     X       0.99899;    Y      -0.00001    total       0.99898  /      1.00000

     The Chi_i_i is     Total          1               2               3

                     0.22720961E-02    0.82330781E-03    0.12677846E-03    0.13220098E-02

     Now is the components analysis of this transition.

     First we print out only the principle components.

     occ     virt       FX              FY

       2    3        0.51780        0.00125
       3    3        0.27727        0.00067
       3    4        0.22019        0.00053
       3    5        0.11988        0.00029
       4    3        0.19706        0.00047
       4    4       -0.68186       -0.00164
       4    5        0.28513        0.00069

     Now for all the calculated particle and hole pairs : 

     occ     virt       FX              FY

       1    1     -0.85846133E-07     -0.35211298E-06
       1    2     -0.22250203E-06     -0.37131209E-06
       1    3      0.23662894E-02      0.60121234E-03
       1    4     -0.23551478E-02     -0.57449650E-03
       1    5      0.41887850E-03      0.99931947E-04
       1    6     -0.30998166E-05      0.96328345E-07
       1    7      0.27859381E-05      0.10189433E-05
       1    8      0.64760255E-03      0.17387400E-03
       1    9     -0.24840042E-02     -0.66312776E-03
       1   10      0.45992504E-02      0.12259178E-02
       1   11      0.19219658E-03      0.66394203E-04
       1   12      0.26924896E-02      0.80050262E-03
       1   13     -0.14253640E-02     -0.40972151E-03
       1   14      0.88246747E-05      0.25688962E-05
       1   15     -0.86142562E-05     -0.25370596E-05
       2    1     -0.15062057E-02      0.11455439E-03
       2    2      0.77595777E-02     -0.50122199E-04
       2    3      0.51780481E+00      0.12472170E-02
       2    4      0.65680154E-01      0.15815485E-03
       2    5     -0.18713263E-01     -0.45794664E-04
       2    6     -0.39880279E-02     -0.35245906E-04
       2    7     -0.27718812E-02     -0.10996886E-04
       2    8      0.82999307E-02      0.47688643E-03
       2    9     -0.20218574E-02     -0.11385054E-03
       2   10     -0.13246935E-01     -0.76655944E-03
       2   11      0.30092415E-03      0.15275959E-03
       2   12      0.56333575E-03      0.30263132E-03
       2   13      0.17087468E-03      0.11862200E-03
       2   14     -0.97511796E-03     -0.10038636E-03
       2   15     -0.22568204E-02      0.11371570E-04
       3    1     -0.56240181E-03      0.43111923E-04
       3    2      0.29357843E-02     -0.19565744E-04
       3    3      0.27727284E+00      0.66802444E-03
       3    4      0.22019116E+00      0.53048024E-03
       3    5      0.11988435E+00      0.28933798E-03
       3    6      0.42033252E-02      0.37045401E-04
       3    7      0.30824301E-02      0.26673918E-04
       3    8      0.10551189E-01      0.59831094E-03
       3    9     -0.10888725E-02     -0.68301581E-04
       3   10     -0.40750767E-02     -0.24141466E-03
       3   11      0.96839484E-05      0.23545743E-04
       3   12      0.28128784E-03      0.15522348E-03
       3   13      0.50002630E-04      0.17533998E-03
       3   14     -0.47662611E-03     -0.45523438E-04
       3   15      0.55960667E-03     -0.62399171E-05
       4    1      0.36284486E-02     -0.27582565E-03
       4    2     -0.17039965E-01      0.11030046E-03
       4    3      0.19705629E+00      0.47344493E-03
       4    4     -0.68186368E+00     -0.16391069E-02
       4    5      0.28513128E+00      0.68696964E-03
       4    6      0.16997607E-02      0.14988020E-04
       4    7     -0.12399744E-02     -0.10887473E-04
       4    8     -0.79157665E-02     -0.45878559E-03
       4    9      0.18472508E-01      0.10603277E-02
       4   10     -0.11278713E-01     -0.63958376E-03
       4   11     -0.38820753E-03     -0.19324936E-03
       4   12      0.61385836E-03      0.32952752E-03
       4   13     -0.70030067E-03     -0.36120546E-03
       4   14      0.21937009E-02      0.21483853E-03
       4   15      0.10893563E-02     -0.10977938E-04

       **************


       ! The    8 -th eigen state. The transition energy is:        0.73625582

     The two digitals below indicate the importance of doing beyong TDA: 

     Components: X       1.00008;    Y      -0.00008

     In the occ-virt project subspace the total Fxy is:

     X       0.99898;    Y      -0.00001    total       0.99897  /      1.00000

     The Chi_i_i is     Total          1               2               3

                     0.22740979E-02    0.14400835E-02    0.14480084E-03    0.68921354E-03

     Now is the components analysis of this transition.

     First we print out only the principle components.

     occ     virt       FX              FY

       2    3       -0.35331       -0.00085
       2    5        0.44416        0.00107
       3    3        0.19524        0.00047
       3    4        0.61675        0.00148
       3    5        0.19249        0.00047
       4    3        0.11764        0.00028
       4    4        0.21972        0.00053
       4    5        0.38777        0.00093

     Now for all the calculated particle and hole pairs : 

     occ     virt       FX              FY

       1    1      0.48447502E-05      0.90425957E-06
       1    2      0.38479792E-05      0.88156420E-06
       1    3     -0.88025777E-03     -0.19586442E-03
       1    4     -0.13954710E-02     -0.32953987E-03
       1    5     -0.29344278E-02     -0.74784213E-03
       1    6     -0.63559147E-05     -0.15229204E-05
       1    7     -0.87288207E-05     -0.10902974E-05
       1    8      0.44992691E-02      0.12041811E-02
       1    9      0.26183606E-02      0.69649163E-03
       1   10      0.78979727E-03      0.20592731E-03
       1   11      0.19441544E-02      0.58989045E-03
       1   12     -0.12167183E-02     -0.35093568E-03
       1   13     -0.20313530E-02     -0.58980446E-03
       1   14      0.67780683E-05      0.22046923E-05
       1   15      0.87694426E-05      0.37640253E-05
       2    1     -0.54680855E-03      0.41466100E-04
       2    2      0.30068282E-02     -0.19498210E-04
       2    3     -0.35330853E+00     -0.85038190E-03
       2    4     -0.86186511E-01     -0.20731677E-03
       2    5      0.44416262E+00      0.10687579E-02
       2    6     -0.34141542E-02     -0.30110442E-04
       2    7     -0.13047880E-02      0.14414777E-04
       2    8      0.15380808E-03      0.29342158E-05
       2    9      0.13003788E-01      0.72540329E-03
       2   10      0.11880967E-01      0.67568322E-03
       2   11     -0.74791086E-03     -0.35548934E-03
       2   12     -0.21851733E-04     -0.12245711E-03
       2   13     -0.19984701E-03     -0.49579079E-04
       2   14     -0.25340218E-03     -0.57210211E-04
       2   15     -0.16762817E-02      0.10632564E-04
       3    1      0.38899372E-02     -0.29594899E-03
       3    2     -0.18793181E-01      0.12109809E-03
       3    3      0.19524437E+00      0.46987982E-03
       3    4      0.61675165E+00      0.14845617E-02
       3    5      0.19249228E+00      0.46523882E-03
       3    6     -0.16372462E-02     -0.14250455E-04
       3    7     -0.38047897E-02     -0.33327232E-04
       3    8      0.19195956E-01      0.11047809E-02
       3    9     -0.58394089E-02     -0.32688666E-03
       3   10      0.32166272E-02      0.18791408E-03
       3   11      0.13724137E-03     -0.37789685E-04
       3   12     -0.22979172E-04      0.20537839E-04
       3   13      0.78671466E-03      0.46050711E-03
       3   14      0.24463300E-02      0.24340573E-03
       3   15      0.68866458E-03      0.40080333E-05
       4    1      0.40334486E-03     -0.30852108E-04
       4    2     -0.16775877E-02      0.11411329E-04
       4    3      0.11763651E+00      0.28241837E-03
       4    4      0.21972098E+00      0.52763737E-03
       4    5      0.38776627E+00      0.93207464E-03
       4    6      0.37338449E-02      0.32946917E-04
       4    7      0.30877406E-02      0.28162745E-04
       4    8      0.12557540E-01      0.70216171E-03
       4    9      0.54644077E-02      0.33847018E-03
       4   10      0.23124571E-02      0.11677817E-03
       4   11     -0.47896060E-03     -0.17752045E-03
       4   12      0.94593933E-04      0.14033321E-03
       4   13      0.74521524E-03      0.24978915E-03
       4   14      0.41854912E-03      0.21907746E-04
       4   15      0.52177009E-03      0.15920555E-04

       **************


       ! The    9 -th eigen state. The transition energy is:        0.73626134

     The two digitals below indicate the importance of doing beyong TDA: 

     Components: X       1.00008;    Y      -0.00008

     In the occ-virt project subspace the total Fxy is:

     X       0.99908;    Y      -0.00001    total       0.99907  /      1.00000

     The Chi_i_i is     Total          1               2               3

                     0.23193787E-02    0.95139711E-05    0.20509738E-02    0.25889094E-03

     Now is the components analysis of this transition.

     First we print out only the principle components.

     occ     virt       FX              FY

       2    3       -0.36386       -0.00087
       2    4        0.10023        0.00024
       2    5       -0.49988       -0.00120
       3    3       -0.35410       -0.00085
       3    5        0.51647        0.00124
       4    3        0.42232        0.00101
       4    4       -0.15714       -0.00038

     Now for all the calculated particle and hole pairs : 

     occ     virt       FX              FY

       1    1     -0.46322625E-05     -0.17043212E-06
       1    2     -0.45827717E-05     -0.44640931E-06
       1    3     -0.21644431E-02     -0.57783385E-03
       1    4     -0.19765248E-02     -0.51465069E-03
       1    5      0.15138979E-02      0.41945901E-03
       1    6     -0.29942161E-05      0.13432964E-05
       1    7      0.18227908E-04      0.10275123E-05
       1    8      0.27285663E-02      0.72039799E-03
       1    9     -0.41226994E-02     -0.10746377E-02
       1   10     -0.25645158E-02     -0.67329449E-03
       1   11     -0.23695212E-02     -0.71329987E-03
       1   12     -0.75470990E-03     -0.22766800E-03
       1   13     -0.18449631E-02     -0.54126476E-03
       1   14     -0.34213466E-05     -0.37055859E-06
       1   15      0.26868556E-04      0.40774485E-05
       2    1      0.36684706E-02     -0.27920385E-03
       2    2     -0.16986569E-01      0.10940644E-03
       2    3     -0.36386329E+00     -0.87454338E-03
       2    4      0.10023017E+00      0.24101270E-03
       2    5     -0.49987832E+00     -0.12005166E-02
       2    6      0.20473704E-04      0.35658290E-06
       2    7     -0.83660897E-02     -0.94193026E-04
       2    8     -0.10773603E-01     -0.57154747E-03
       2    9     -0.14225748E-01     -0.73531549E-03
       2   10      0.75578583E-02      0.40417794E-03
       2   11      0.79089447E-03      0.99983625E-04
       2   12     -0.11309465E-02     -0.21263569E-03
       2   13     -0.32905927E-03     -0.58267972E-04
       2   14      0.16416393E-02      0.28273835E-03
       2   15     -0.17454386E-02     -0.85420459E-05
       3    1      0.41921873E-03     -0.32084329E-04
       3    2     -0.14750006E-02      0.95146200E-05
       3    3     -0.35410029E+00     -0.85081485E-03
       3    4      0.99850293E-01      0.23996934E-03
       3    5      0.51647378E+00      0.12413011E-02
       3    6     -0.16142322E-02     -0.14166240E-04
       3    7      0.20971500E-02      0.18786424E-04
       3    8      0.50819633E-02      0.27946531E-03
       3    9      0.11418606E-01      0.60440552E-03
       3   10      0.14394586E-01      0.76323304E-03
       3   11     -0.14578341E-02     -0.24060385E-03
       3   12     -0.34504991E-03     -0.71125969E-04
       3   13      0.16210391E-03      0.80009921E-04
       3   14      0.28020774E-03      0.16934505E-04
       3   15     -0.15216017E-02     -0.40588576E-04
       4    1      0.17207275E-02     -0.13089218E-03
       4    2     -0.71381044E-02      0.46236690E-04
       4    3      0.42232434E+00      0.10130191E-02
       4    4     -0.15714081E+00     -0.37700524E-03
       4    5     -0.12592916E-01     -0.29895918E-04
       4    6     -0.31948429E-02     -0.28104408E-04
       4    7      0.34798595E-02      0.30984753E-04
       4    8      0.20338732E-02      0.10978524E-03
       4    9      0.17128808E-02      0.98733053E-04
       4   10     -0.13106345E-01     -0.69576591E-03
       4   11      0.40615369E-03      0.47604043E-04
       4   12      0.91795864E-03      0.17257782E-03
       4   13     -0.14287622E-03      0.47953662E-05
       4   14      0.73817853E-03      0.12935453E-03
       4   15     -0.26840596E-02     -0.50776999E-04

       **************


       ! The   10 -th eigen state. The transition energy is:        0.73686168

     The two digitals below indicate the importance of doing beyong TDA: 

     Components: X       1.00004;    Y      -0.00004

     In the occ-virt project subspace the total Fxy is:

     X       0.99906;    Y      -0.00001    total       0.99905  /      1.00000

     The Chi_i_i is     Total          1               2               3

                     0.26364538E-07    0.11422163E-07    0.54988814E-08    0.94434934E-08

     Now is the components analysis of this transition.

     First we print out only the principle components.

     occ     virt       FX              FY

       2    3       -0.19239       -0.00038
       2    4        0.53121        0.00106
       2    5        0.26330        0.00053
       3    3        0.48437        0.00097
       3    4       -0.13338       -0.00027
       4    3        0.30644        0.00061
       4    5       -0.50107       -0.00100

     Now for all the calculated particle and hole pairs : 

     occ     virt       FX              FY

       1    1     -0.26622409E-06     -0.14977405E-06
       1    2      0.48318107E-07      0.26417180E-07
       1    3      0.20814836E-05      0.25458684E-05
       1    4      0.72531072E-05     -0.16001452E-05
       1    5     -0.28091635E-04     -0.35253583E-05
       1    6      0.25787064E-02      0.62891008E-03
       1    7     -0.18718160E-03     -0.44863191E-04
       1    8     -0.30448721E-05      0.85869440E-06
       1    9      0.25837116E-04      0.35773902E-05
       1   10      0.14025297E-04      0.34168680E-05
       1   11      0.21295223E-04      0.26472529E-05
       1   12     -0.72072579E-05      0.11474591E-05
       1   13      0.77376921E-05      0.24517652E-06
       1   14      0.20031675E-05      0.71682600E-06
       1   15     -0.17538808E-02     -0.51843508E-03
       2    1     -0.10907564E-04      0.89223602E-06
       2    2      0.72374114E-05     -0.53380393E-06
       2    3     -0.19238932E+00     -0.38382381E-03
       2    4      0.53121365E+00      0.10602243E-02
       2    5      0.26329866E+00      0.52567741E-03
       2    6      0.50161913E-05     -0.86315287E-07
       2    7      0.10575763E-03     -0.34259326E-05
       2    8     -0.10563691E-01     -0.82213289E-03
       2    9      0.19292085E-02      0.15007736E-03
       2   10     -0.10616750E-01     -0.82943913E-03
       2   11     -0.63765047E-02     -0.43561659E-03
       2   12     -0.66497476E-02     -0.45732805E-03
       2   13      0.13867994E-01      0.94981108E-03
       2   14     -0.71540725E-04     -0.10342658E-04
       2   15      0.39905701E-04     -0.29929120E-05
       3    1      0.99780927E-05     -0.47997724E-06
       3    2     -0.20391150E-04      0.14956062E-06
       3    3      0.48436913E+00      0.96658031E-03
       3    4     -0.13338141E+00     -0.26582616E-03
       3    5      0.95307220E-01      0.18984212E-03
       3    6      0.73206701E-05      0.75698151E-07
       3    7     -0.81911432E-04     -0.62350270E-06
       3    8     -0.40571023E-02     -0.31533340E-03
       3    9     -0.35147000E-02     -0.27063599E-03
       3   10      0.11235026E-01      0.86661153E-03
       3   11      0.22724288E-02      0.14957062E-03
       3   12      0.13590743E-01      0.93482012E-03
       3   13      0.60768243E-04      0.57042905E-05
       3   14     -0.60266097E-04     -0.22679032E-05
       3   15      0.21072779E-04     -0.20964279E-05
       4    1     -0.73471913E-06      0.15677103E-06
       4    2     -0.21819665E-04     -0.36157061E-06
       4    3      0.30643779E+00      0.61044769E-03
       4    4     -0.52477221E-01     -0.10416231E-03
       4    5     -0.50106576E+00     -0.99798274E-03
       4    6     -0.35871779E-04     -0.29062820E-06
       4    7      0.36349776E-05      0.68885110E-07
       4    8      0.38166538E-02      0.29986885E-03
       4    9      0.95425789E-02      0.74603703E-03
       4   10      0.10113116E-01      0.77191844E-03
       4   11      0.15351482E-01      0.10488404E-02
       4   12      0.32494293E-02      0.22471118E-03
       4   13     -0.29929732E-02     -0.20821238E-03
       4   14     -0.37241392E-04      0.72615795E-06
       4   15     -0.10222949E-03      0.16267235E-05

       **************

     Now generate the eigenvalues list...
     Now generate the spectrum plot file...
     Finished linear response calculation...
 
     lr_dav_main  :     11.85s CPU     12.81s WALL (       1 calls)
     read_wf      :      0.01s CPU      0.02s WALL (       1 calls)
     lr_solve_e   :      0.33s CPU      0.33s WALL (       1 calls)
     calc_residue :      0.20s CPU      0.20s WALL (       4 calls)
     expan_basis  :      0.74s CPU      0.74s WALL (       3 calls)
     matrix       :      0.00s CPU      0.00s WALL (       4 calls)
     mGS_orth     :      0.68s CPU      0.68s WALL (       9 calls)
     mGS_orth_pp  :      0.02s CPU      0.02s WALL (       9 calls)
     one_step     :      9.90s CPU     10.77s WALL (       4 calls)
 
     lr_apply     :      9.54s CPU     10.40s WALL (     110 calls)
     lr_apply_int :      9.07s CPU      9.92s WALL (      55 calls)
     lr_apply_no  :      0.47s CPU      0.48s WALL (      55 calls)
 
     h_psi        :      1.19s CPU      1.22s WALL (     152 calls)
     lr_calc_dens :      0.30s CPU      0.31s WALL (      55 calls)
     lr_dvpsi_e   :      0.32s CPU      0.32s WALL (       3 calls)
     lr_dv_setup  :      0.01s CPU      0.01s WALL (       1 calls)
     dv_of_drho   :      0.36s CPU      0.38s WALL (      55 calls)
     interaction  :      0.23s CPU      0.25s WALL (      55 calls)
     lr_dot       :      0.27s CPU      0.27s WALL (   11520 calls)
     ortho        :      0.02s CPU      0.02s WALL (     116 calls)
     lr_ortho     :      0.02s CPU      0.02s WALL (      95 calls)
 
 
     US routines
     lr_dot_us    :      0.68s CPU      0.68s WALL (   11520 calls)
     lr_sm1_psi   :      0.00s CPU      0.00s WALL (     110 calls)
 
     General routines
     calbec       :      0.01s CPU      0.01s WALL (     200 calls)
     fft          :      0.20s CPU      0.21s WALL (     113 calls)
     fftw         :      1.37s CPU      1.41s WALL (     824 calls)
     interpolate  :      0.01s CPU      0.01s WALL (      55 calls)
     davcio       :      0.00s CPU      0.00s WALL (       5 calls)
 
     Parallel routines
 
 
     Environ routines
 
     turboTDDFT   :     11.85s CPU     12.81s WALL

 
   This run was terminated on:  19:21:10   1Oct2021            

=------------------------------------------------------------------------------=
   JOB DONE.
=------------------------------------------------------------------------------=
