
     Program turboTDDFT v.6.1 (svn rev. 13369) starts on 29Jan2018 at 16:15:46 

     This program is part of the open-source Quantum ESPRESSO suite
     for quantum simulation of materials; please cite
         "P. Giannozzi et al., J. Phys.:Condens. Matter 21 395502 (2009);
          URL http://www.quantum-espresso.org", 
     in publications or presentations arising from this work. More details at
     http://www.quantum-espresso.org/quote

     Parallel version (MPI), running on     1 processors

     Reading data from directory:
     /home/fnattino/Programs/qe-6.1/tempdir/CH4_vacuum.save

   Info: using nr1, nr2, nr3 values from input

   Info: using nr1, nr2, nr3 values from input

     IMPORTANT: XC functional enforced from input :
     Exchange-correlation      =  SLA  PZ   NOGX NOGC ( 1  1  0  0 0 0)
     Any further DFT definition will be discarded
     Please, verify this is what you really want

               file H.pz-vbc.UPF: wavefunction(s)  1S renormalized
 
     G-vector sticks info
     --------------------
     sticks:   dense  smooth     PW     G-vecs:    dense   smooth      PW
     Sum        3181    3181    793               135043   135043   16879
 

     Subspace diagonalization in iterative solution of the eigenvalue problem:
     a serial algorithm will be used

     Allocating    16 extra bands for projection

     =-----------------------------------------------------------------=

     Please cite the TDDFPT project as:
       X. Ge, S. J. Binnie, D. Rocca, R. Gebauer, and S. Baroni,
       Comput. Phys. Commun. 185, 2080 (2014)
     in publications and presentations arising from this work.

     =-----------------------------------------------------------------=

     Virt read

     Gamma point algorithm
     Num of eigen values=             10
     Allocating parameters for davidson ...

     Estimating the RAM requirements:
          For the basis sets:         231.81     M
          For the eigenvectors:          20.61     M
          Num_eign =   10     Num_basis_max =  150
          Reference =  0.00  Ry
     Do make sure that you have enough RAM.

     poor_of_ram2 is set to .false.. This means that you would like to increase the speed 
     by storing the D_basis and C_basis vectors which will cause three time of the memory cost.
     Switch it to .true. if you need to save memory.

     Finished allocating parameters.
     Initiating variables for davidson ...
     Lowest energy electron-hole pairs are used as initial vectors ...
     Calculating the electron-hole pairs for initiating trial vectors ...

              1         4         1           0.638982771616
              2         3         1           0.638984168891
              3         2         1           0.638987095481
              4         4         2           0.733873930275
              5         3         2           0.733875327550
              6         2         2           0.733878254139
              7         4         3           0.748269660013
              8         4         4           0.748269751517
              9         4         5           0.748269930165
             10         3         3           0.748271057288
             11         3         4           0.748271148792
             12         3         5           0.748271327440
             13         2         3           0.748273983878
             14         2         4           0.748274075381
             15         2         5           0.748274254030
             16         4         6           0.759383971956
             17         4         7           0.759384674525
             18         3         6           0.759385369231
             19         3         7           0.759386071800
             20         2         6           0.759388295821
             21         2         7           0.759388998390
             22         4         8           0.812702900479
             23         4         9           0.812703699145
             24         4        10           0.812704233630
             25         3         8           0.812704297754
             26         3         9           0.812705096420
             27         3        10           0.812705630905
             28         2         8           0.812707224344
             29         2         9           0.812708023010
             30         2        10           0.812708557495
             31         4        11           0.843230846886
             32         4        12           0.843231993577
             33         3        11           0.843232244161
             34         3        12           0.843233390852
             35         2        11           0.843235170751
             36         4        13           0.843235397940
             37         2        12           0.843236317442
             38         3        13           0.843236795216
             39         2        13           0.843239721805
             40         4        14           0.851925034662
     Finished calculating the cv couples.
     Finished initiating.

     Precondition is used in the algorithm,

     total cpu time spent up to now is        0.6 secs

       ==============================

       Davidson iteration:        1
       num of basis:   20   total built basis:   20
        20     Transition energy    1  :                  0.6430803158
        20     Transition energy    2  :                  0.6430810291
        20     Transition energy    3  :                  0.6430884224
        20     Transition energy    4  :                  0.7398994870
        20     Transition energy    5  :                  0.7399006048
        20     Transition energy    6  :                  0.7399022571
        20     Transition energy    7  :                  0.7461989691
        20     Transition energy    8  :                  0.7461992515
        20     Transition energy    9  :                  0.7462026326
        20     Transition energy   10  :                  0.7464233734
     Residue(Squared modulus):    1        0.0101764      0.0000003
     Residue(Squared modulus):    2        0.0101749      0.0000003
     Residue(Squared modulus):    3        0.0101928      0.0000003
     Residue(Squared modulus):    4        0.0115106      0.0000002
     Residue(Squared modulus):    5        0.0115126      0.0000001
     Residue(Squared modulus):    6        0.0115167      0.0000002
     Residue(Squared modulus):    7        0.0064500      0.0000003
     Residue(Squared modulus):    8        0.0064525      0.0000002
     Residue(Squared modulus):    9        0.0064561      0.0000003
     Residue(Squared modulus):   10        0.0016590      0.0000003
       Largest residue:           0.011516685659

     total cpu time spent up to now is        1.5 secs

       ==============================

       Davidson iteration:        2
       num of basis:   30   total built basis:   30
        30     Transition energy    1  :                  0.6413625746
        30     Transition energy    2  :                  0.6413649366
        30     Transition energy    3  :                  0.6413665369
        30     Transition energy    4  :                  0.7378755563
        30     Transition energy    5  :                  0.7378770720
        30     Transition energy    6  :                  0.7378782986
        30     Transition energy    7  :                  0.7453209959
        30     Transition energy    8  :                  0.7453234063
        30     Transition energy    9  :                  0.7453243091
        30     Transition energy   10  :                  0.7460914644
     Residue(Squared modulus):    1        0.0009300      0.0004172
     Residue(Squared modulus):    2        0.0009288      0.0004161
     Residue(Squared modulus):    3        0.0009388      0.0004181
     Residue(Squared modulus):    4        0.0012340      0.0007261
     Residue(Squared modulus):    5        0.0012303      0.0007264
     Residue(Squared modulus):    6        0.0012337      0.0007259
     Residue(Squared modulus):    7        0.0001163      0.0002461
     Residue(Squared modulus):    8        0.0001163      0.0002479
     Residue(Squared modulus):    9        0.0001181      0.0002479
     Residue(Squared modulus):   10        0.0001530      0.0002588
       Largest residue:           0.001233992807

     total cpu time spent up to now is        2.5 secs

       ==============================

       Davidson iteration:        3
       num of basis:   50   total built basis:   50
        50     Transition energy    1  :                  0.6411883167
        50     Transition energy    2  :                  0.6411893111
        50     Transition energy    3  :                  0.6411913843
        50     Transition energy    4  :                  0.7375664242
        50     Transition energy    5  :                  0.7375693355
        50     Transition energy    6  :                  0.7375720018
        50     Transition energy    7  :                  0.7452365498
        50     Transition energy    8  :                  0.7452381286
        50     Transition energy    9  :                  0.7452399200
        50     Transition energy   10  :                  0.7459866651
     Residue(Squared modulus):    1        0.0000516      0.0000634
     Residue(Squared modulus):    2        0.0000548      0.0000672
     Residue(Squared modulus):    3        0.0000514      0.0000631
     Residue(Squared modulus):    4        0.0001055      0.0001155
     Residue(Squared modulus):    5        0.0001057      0.0001153
     Residue(Squared modulus):    6        0.0001037      0.0001132
     Residue(Squared modulus):    7        0.0000606      0.0000497
     Residue(Squared modulus):    8        0.0000611      0.0000501
     Residue(Squared modulus):    9        0.0000545      0.0000453
     Residue(Squared modulus):   10        0.0001126      0.0001003
       Largest residue:           0.000115479235

     total cpu time spent up to now is        3.7 secs

       ==============================

       Davidson iteration:        4
       num of basis:   58   total built basis:   58
        58     Transition energy    1  :                  0.6411754400
        58     Transition energy    2  :                  0.6411760371
        58     Transition energy    3  :                  0.6411787691
        58     Transition energy    4  :                  0.7375175466
        58     Transition energy    5  :                  0.7375204165
        58     Transition energy    6  :                  0.7375236757
        58     Transition energy    7  :                  0.7452361068
        58     Transition energy    8  :                  0.7452376828
        58     Transition energy    9  :                  0.7452393591
        58     Transition energy   10  :                  0.7459243687
     Residue(Squared modulus):    1        0.0000096      0.0000105
     Residue(Squared modulus):    2        0.0000095      0.0000105
     Residue(Squared modulus):    3        0.0000094      0.0000104
     Residue(Squared modulus):    4        0.0000440      0.0000508
     Residue(Squared modulus):    5        0.0000442      0.0000509
     Residue(Squared modulus):    6        0.0000457      0.0000530
     Residue(Squared modulus):    7        0.0000575      0.0000468
     Residue(Squared modulus):    8        0.0000579      0.0000471
     Residue(Squared modulus):    9        0.0000503      0.0000411
     Residue(Squared modulus):   10        0.0000723      0.0000828
       Largest residue:           0.000082804194

       ================================================================

       Davidson diagonalization has finished in    4 steps.
          the number of current basis is   58
          the number of total basis built is   58

       Now print out information of eigenstates


     K-S Oscillator strengths
     occ con        R-x              R-y              R-z
       1   1    -0.46652559E-05    0.74250863E-05   -0.10483024E-04
       1   2     0.41338662E-06    0.73552029E-06    0.98491809E-05
       1   3    -0.48057796E-01    0.20714344E-01   -0.23446080E-01
       1   4     0.51667956E-02   -0.37130746E-01   -0.43388554E-01
       1   5     0.30854409E-01    0.38481535E-01   -0.29242577E-01
       1   6    -0.40241109E-05   -0.27497652E-05    0.51859619E-05
       1   7     0.25799640E-05   -0.58348417E-05    0.11186434E-04
       1   8    -0.30067667E-01   -0.13277891E-01   -0.53877175E-01
       1   9     0.18541340E-01   -0.60090314E-01    0.44919299E-02
       1  10    -0.52213601E-01   -0.13678597E-01    0.32528240E-01
       1  11     0.50329742E-01   -0.38995249E-01   -0.34932634E-01
       1  12     0.33184383E-01   -0.13562165E-01    0.63088002E-01
       1  13     0.40345287E-01    0.59652834E-01   -0.84418820E-02
       1  14     0.30581913E-06   -0.16371078E-04   -0.61454521E-05
       1  15    -0.11831030E-04    0.23007342E-04    0.59883325E-04
       2   1    -0.16810280E+00    0.30543372E+00    0.27014959E+00
       2   2     0.13574708E+00   -0.24660929E+00   -0.21812758E+00
       2   3    -0.48286933E-02   -0.27938006E-01   -0.56169253E-01
       2   4    -0.72090105E-01    0.26977140E-01    0.24286442E-01
       2   5     0.44868015E-02    0.41091952E-01    0.91896287E-02
       2   6     0.90118806E-01    0.97538461E-01    0.58663241E-01
       2   7     0.98366963E-02   -0.13287604E+00    0.13338193E+00
       2   8     0.42062068E+00   -0.19695608E-01    0.14562726E+00
       2   9     0.31194543E+00   -0.89101363E-01   -0.33080001E+00
       2  10    -0.13102436E+00    0.41102753E+00    0.28662585E+00
       2  11     0.40530104E-02   -0.36385044E-02   -0.41910540E-02
       2  12    -0.34218330E-02    0.98101763E-03   -0.15740388E-02
       2  13    -0.17248055E-02   -0.22787645E-02   -0.54518086E-03
       2  14    -0.99346532E-01    0.18051737E+00    0.16002524E+00
       2  15    -0.68829975E-01    0.49385919E-01   -0.15326628E+00
       3   1    -0.40118446E+00   -0.71154977E-01   -0.16921074E+00
       3   2     0.32389962E+00    0.57452186E-01    0.13657729E+00
       3   3    -0.56064768E-02    0.54258017E-01   -0.15109563E-01
       3   4     0.29084336E-01    0.51096473E-01    0.45032537E-01
       3   5    -0.13740654E-01    0.20142263E-01   -0.54580669E-01
       3   6     0.21502446E+00   -0.22772666E-01   -0.36639448E-01
       3   7     0.23580342E-01    0.31005686E-01   -0.83504013E-01
       3   8    -0.12771920E+00   -0.56001377E+00   -0.15677313E+00
       3   9    -0.20672124E+00    0.10349663E+00   -0.47814022E+00
       3  10     0.17685631E-03    0.88306540E-01   -0.19290040E+00
       3  11    -0.16245534E-02   -0.10365110E-02   -0.20606725E-02
       3  12     0.88066540E-03    0.57758314E-02    0.19974366E-03
       3  13     0.15381019E-02    0.51591305E-03    0.45005887E-02
       3  14    -0.23817686E+00   -0.41777124E-01   -0.10025597E+00
       3  15    -0.16229546E+00   -0.11002233E-01    0.95758065E-01
       4   1     0.73515153E-01    0.31026415E+00   -0.30498497E+00
       4   2    -0.59387109E-01   -0.25050013E+00    0.24623506E+00
       4   3    -0.42031858E-01    0.40014566E-01   -0.41415126E-01
       4   4    -0.65287974E-02   -0.14751318E-01   -0.34442838E-02
       4   5    -0.64395418E-01   -0.35786035E-01    0.38427171E-01
       4   6    -0.39341695E-01    0.98996004E-01   -0.66106000E-01
       4   7    -0.43453368E-02   -0.13482694E+00   -0.15062316E+00
       4   8     0.26555598E+00   -0.10909070E+00    0.21607790E+00
       4   9    -0.41372437E+00    0.11159475E+00   -0.27675155E-01
       4  10    -0.29904491E+00   -0.38440503E+00    0.36120084E+00
       4  11    -0.15597104E-03    0.36690510E-02   -0.25026346E-02
       4  12    -0.41734510E-02    0.57702608E-03   -0.12235507E-02
       4  13     0.40698823E-02    0.18635413E-02   -0.27925408E-02
       4  14     0.43949774E-01    0.18342098E+00   -0.18097572E+00
       4  15     0.29853762E-01    0.49936867E-01    0.17226155E+00

       ! The    1 -th eigen state. The transition energy is:        0.64117544

     The two digitals below indicate the importance of doing beyong TDA: 

     Components: X       1.00018;    Y      -0.00018

     In the occ-virt project subspace the total Fxy is:

     X       0.99907;    Y      -0.00003    total       0.99904  /      1.00000

     The Chi_i_i is     Total          1               2               3

                     0.32109117E-01    0.10207118E-01    0.14975695E-01    0.69263043E-02

     Now is the components analysis of this transition.

     First we print out only the principle components.

     occ     virt       FX              FY

       3    1       -0.44424        0.00076
       4    1        0.89352       -0.00152

     Now for all the calculated particle and hole pairs : 

     occ     virt       FX              FY

       1    1     -0.20670510E-05      0.99755047E-07
       1    2      0.12615235E-05     -0.18824327E-06
       1    3      0.14881696E-03      0.47160806E-04
       1    4      0.15560441E-03      0.47962743E-04
       1    5     -0.37840940E-02     -0.11773734E-02
       1    6      0.13864716E-05      0.48622860E-06
       1    7     -0.40588107E-06      0.46684117E-06
       1    8     -0.57488817E-04     -0.29930381E-04
       1    9     -0.26794015E-02     -0.90979224E-03
       1   10     -0.43790101E-02     -0.15022977E-02
       1   11     -0.81637811E-03     -0.28097346E-03
       1   12      0.89206493E-03      0.30694922E-03
       1   13     -0.30672933E-02     -0.10552821E-02
       1   14      0.16624256E-05      0.10411272E-05
       1   15      0.28314718E-05      0.65897573E-06
       2    1     -0.26466485E-01      0.44931811E-04
       2    2     -0.11934327E-02     -0.80478509E-04
       2    3     -0.45507449E-05     -0.27716787E-06
       2    4      0.78388244E-04      0.61274331E-05
       2    5     -0.58811569E-04     -0.45575231E-05
       2    6      0.40863512E-02      0.34499420E-03
       2    7     -0.44337697E-02     -0.51055895E-03
       2    8     -0.48396139E-03     -0.29003388E-04
       2    9     -0.48402351E-03     -0.41130897E-04
       2   10     -0.98909434E-04     -0.87404265E-05
       2   11      0.26883565E-03      0.51435431E-04
       2   12     -0.43897172E-04     -0.77132941E-05
       2   13     -0.45705605E-03     -0.88869951E-04
       2   14      0.53844334E-03      0.84545957E-04
       2   15      0.85715050E-03      0.16884924E-03
       3    1     -0.44424292E+00      0.75716121E-03
       3    2     -0.20040960E-01     -0.13510788E-02
       3    3     -0.95999860E-04     -0.71039785E-05
       3    4     -0.66783489E-04     -0.50301505E-05
       3    5     -0.67652257E-04     -0.51655210E-05
       3    6      0.55722990E-02      0.47052538E-03
       3    7      0.33101310E-02      0.27963742E-03
       3    8      0.62402617E-03      0.56397109E-04
       3    9      0.23689212E-06     -0.20067228E-04
       3   10     -0.14407765E-03     -0.21834928E-04
       3   11     -0.63387755E-04     -0.19590139E-04
       3   12      0.75330383E-03      0.13834435E-03
       3   13     -0.17896845E-03     -0.28452259E-04
       3   14      0.94308380E-02      0.14399975E-02
       3   15     -0.21672656E-02     -0.31390986E-03
       4    1      0.89352107E+00     -0.15243814E-02
       4    2      0.40321350E-01      0.27185671E-02
       4    3     -0.39345256E-04     -0.35559048E-05
       4    4      0.26920504E-04      0.23277685E-05
       4    5      0.18571253E-03      0.14547395E-04
       4    6      0.34310255E-02      0.28921442E-03
       4    7     -0.11228517E-02     -0.95388702E-04
       4    8     -0.20766030E-03      0.96047391E-06
       4    9      0.54811782E-03      0.17008634E-04
       4   10      0.78542524E-03      0.96001692E-04
       4   11      0.54323977E-03      0.10470854E-03
       4   12     -0.13805735E-03     -0.28330338E-04
       4   13      0.90408155E-03      0.16800430E-03
       4   14     -0.19240228E-01     -0.28974034E-02
       4   15     -0.48381045E-03     -0.64512180E-04

       **************


       ! The    2 -th eigen state. The transition energy is:        0.64117604

     The two digitals below indicate the importance of doing beyong TDA: 

     Components: X       1.00018;    Y      -0.00018

     In the occ-virt project subspace the total Fxy is:

     X       0.99908;    Y      -0.00003    total       0.99905  /      1.00000

     The Chi_i_i is     Total          1               2               3

                     0.32102843E-01    0.17197490E-01    0.75707091E-03    0.14148282E-01

     Now is the components analysis of this transition.

     First we print out only the principle components.

     occ     virt       FX              FY

       3    1       -0.89387        0.00152
       4    1       -0.44380        0.00076

     Now for all the calculated particle and hole pairs : 

     occ     virt       FX              FY

       1    1      0.15112548E-04     -0.11269470E-06
       1    2     -0.11765672E-04     -0.94748587E-07
       1    3      0.35687660E-02      0.11094016E-02
       1    4      0.12788392E-02      0.39804269E-03
       1    5      0.16655697E-03      0.51315195E-04
       1    6     -0.12658249E-05     -0.29596233E-06
       1    7     -0.97123926E-06      0.30297165E-06
       1    8     -0.45195407E-02     -0.15523206E-02
       1    9      0.21109170E-02      0.71578763E-03
       1   10     -0.11582023E-02     -0.40843565E-03
       1   11     -0.89297577E-03     -0.30653512E-03
       1   12     -0.31065794E-02     -0.10685735E-02
       1   13     -0.68764488E-03     -0.23642208E-03
       1   14      0.88078816E-05      0.58634983E-06
       1   15      0.68422308E-05      0.21917488E-05
       2    1      0.21323069E-01     -0.36190707E-04
       2    2      0.96103504E-03      0.64682270E-04
       2    3      0.77710146E-04      0.59952123E-05
       2    4      0.12175063E-03      0.92047896E-05
       2    5     -0.95722358E-05     -0.87944127E-06
       2    6      0.40824775E-02      0.34454849E-03
       2    7      0.35092679E-02      0.40340437E-03
       2    8     -0.85980515E-03     -0.61957172E-04
       2    9     -0.14998761E-03     -0.78052065E-05
       2   10     -0.14468099E-03     -0.65914063E-05
       2   11      0.95331430E-04      0.26133243E-04
       2   12     -0.58882919E-03     -0.11709222E-03
       2   13     -0.27420816E-03     -0.56074700E-04
       2   14     -0.44264786E-03     -0.69161920E-04
       2   15     -0.22523476E-02     -0.36283626E-03
       3    1     -0.89387395E+00      0.15245339E-02
       3    2     -0.40330883E-01     -0.27191713E-02
       3    3      0.16557249E-04      0.18852377E-05
       3    4     -0.11019374E-03     -0.90300461E-05
       3    5      0.13459918E-03      0.10197531E-04
       3    6      0.61913787E-02      0.52271338E-03
       3    7     -0.19333075E-02     -0.16281283E-03
       3    8      0.47564924E-03      0.21525714E-04
       3    9      0.72232373E-03      0.79748099E-04
       3   10      0.19149493E-03      0.18027481E-04
       3   11     -0.39595405E-03     -0.82258598E-04
       3   12     -0.19721305E-03     -0.33521539E-04
       3   13      0.70597807E-03      0.14183581E-03
       3   14      0.19087306E-01      0.28968213E-02
       3   15     -0.76706156E-03     -0.11505196E-03
       4    1     -0.44379960E+00      0.75764596E-03
       4    2     -0.20029962E-01     -0.13505846E-02
       4    3      0.13824506E-03      0.10920274E-04
       4    4      0.78875738E-05      0.90579980E-07
       4    5      0.20795014E-04      0.13449196E-05
       4    6     -0.39752920E-02     -0.33547198E-03
       4    7     -0.37364528E-02     -0.31513304E-03
       4    8     -0.61763595E-03     -0.54439880E-04
       4    9      0.63629738E-03      0.57626522E-04
       4   10      0.27552029E-03     -0.12108615E-04
       4   11     -0.38666653E-03     -0.71026166E-04
       4   12     -0.75972449E-03     -0.14152225E-03
       4   13      0.34700747E-04      0.88543565E-05
       4   14      0.96098276E-02      0.14385854E-02
       4   15      0.19508250E-02      0.28001645E-03

       **************


       ! The    3 -th eigen state. The transition energy is:        0.64117877

     The two digitals below indicate the importance of doing beyong TDA: 

     Components: X       1.00018;    Y      -0.00018

     In the occ-virt project subspace the total Fxy is:

     X       0.99908;    Y      -0.00003    total       0.99905  /      1.00000

     The Chi_i_i is     Total          1               2               3

                     0.32089350E-01    0.46844509E-02    0.16373376E-01    0.11031523E-01

     Now is the components analysis of this transition.

     First we print out only the principle components.

     occ     virt       FX              FY

       2    1       -0.99763        0.00170

     Now for all the calculated particle and hole pairs : 

     occ     virt       FX              FY

       1    1      0.12522684E-04      0.37197756E-06
       1    2     -0.91560417E-05     -0.19999543E-06
       1    3      0.12855730E-02      0.39967343E-03
       1    4     -0.35770082E-02     -0.11144196E-02
       1    5     -0.96912462E-04     -0.31244057E-04
       1    6     -0.75099158E-06     -0.22745243E-06
       1    7     -0.22108102E-05      0.22962931E-06
       1    8      0.23914782E-02      0.82673529E-03
       1    9      0.38340787E-02      0.13211261E-02
       1   10     -0.23659646E-02     -0.81731252E-03
       1   11     -0.30748671E-02     -0.10577951E-02
       1   12      0.65112192E-03      0.22396876E-03
       1   13      0.10191319E-02      0.35032625E-03
       1   14      0.85027002E-05      0.10300293E-05
       1   15     -0.17377148E-05     -0.11669858E-05
       2    1     -0.99762964E+00      0.17005680E-02
       2    2     -0.45009172E-01     -0.30343857E-02
       2    3     -0.14143864E-03     -0.99471558E-05
       2    4      0.17071288E-03      0.12910154E-04
       2    5      0.92049248E-04      0.69984268E-05
       2    6     -0.31550285E-02     -0.26584202E-03
       2    7      0.60967327E-03      0.72405209E-04
       2    8     -0.17325304E-03     -0.16395073E-04
       2    9     -0.92503212E-03     -0.57176939E-04
       2   10      0.11635736E-02      0.84133699E-04
       2   11      0.10506904E-02      0.20083261E-03
       2   12      0.35208669E-04      0.20936809E-05
       2   13      0.13166807E-03      0.27959931E-04
       2   14      0.21272646E-01      0.32345298E-02
       2   15      0.45584059E-03      0.58788330E-04
       3    1     -0.73200477E-02      0.12560766E-04
       3    2     -0.33100221E-03     -0.22427992E-04
       3    3      0.61482367E-04      0.47929629E-05
       3    4      0.11998740E-03      0.91076831E-05
       3    5     -0.24159099E-04     -0.20079516E-05
       3    6      0.54381596E-02      0.45899457E-03
       3    7      0.16306111E-02      0.13760763E-03
       3    8     -0.97258278E-03     -0.73193390E-04
       3    9     -0.33805279E-03     -0.22553260E-04
       3   10     -0.14770826E-03     -0.10052812E-04
       3   11      0.21455503E-03      0.46250061E-04
       3   12     -0.58885247E-03     -0.11141525E-03
       3   13     -0.44944771E-03     -0.83807202E-04
       3   14      0.15909010E-03      0.23392659E-04
       3   15     -0.16339414E-02     -0.23530170E-03
       4    1     -0.33191084E-01      0.56873508E-04
       4    2     -0.14988217E-02     -0.10108590E-03
       4    3      0.41614189E-04      0.31935163E-05
       4    4     -0.28369149E-04     -0.23731500E-05
       4    5      0.36933382E-04      0.27913741E-05
       4    6     -0.21276083E-02     -0.17964385E-03
       4    7      0.82996043E-02      0.70047284E-03
       4    8     -0.83961377E-04     -0.80889670E-05
       4    9      0.46933654E-03      0.39035670E-04
       4   10      0.18225439E-03      0.96109090E-05
       4   11     -0.18157264E-03     -0.33315782E-04
       4   12     -0.24011538E-03     -0.45262578E-04
       4   13      0.27506069E-03      0.49748981E-04
       4   14      0.74409974E-03      0.10846797E-03
       4   15     -0.18671698E-02     -0.27054936E-03

       **************


       ! The    4 -th eigen state. The transition energy is:        0.73751755

     The two digitals below indicate the importance of doing beyong TDA: 

     Components: X       1.00016;    Y      -0.00016

     In the occ-virt project subspace the total Fxy is:

     X       0.99859;    Y      -0.00003    total       0.99856  /      1.00000

     The Chi_i_i is     Total          1               2               3

                     0.19622776E-01    0.16742307E-01    0.22004091E-02    0.68005983E-03

     Now is the components analysis of this transition.

     First we print out only the principle components.

     occ     virt       FX              FY

       3    2       -0.95896        0.00237
       4    2        0.25921       -0.00064

     Now for all the calculated particle and hole pairs : 

     occ     virt       FX              FY

       1    1     -0.14741786E-04     -0.10031564E-06
       1    2      0.11800590E-04      0.30147700E-06
       1    3     -0.41627584E-02     -0.95468626E-03
       1    4     -0.15668966E-02     -0.35894629E-03
       1    5      0.35763901E-02      0.82180976E-03
       1    6     -0.77346680E-06      0.62231298E-07
       1    7      0.17620505E-05     -0.64570559E-06
       1    8      0.49284478E-02      0.13030191E-02
       1    9      0.25820632E-03      0.68585752E-04
       1   10      0.54638847E-02      0.14449166E-02
       1   11      0.16080037E-02      0.42704126E-03
       1   12      0.22743867E-02      0.60384063E-03
       1   13      0.33447366E-02      0.88898602E-03
       1   14     -0.10895614E-04     -0.12235678E-05
       1   15     -0.88829226E-05     -0.21554143E-05
       2    1      0.26072018E-03     -0.18651368E-04
       2    2     -0.60857066E-02      0.15127854E-04
       2    3     -0.19475682E-01     -0.14114139E-03
       2    4     -0.42579816E-01     -0.30842301E-03
       2    5      0.15668772E-01      0.11362034E-03
       2    6     -0.10136102E-01     -0.14826929E-03
       2    7     -0.49356468E-04      0.63923885E-05
       2    8      0.10457828E-01      0.56942595E-03
       2    9      0.49916246E-02      0.27471532E-03
       2   10      0.17889690E-02      0.96525854E-04
       2   11     -0.12634491E-03     -0.51877878E-04
       2   12      0.24657339E-03      0.86715926E-04
       2   13      0.26562780E-03      0.94078877E-04
       2   14     -0.21096945E-03     -0.18298740E-04
       2   15      0.60118490E-03      0.90927515E-04
       3    1      0.41141784E-01     -0.29459622E-02
       3    2     -0.95896449E+00      0.23720776E-02
       3    3      0.81885837E-02      0.59379632E-04
       3    4      0.41902278E-01      0.30360032E-03
       3    5     -0.12933208E-01     -0.94158200E-04
       3    6     -0.14748595E-01     -0.21576389E-03
       3    7     -0.13168351E-02     -0.19758927E-04
       3    8     -0.85082744E-02     -0.46504875E-03
       3    9     -0.62553863E-02     -0.34642180E-03
       3   10     -0.23711276E-03     -0.82383541E-05
       3   11      0.16368311E-03      0.69389136E-04
       3   12     -0.18544901E-03     -0.63314631E-04
       3   13     -0.19480224E-03     -0.81654231E-04
       3   14     -0.32710810E-01     -0.28533395E-02
       3   15      0.10827756E-02      0.17060032E-03
       4    1     -0.11129867E-01      0.79671414E-03
       4    2      0.25920637E+00     -0.64136455E-03
       4    3     -0.26566807E-01     -0.19246678E-03
       4    4     -0.93494340E-02     -0.67382446E-04
       4    5     -0.51484088E-01     -0.37264438E-03
       4    6      0.12741877E-02      0.18838852E-04
       4    7      0.61920886E-02      0.90748453E-04
       4    8      0.64027675E-02      0.34639824E-03
       4    9     -0.89764161E-02     -0.48656360E-03
       4   10     -0.85248890E-02     -0.46917504E-03
       4   11     -0.25808661E-04     -0.15494785E-04
       4   12      0.36581057E-03      0.11809736E-03
       4   13     -0.36044493E-03     -0.11207926E-03
       4   14      0.88560607E-02      0.77113971E-03
       4   15     -0.61210615E-03     -0.95514629E-04

       **************


       ! The    5 -th eigen state. The transition energy is:        0.73752042

     The two digitals below indicate the importance of doing beyong TDA: 

     Components: X       1.00016;    Y      -0.00016

     In the occ-virt project subspace the total Fxy is:

     X       0.99859;    Y      -0.00003    total       0.99856  /      1.00000

     The Chi_i_i is     Total          1               2               3

                     0.19623119E-01    0.25012260E-02    0.65075284E-02    0.10614365E-01

     Now is the components analysis of this transition.

     First we print out only the principle components.

     occ     virt       FX              FY

       2    2        0.97879       -0.00242
       4    2       -0.16215        0.00040

     Now for all the calculated particle and hole pairs : 

     occ     virt       FX              FY

       1    1      0.12796562E-04      0.33315992E-06
       1    2     -0.93220730E-05     -0.14729417E-06
       1    3      0.11812807E-02      0.27006990E-03
       1    4     -0.54787381E-02     -0.12595516E-02
       1    5     -0.10220384E-02     -0.23725956E-03
       1    6      0.50070856E-06     -0.21727172E-06
       1    7     -0.42062200E-05      0.27584797E-06
       1    8      0.42722280E-02      0.11290515E-02
       1    9      0.44277853E-02      0.11698669E-02
       1   10     -0.40600255E-02     -0.10720222E-02
       1   11     -0.39520433E-02     -0.10505885E-02
       1   12      0.15762220E-02      0.41980968E-03
       1   13      0.83461032E-03      0.22068758E-03
       1   14      0.97956385E-05      0.10957476E-05
       1   15     -0.27492814E-05     -0.14652526E-05
       2    1     -0.41994030E-01      0.30063861E-02
       2    2      0.97879227E+00     -0.24209319E-02
       2    3     -0.44689676E-01     -0.32350491E-03
       2    4      0.47373437E-01      0.34323373E-03
       2    5      0.23088695E-01      0.16778839E-03
       2    6     -0.53736511E-02     -0.78156465E-04
       2    7      0.91538598E-04     -0.89556444E-05
       2    8     -0.13791104E-02     -0.77786257E-04
       2    9     -0.10370148E-01     -0.56152659E-03
       2   10      0.12630121E-01      0.69056512E-03
       2   11      0.58241876E-03      0.19003664E-03
       2   12      0.81640054E-04      0.16563276E-04
       2   13      0.45320605E-04      0.20112138E-04
       2   14      0.33390678E-01      0.29128311E-02
       2   15      0.48203060E-03      0.78446541E-04
       3    1      0.21498777E-02     -0.15397317E-03
       3    2     -0.50039463E-01      0.12380215E-03
       3    3      0.17726189E-01      0.12837077E-03
       3    4      0.41840356E-01      0.30293803E-03
       3    5     -0.18891756E-01     -0.13690029E-03
       3    6      0.93426638E-02      0.13661065E-03
       3    7      0.41403961E-02      0.60534425E-04
       3    8     -0.10050566E-01     -0.54794306E-03
       3    9     -0.54325480E-02     -0.30379420E-03
       3   10     -0.22761210E-02     -0.12698160E-03
       3   11      0.13028167E-03      0.50101776E-04
       3   12     -0.24450015E-03     -0.79123763E-04
       3   13     -0.31690157E-03     -0.10074429E-03
       3   14     -0.17194072E-02     -0.14981142E-03
       3   15     -0.97475812E-03     -0.14965512E-03
       4    1      0.69719876E-02     -0.49914565E-03
       4    2     -0.16215371E+00      0.40157288E-03
       4    3      0.60873621E-02      0.44097504E-04
       4    4     -0.69959289E-02     -0.50778098E-04
       4    5      0.24485277E-01      0.17717908E-03
       4    6     -0.18338830E-02     -0.26928561E-04
       4    7      0.14955863E-01      0.21843050E-03
       4    8     -0.36279496E-04      0.11804651E-05
       4    9      0.49035813E-02      0.26827605E-03
       4   10      0.36801098E-02      0.20946972E-03
       4   11     -0.39260256E-04     -0.59884352E-05
       4   12     -0.91098249E-04     -0.27095177E-04
       4   13      0.23360761E-03      0.69210885E-04
       4   14     -0.55563688E-02     -0.48131217E-03
       4   15     -0.11675457E-02     -0.17989904E-03

       **************


       ! The    6 -th eigen state. The transition energy is:        0.73752368

     The two digitals below indicate the importance of doing beyong TDA: 

     Components: X       1.00016;    Y      -0.00016

     In the occ-virt project subspace the total Fxy is:

     X       0.99858;    Y      -0.00003    total       0.99855  /      1.00000

     The Chi_i_i is     Total          1               2               3

                     0.19521166E-01    0.38036540E-03    0.10864836E-01    0.82759646E-02

     Now is the components analysis of this transition.

     First we print out only the principle components.

     occ     virt       FX              FY

       2    2       -0.16959        0.00042
       3    2       -0.25444        0.00063
       4    2       -0.94538        0.00234

     Now for all the calculated particle and hole pairs : 

     occ     virt       FX              FY

       1    1     -0.12720746E-04     -0.30759183E-06
       1    2      0.93273536E-05      0.28636834E-06
       1    3     -0.36749724E-02     -0.85225233E-03
       1    4      0.26155544E-04      0.42681216E-05
       1    5     -0.42585176E-02     -0.99017440E-03
       1    6      0.23118571E-05      0.63691198E-06
       1    7      0.14175913E-05      0.98553964E-07
       1    8      0.34350118E-02      0.90673948E-03
       1    9     -0.58955133E-02     -0.15554422E-02
       1   10     -0.28221903E-02     -0.74449914E-03
       1   11      0.79825773E-03      0.21237461E-03
       1   12      0.33138160E-02      0.89010169E-03
       1   13     -0.26287432E-02     -0.70571629E-03
       1   14     -0.53741282E-05     -0.87685601E-07
       1   15     -0.27936441E-05     -0.76898476E-06
       2    1      0.72871175E-02     -0.52186899E-03
       2    2     -0.16958503E+00      0.41988659E-03
       2    3     -0.12881698E-01     -0.93291172E-04
       2    4     -0.11485236E-01     -0.82985151E-04
       2    5     -0.18986031E-01     -0.13750855E-03
       2    6      0.16755446E-02      0.24482696E-04
       2    7      0.97983662E-03     -0.10960188E-03
       2    8      0.39198578E-02      0.22924417E-03
       2    9     -0.22821203E-02     -0.14234183E-03
       2   10     -0.32756633E-02     -0.18952329E-03
       2   11     -0.44336937E-04     -0.19144851E-04
       2   12      0.13528613E-03      0.67576381E-04
       2   13     -0.73779719E-04     -0.32793441E-04
       2   14     -0.58120265E-02     -0.50416535E-03
       2   15      0.99858206E-03      0.21490224E-03
       3    1      0.10947738E-01     -0.78426909E-03
       3    2     -0.25443617E+00      0.63054231E-03
       3    3     -0.40599644E-01     -0.29387528E-03
       3    4     -0.37948103E-02     -0.27015127E-04
       3    5     -0.41691120E-01     -0.30178140E-03
       3    6     -0.18259421E-02     -0.26591140E-04
       3    7      0.56344107E-02      0.82232518E-04
       3    8      0.68135610E-02      0.40532065E-03
       3    9     -0.94216275E-02     -0.56878444E-03
       3   10     -0.43477665E-02     -0.26042869E-03
       3   11      0.73862703E-04      0.29644489E-04
       3   12      0.36433654E-03      0.14312871E-03
       3   13     -0.19854254E-03     -0.93274393E-04
       3   14     -0.87458510E-02     -0.75443472E-03
       3   15     -0.40035218E-03     -0.63262403E-04
       4    1      0.40711923E-01     -0.29156864E-02
       4    2     -0.94538270E+00      0.23435423E-02
       4    3     -0.49976438E-01     -0.36152632E-03
       4    4      0.63306764E-02      0.46139745E-04
       4    5      0.34041445E-01      0.24612628E-03
       4    6      0.93452967E-02      0.13632192E-03
       4    7     -0.20297005E-03     -0.36442266E-05
       4    8      0.58796009E-02      0.35290043E-03
       4    9     -0.35918383E-02     -0.22272509E-03
       4   10      0.10685929E-01      0.65432530E-03
       4   11      0.30353660E-03      0.12875704E-03
       4   12      0.20586112E-03      0.77843800E-04
       4   13      0.26763033E-03      0.10609622E-03
       4   14     -0.32579270E-01     -0.28078924E-02
       4   15     -0.65883474E-03     -0.10150005E-03

       **************


       ! The    7 -th eigen state. The transition energy is:        0.74523611

     The two digitals below indicate the importance of doing beyong TDA: 

     Components: X       1.00007;    Y      -0.00007

     In the occ-virt project subspace the total Fxy is:

     X       0.99933;    Y      -0.00001    total       0.99932  /      1.00000

     The Chi_i_i is     Total          1               2               3

                     0.43063413E-02    0.32157400E-02    0.73015132E-03    0.36045001E-03

     Now is the components analysis of this transition.

     First we print out only the principle components.

     occ     virt       FX              FY

       2    3       -0.28702       -0.00059
       2    4       -0.39669       -0.00081
       2    5        0.21021        0.00043
       3    3        0.11822        0.00024
       3    4        0.53156        0.00108
       3    5       -0.17451       -0.00036
       4    3       -0.28700       -0.00059
       4    4       -0.11516       -0.00023
       4    5       -0.53314       -0.00109

     Now for all the calculated particle and hole pairs : 

     occ     virt       FX              FY

       1    1     -0.33014307E-05      0.90014802E-06
       1    2      0.31576564E-05     -0.76461106E-06
       1    3      0.26392342E-02      0.60826288E-03
       1    4      0.15458474E-02      0.35654386E-03
       1    5     -0.22605452E-02     -0.51985760E-03
       1    6     -0.64478599E-05     -0.79341984E-06
       1    7      0.98028177E-06     -0.58596992E-06
       1    8      0.28595456E-02      0.82130252E-03
       1    9      0.45309379E-03      0.12955645E-03
       1   10      0.25160033E-02      0.72238659E-03
       1   11     -0.96891122E-03     -0.25634247E-03
       1   12     -0.23010324E-02     -0.61075472E-03
       1   13     -0.31725407E-02     -0.84103374E-03
       1   14     -0.23240282E-05      0.65799962E-06
       1   15      0.20591284E-05      0.72289908E-06
       2    1      0.55097386E-03     -0.42127151E-04
       2    2     -0.11847752E-01      0.90967754E-04
       2    3     -0.28701679E+00     -0.58587406E-03
       2    4     -0.39669045E+00     -0.80963830E-03
       2    5      0.21021203E+00      0.42902708E-03
       2    6     -0.11675513E-01     -0.11033580E-03
       2    7     -0.44521388E-04      0.13697779E-05
       2    8      0.51138794E-02      0.32782313E-03
       2    9      0.17644398E-02      0.11117036E-03
       2   10      0.17711564E-02      0.11300454E-03
       2   11      0.62312179E-04     -0.14589580E-04
       2   12     -0.31248868E-03      0.48542788E-04
       2   13     -0.35305537E-03      0.49000281E-04
       2   14     -0.10369619E-02     -0.10623253E-03
       2   15     -0.25496685E-03      0.34516647E-04
       3    1     -0.39610665E-02      0.30451276E-03
       3    2      0.85623750E-01     -0.65758664E-03
       3    3      0.11822080E+00      0.24098602E-03
       3    4      0.53155612E+00      0.10839847E-02
       3    5     -0.17450773E+00     -0.35560439E-03
       3    6     -0.14411618E-01     -0.13554257E-03
       3    7     -0.73339504E-03     -0.68776346E-05
       3    8     -0.48888817E-02     -0.31737933E-03
       3    9     -0.35826132E-02     -0.22660323E-03
       3   10     -0.24236146E-03     -0.13794760E-04
       3   11     -0.24288927E-03      0.42871170E-04
       3   12      0.21428868E-03     -0.45066884E-04
       3   13      0.24966695E-03     -0.59782400E-04
       3   14      0.68225401E-02      0.69496853E-03
       3   15     -0.41961819E-03      0.43387013E-04
       4    1      0.95023424E-03     -0.73183112E-04
       4    2     -0.20709410E-01      0.15912639E-03
       4    3     -0.28699540E+00     -0.58509797E-03
       4    4     -0.11515842E+00     -0.23487760E-03
       4    5     -0.53314017E+00     -0.10865504E-02
       4    6      0.11076417E-02      0.10235691E-04
       4    7      0.89240053E-02      0.84001490E-04
       4    8      0.31623957E-02      0.20278465E-03
       4    9     -0.40863489E-02     -0.26268153E-03
       4   10     -0.39647574E-02     -0.25268995E-03
       4   11      0.50423874E-04     -0.86366906E-05
       4   12     -0.32878434E-03      0.69353192E-04
       4   13      0.24908016E-03     -0.62375471E-04
       4   14     -0.17205222E-02     -0.17314324E-03
       4   15      0.31330144E-03     -0.38455111E-04

       **************


       ! The    8 -th eigen state. The transition energy is:        0.74523768

     The two digitals below indicate the importance of doing beyong TDA: 

     Components: X       1.00007;    Y      -0.00007

     In the occ-virt project subspace the total Fxy is:

     X       0.99932;    Y      -0.00001    total       0.99932  /      1.00000

     The Chi_i_i is     Total          1               2               3

                     0.43072631E-02    0.10527027E-02    0.14864295E-02    0.17681310E-02

     Now is the components analysis of this transition.

     First we print out only the principle components.

     occ     virt       FX              FY

       2    3       -0.44980       -0.00092
       2    4        0.60159        0.00123
       2    5        0.24978        0.00051
       3    3        0.22395        0.00046
       3    4        0.40053        0.00082
       3    5       -0.14660       -0.00030
       4    3        0.16019        0.00033
       4    5        0.31875        0.00065

     Now for all the calculated particle and hole pairs : 

     occ     virt       FX              FY

       1    1      0.47547214E-05     -0.92805922E-06
       1    2     -0.46427867E-05      0.67815748E-06
       1    3     -0.13910209E-02     -0.31974152E-03
       1    4      0.34694460E-02      0.79693432E-03
       1    5      0.75691309E-03      0.17315193E-03
       1    6      0.12321815E-05      0.16735230E-06
       1    7     -0.10010759E-04     -0.22915033E-06
       1    8      0.16615649E-02      0.47947130E-03
       1    9      0.25313461E-02      0.72672903E-03
       1   10     -0.23527874E-02     -0.67514445E-03
       1   11      0.39147659E-02      0.10361488E-02
       1   12     -0.89309308E-03     -0.23631680E-03
       1   13     -0.54187443E-03     -0.14363869E-03
       1   14      0.40420947E-05     -0.32199229E-06
       1   15      0.15448190E-05     -0.89698272E-06
       2    1      0.40724904E-02     -0.31231339E-03
       2    2     -0.87845323E-01      0.67439611E-03
       2    3     -0.44979665E+00     -0.91759777E-03
       2    4      0.60158967E+00      0.12269849E-02
       2    5      0.24977840E+00      0.50930065E-03
       2    6     -0.43532310E-02     -0.41025956E-04
       2    7      0.22498828E-04      0.11112283E-05
       2    8     -0.15824965E-02     -0.10616301E-03
       2    9     -0.53693782E-02     -0.34042401E-03
       2   10      0.62562454E-02      0.40296202E-03
       2   11     -0.60740562E-03      0.11342129E-03
       2   12     -0.70126376E-06     -0.57628503E-05
       2   13     -0.60078629E-05      0.82276013E-05
       2   14     -0.70160936E-02     -0.71488527E-03
       2   15     -0.13106803E-03      0.11880395E-04
       3    1      0.44909130E-03     -0.34718913E-04
       3    2     -0.97262720E-02      0.74817684E-04
       3    3      0.22394835E+00      0.45615494E-03
       3    4      0.40053174E+00      0.81632931E-03
       3    5     -0.14660143E+00     -0.29860193E-03
       3    6      0.12383997E-01      0.11676227E-03
       3    7      0.40935110E-02      0.38515025E-04
       3    8     -0.47076552E-02     -0.30325907E-03
       3    9     -0.18365768E-02     -0.11734273E-03
       3   10     -0.92345346E-03     -0.60232278E-04
       3   11     -0.13050140E-03      0.16703625E-04
       3   12      0.24231150E-03     -0.51403318E-04
       3   13      0.20030943E-03     -0.50872728E-04
       3   14     -0.84103644E-03     -0.87686070E-04
       3   15      0.52278808E-03     -0.41734176E-04
       4    1     -0.45912907E-03      0.35251131E-04
       4    2      0.99612066E-02     -0.76514392E-04
       4    3      0.16018861E+00      0.32646841E-03
       4    4     -0.69370607E-01     -0.14127215E-03
       4    5      0.31875319E+00      0.64916371E-03
       4    6     -0.30586101E-02     -0.28686468E-04
       4    7      0.15038111E-01      0.14146793E-03
       4    8     -0.72678699E-03     -0.46251922E-04
       4    9      0.31932707E-02      0.20667409E-03
       4   10      0.19386721E-02      0.12625210E-03
       4   11      0.19236339E-04     -0.94913192E-05
       4   12      0.15605433E-03     -0.27884528E-04
       4   13     -0.14709076E-03      0.49199877E-04
       4   14      0.85059556E-03      0.87023153E-04
       4   15      0.51278309E-03     -0.37602306E-04

       **************


       ! The    9 -th eigen state. The transition energy is:        0.74523936

     The two digitals below indicate the importance of doing beyong TDA: 

     Components: X       1.00007;    Y      -0.00007

     In the occ-virt project subspace the total Fxy is:

     X       0.99933;    Y      -0.00001    total       0.99932  /      1.00000

     The Chi_i_i is     Total          1               2               3

                     0.43954820E-02    0.37971376E-04    0.21340986E-02    0.22234120E-02

     Now is the components analysis of this transition.

     First we print out only the principle components.

     occ     virt       FX              FY

       2    3       -0.18728       -0.00038
       2    5       -0.19397       -0.00040
       3    3       -0.44109       -0.00090
       3    5       -0.48663       -0.00099
       4    3       -0.55201       -0.00112
       4    5        0.41557        0.00085

     Now for all the calculated particle and hole pairs : 

     occ     virt       FX              FY

       1    1     -0.77426322E-05      0.54454141E-06
       1    2      0.69041501E-05     -0.36519196E-06
       1    3      0.23901907E-02      0.54152202E-03
       1    4      0.30384685E-03      0.68231609E-04
       1    5      0.30155758E-02      0.68155198E-03
       1    6      0.10089835E-05     -0.46421660E-06
       1    7      0.13938679E-05     -0.47737370E-06
       1    8      0.19555480E-02      0.56138993E-03
       1    9     -0.28737815E-02     -0.82441680E-03
       1   10     -0.17047583E-02     -0.48994454E-03
       1   11     -0.38961422E-03     -0.10332623E-03
       1   12     -0.32121263E-02     -0.84478948E-03
       1   13      0.24546449E-02      0.64503037E-03
       1   14     -0.58448417E-05      0.88610783E-07
       1   15     -0.17397647E-05      0.24321914E-06
       2    1     -0.32289117E-03      0.24824759E-04
       2    2      0.72638841E-02     -0.55805459E-04
       2    3     -0.18728421E+00     -0.38179237E-03
       2    4     -0.73954686E-01     -0.15078116E-03
       2    5     -0.19397375E+00     -0.39552881E-03
       2    6      0.14452912E-02      0.13484559E-04
       2    7      0.17580020E-02     -0.36728706E-04
       2    8      0.17886237E-02      0.12567909E-03
       2    9     -0.16130972E-02     -0.11637076E-03
       2   10     -0.10585924E-02     -0.74728164E-04
       2   11     -0.16548287E-04     -0.19619055E-05
       2   12     -0.18738946E-03      0.36166014E-04
       2   13      0.13314226E-03     -0.11486686E-04
       2   14      0.63014518E-03      0.62824098E-04
       2   15     -0.39832704E-03      0.81207275E-04
       3    1     -0.96137584E-03      0.74195851E-04
       3    2      0.21612507E-01     -0.16618519E-03
       3    3     -0.44109182E+00     -0.89835135E-03
       3    4     -0.84451671E-02     -0.17096396E-04
       3    5     -0.48662637E+00     -0.99106711E-03
       3    6     -0.82957486E-03     -0.79626880E-05
       3    7      0.64261872E-02      0.60385389E-04
       3    8      0.29598069E-02      0.20796107E-03
       3    9     -0.48182400E-02     -0.33389754E-03
       3   10     -0.22349519E-02     -0.15549293E-03
       3   11     -0.87200651E-04      0.20151893E-04
       3   12     -0.37370415E-03      0.75618020E-04
       3   13      0.32818991E-03     -0.50000723E-04
       3   14      0.18482573E-02      0.18522293E-03
       3   15      0.20038435E-03     -0.18442840E-04
       4    1     -0.37430805E-02      0.28862573E-03
       4    2      0.84903030E-01     -0.65253865E-03
       4    3     -0.55201342E+00     -0.11237705E-02
       4    4      0.64986124E-01      0.13232795E-03
       4    5      0.41557443E+00      0.84606928E-03
       4    6      0.98194716E-02      0.92082045E-04
       4    7      0.11345590E-02      0.10844917E-04
       4    8      0.28557341E-02      0.19535084E-03
       4    9     -0.15050272E-02     -0.10267971E-03
       4   10      0.54851082E-02      0.37330747E-03
       4   11     -0.31596270E-03      0.77666441E-04
       4   12     -0.17968856E-03      0.41158309E-04
       4   13     -0.31860059E-03      0.60403679E-04
       4   14      0.70553261E-02      0.69744726E-03
       4   15      0.24042191E-03     -0.35789114E-04

       **************


       ! The   10 -th eigen state. The transition energy is:        0.74592437

     The two digitals below indicate the importance of doing beyong TDA: 

     Components: X       1.00003;    Y      -0.00003

     In the occ-virt project subspace the total Fxy is:

     X       0.99919;    Y      -0.00001    total       0.99918  /      1.00000

     The Chi_i_i is     Total          1               2               3

                     0.74583895E-08    0.62487005E-08    0.66244788E-11    0.12030646E-08

     Now is the components analysis of this transition.

     First we print out only the principle components.

     occ     virt       FX              FY

       2    3        0.40733        0.00064
       2    4        0.29910        0.00047
       3    3        0.41584        0.00066
       3    4       -0.26357       -0.00042
       3    5       -0.48209       -0.00076
       4    3       -0.29316       -0.00046
       4    4       -0.37571       -0.00059
       4    5       -0.17924       -0.00028

     Now for all the calculated particle and hole pairs : 

     occ     virt       FX              FY

       1    1      0.36661823E-06     -0.45222942E-07
       1    2     -0.30059798E-06      0.21154677E-07
       1    3      0.16791251E-05     -0.15197698E-05
       1    4      0.47847601E-05     -0.42924262E-06
       1    5     -0.11195543E-05      0.27883762E-06
       1    6     -0.17925162E-02     -0.46427156E-03
       1    7     -0.13957301E-02     -0.36150755E-03
       1    8     -0.45445879E-05     -0.10874727E-05
       1    9      0.83903889E-05      0.81175522E-06
       1   10     -0.79189970E-05     -0.71630284E-06
       1   11      0.17390902E-05      0.74610152E-06
       1   12     -0.10645864E-05      0.14276698E-05
       1   13     -0.15067714E-05      0.72039195E-06
       1   14      0.12839585E-05      0.26040511E-06
       1   15      0.19623282E-02      0.57998774E-03
       2    1     -0.29638205E-05     -0.21669980E-06
       2    2     -0.12357120E-04      0.17486711E-06
       2    3      0.40732655E+00      0.64368616E-03
       2    4      0.29910330E+00      0.47269689E-03
       2    5      0.92343872E-01      0.14582776E-03
       2    6     -0.15410000E-04      0.63825594E-07
       2    7      0.47758756E-04     -0.14087518E-06
       2    8      0.13265581E-01      0.87656755E-03
       2    9     -0.32976386E-02     -0.21914341E-03
       2   10     -0.28123997E-03     -0.18929852E-04
       2   11      0.47386219E-03      0.32562179E-04
       2   12     -0.11710789E-01     -0.77896869E-03
       2   13     -0.19090602E-02     -0.12635609E-03
       2   14      0.56590776E-04      0.41568148E-05
       2   15     -0.12715821E-03     -0.93887068E-05
       3    1     -0.51594586E-05     -0.79148368E-06
       3    2     -0.10716275E-03      0.12412611E-05
       3    3      0.41584480E+00      0.65637280E-03
       3    4     -0.26356564E+00     -0.41594053E-03
       3    5     -0.48209439E+00     -0.76080406E-03
       3    6      0.86737136E-06      0.59899934E-07
       3    7     -0.28194139E-04     -0.52118231E-07
       3    8      0.17565178E-02      0.11793161E-03
       3    9     -0.43442963E-02     -0.28508465E-03
       3   10      0.17719861E-01      0.11708973E-02
       3   11     -0.13192017E-01     -0.87947535E-03
       3   12     -0.11347742E-02     -0.77090746E-04
       3   13     -0.89936874E-02     -0.59997855E-03
       3   14     -0.35351271E-04     -0.49752615E-05
       3   15     -0.28881638E-04     -0.20087445E-05
       4    1      0.16184749E-05     -0.44094485E-07
       4    2     -0.19241509E-04      0.18732178E-06
       4    3     -0.29316156E+00     -0.46241458E-03
       4    4     -0.37570500E+00     -0.59292980E-03
       4    5     -0.17924457E+00     -0.28274606E-03
       4    6      0.21251285E-04      0.60550070E-07
       4    7     -0.16696687E-04      0.27086709E-07
       4    8     -0.12829712E-01     -0.85040805E-03
       4    9      0.14125213E-02      0.96258611E-04
       4   10      0.41538864E-02      0.27449531E-03
       4   11     -0.38541543E-02     -0.25796683E-03
       4   12      0.11184490E-01      0.74497396E-03
       4   13      0.41573856E-03      0.25876204E-04
       4   14     -0.37379023E-04     -0.30218361E-05
       4   15     -0.53414439E-04     -0.52106589E-05

       **************

     Now generate the eigenvalues list...
     Now generate the spectrum plot file...
     Finished linear response calculation...
 
     lr_dav_main  :      3.80s CPU      4.17s WALL (       1 calls)
     read_wf      :      0.00s CPU      0.02s WALL (       1 calls)
     lr_solve_e   :      0.28s CPU      0.28s WALL (       1 calls)
     calc_residue :      0.20s CPU      0.20s WALL (       4 calls)
     expan_basis  :      0.93s CPU      0.95s WALL (       3 calls)
     matrix       :      0.00s CPU      0.00s WALL (       4 calls)
     mGS_orth     :      0.88s CPU      0.88s WALL (       9 calls)
     mGS_orth_pp  :      0.02s CPU      0.03s WALL (       9 calls)
     one_step     :      2.11s CPU      2.41s WALL (       4 calls)
 
     lr_apply     :      1.71s CPU      1.97s WALL (     116 calls)
     lr_apply_int :      1.31s CPU      1.57s WALL (      58 calls)
     lr_apply_no  :      0.40s CPU      0.41s WALL (      58 calls)
 
     h_psi        :      1.00s CPU      0.98s WALL (     158 calls)
     lr_calc_dens :      0.24s CPU      0.30s WALL (      58 calls)
     lr_dvpsi_e   :      0.28s CPU      0.28s WALL (       3 calls)
     lr_dv_setup  :      0.01s CPU      0.01s WALL (       1 calls)
     dv_of_drho   :      0.33s CPU      0.47s WALL (      58 calls)
     interaction  :      0.22s CPU      0.25s WALL (      58 calls)
     lr_dot       :      0.31s CPU      0.35s WALL (   12894 calls)
     ortho        :      0.03s CPU      0.03s WALL (     122 calls)
     lr_ortho     :      0.03s CPU      0.02s WALL (      98 calls)
 
 
     US routines
     lr_dot_us    :      0.74s CPU      0.83s WALL (   12894 calls)
     lr_sm1_psi   :      0.00s CPU      0.00s WALL (     116 calls)
 
     General routines
     calbec       :      0.00s CPU      0.00s WALL (     206 calls)
     fft          :      0.23s CPU      0.30s WALL (     119 calls)
     fftw         :      0.95s CPU      1.11s WALL (     862 calls)
     interpolate  :      0.01s CPU      0.01s WALL (      58 calls)
     davcio       :      0.00s CPU      0.00s WALL (       4 calls)
 
     Parallel routines
     fft_scatter  :      0.23s CPU      0.30s WALL (     981 calls)
 
 
     turboTDDFT   :     3.80s CPU         4.17s WALL

 
   This run was terminated on:  16:15:50  29Jan2018            

=------------------------------------------------------------------------------=
   JOB DONE.
=------------------------------------------------------------------------------=
