
     Program XSpectra v.7.0 starts on  2Apr2022 at 11:47: 2 

     This program is part of the open-source Quantum ESPRESSO suite
     for quantum simulation of materials; please cite
         "P. Giannozzi et al., J. Phys.:Condens. Matter 21 395502 (2009);
         "P. Giannozzi et al., J. Phys.:Condens. Matter 29 465901 (2017);
         "P. Giannozzi et al., J. Chem. Phys. 152 154105 (2020);
          URL http://www.quantum-espresso.org", 
     in publications or presentations arising from this work. More details at
     http://www.quantum-espresso.org/quote

     Parallel version (MPI), running on     1 processors

     MPI processes distributed on     1 nodes
     22224 MiB available memory on the printing compute node when the environment starts
 

     -------------------------------------------------------------------------
                    __  ____                 _
                    \ \/ / _\_ __   ___  ___| |_ _ __ __ _
                     \  /\ \| '_ \ / _ \/ __| __| \__/ _\ |
                     /  \_\ \ |_) |  __/ (__| |_| | | (_| |
                    /_/\_\__/ .__/ \___|\___|\__|_|  \__,_|
                            |_|

     In publications arising from the use of XSpectra, please cite:
      - O. Bunau and M. Calandra,
        Phys. Rev. B 87, 205105 (2013)
      - Ch. Gougoussis, M. Calandra, A. P. Seitsonen, F. Mauri,
        Phys. Rev. B 80, 075102 (2009)
      - M. Taillefumier, D. Cabaret, A. M. Flank, and F. Mauri,
        Phys. Rev. B 66, 195107 (2002)

     -------------------------------------------------------------------------
                                Reading input_file
     -------------------------------------------------------------------------

     calculation: xanes_dipole

     xepsilon  [crystallographic coordinates]:   1.000000   1.000000   0.000000

     xonly_plot: FALSE
        => complete calculation: Lanczos + spectrum plot

     filecore (core-wavefunction file): Si.wfc              
 
     main plot parameters:
        cut_occ_states: TRUE
        gamma_mode:  constant
        -> using xgamma [eV]:  0.80
        xemin [eV]: -10.00
        xemax [eV]: 100.00
        xnepoint: 1000
        energy zero automatically set to the Fermi level

     Fermi level determined from SCF save directory (SiO2.save)
     NB: For an insulator (SCF calculated with occupations="fixed")
         the Fermi level will be placed at the position of HOMO.
 
     WARNING: variable ef_r is obsolete

     -------------------------------------------------------------------------
                      Reading SCF save directory: SiO2.save
     -------------------------------------------------------------------------


     Reading xml data from directory:

     WARNING: atomic wfc #  2 for atom typeSi has zero norm
     WARNING: atomic wfc #  2 for atom typeSi has zero norm
     file O_PBE_USPP.UPF: wavefunction(s)  2S renormalized

     IMPORTANT: XC functional enforced from input :
     Exchange-correlation= PBE
                           (   1   4   3   4   0   0   0)
     Any further DFT definition will be discarded
     Please, verify this is what you really want

 
     G-vector sticks info
     --------------------
     sticks:   dense  smooth     PW     G-vecs:    dense   smooth      PW
     Sum         889     475    139                47263    18425    2965
 
     Using Slab Decomposition
 

     negative rho (up, down):  1.222E-03 0.000E+00
     Reading collected, re-writing distributed wavefunctions

     -------------------------------------------------------------------------
                           Getting the Fermi energy 
     -------------------------------------------------------------------------

     From SCF save directory:
        ehomo [eV]:    0.4547 (highest occupied level)
        elumo [eV]:    1.0864 (lowest occupied level)
        ef    [eV]:    0.4547

     -> ef (in eV) will be written in x_save_file

     -------------------------------------------------------------------------
                           Energy zero of the spectrum 
     -------------------------------------------------------------------------

     -> ef will be used as energy zero of the spectrum

Environ Warning (1006): interface not initialized - skipping cleanup

 
     Reading input from environ.in:
     * Environ restarting
     * using ionic solvent mode
     * setting boundary derivatives method to SSCS default
     

     ================================================================================
 
                                  Environ Setup Summary

     ================================================================================
 
     Please cite
         "O. Andreussi, I. Dabo and N. Marzari, J. Chem. Phys. 136, 064102 (2012)"
     in publications or presentations arising from this work.

     Parameters
     ==========

     compensation onset threshold      =               0.1000E+03
     static permittivity               =                   100.00

     Solvent Boundary
     ================

     solvent mode                      =                    ionic
     derivatives method                =                   lowmem
     numerical core for derivatives    =                      fft
     switching function adopted        =                     SCCS
     density limit for vacuum region   =               0.5000E-02
     density limit for bulk solvent    =               0.1000E-03
     soft-sphere radius mode           =                      uff
     soft-sphere softness              =                     0.50
     alpha                             =                     1.00

     Electrostatic Setup
     ===================

     electrostatic problem to solve    =              generalized
     numerical solver adopted          =                       cg
     type of auxiliary density adopted =                     none
     numerical core for poisson        =                      fft

     ================================================================================
 
 
     G-vector sticks info
     --------------------
     sticks:   dense  smooth     PW     G-vecs:    dense   smooth      PW
     Sum         889     475    163                47263    18425    3531
 
     Using Slab Decomposition
 


     bravais-lattice index     =            4
     lattice parameter (alat)  =       9.2863  a.u.
     unit-cell volume          =    1525.8835 (a.u.)^3
     number of atoms/cell      =            9
     number of atomic types    =            3
     number of electrons       =        48.00
     number of Kohn-Sham states=           30
     kinetic-energy cutoff     =      20.0000  Ry
     charge density cutoff     =     150.0000  Ry
     Exchange-correlation= PBE
                           (   1   4   3   4   0   0   0)

     ================================================================================
 
                                  Environ Setup Summary

     ================================================================================
 
     Please cite
         "O. Andreussi, I. Dabo and N. Marzari, J. Chem. Phys. 136, 064102 (2012)"
     in publications or presentations arising from this work.

     Parameters
     ==========

     compensation onset threshold      =               0.1000E+03
     static permittivity               =                   100.00

     Solvent Boundary
     ================

     solvent mode                      =                    ionic
     derivatives method                =                   lowmem
     numerical core for derivatives    =                      fft
     switching function adopted        =                     SCCS
     density limit for vacuum region   =               0.5000E-02
     density limit for bulk solvent    =               0.1000E-03
     soft-sphere radius mode           =                      uff
     soft-sphere softness              =                     0.50
     alpha                             =                     1.00

     Electrostatic Setup
     ===================

     electrostatic problem to solve    =              generalized
     numerical solver adopted          =                       cg
     type of auxiliary density adopted =                     none
     numerical core for poisson        =                      fft

     ================================================================================
 

     celldm(1)=   9.286303  celldm(2)=   0.000000  celldm(3)=   2.200200
     celldm(4)=   0.000000  celldm(5)=   0.000000  celldm(6)=   0.000000

     crystal axes: (cart. coord. in units of alat)
               a(1) = (   1.000000   0.000000   0.000000 )  
               a(2) = (  -0.500000   0.866025   0.000000 )  
               a(3) = (   0.000000   0.000000   2.200200 )  

     reciprocal axes: (cart. coord. in units 2 pi/alat)
               b(1) = (  1.000000  0.577350  0.000000 )  
               b(2) = (  0.000000  1.154701  0.000000 )  
               b(3) = (  0.000000  0.000000  0.454504 )  


     PseudoPot. # 1 for Si read from file:
     MD5 check sum: 2fb286e7979bc4fe35b54746d77eb429
     Pseudo is Ultrasoft, Zval =  4.0
     Generated by new atomic code, or converted to UPF format
     Using radial grid of 1141 points,  4 beta functions with: 
                l(1) =   0
                l(2) =   0
                l(3) =   1
                l(4) =   1
     Q(r) pseudized with 0 coefficients 


     PseudoPot. # 2 for Si read from file:
     MD5 check sum: 2fb286e7979bc4fe35b54746d77eb429
     Pseudo is Ultrasoft, Zval =  4.0
     Generated by new atomic code, or converted to UPF format
     Using radial grid of 1141 points,  4 beta functions with: 
                l(1) =   0
                l(2) =   0
                l(3) =   1
                l(4) =   1
     Q(r) pseudized with 0 coefficients 


     PseudoPot. # 3 for O  read from file:
     MD5 check sum: 390ba29e75625707450f3bd3f0eb6be9
     Pseudo is Ultrasoft, Zval =  6.0
     Generated by new atomic code, or converted to UPF format
     Using radial grid of 1269 points,  4 beta functions with: 
                l(1) =   0
                l(2) =   0
                l(3) =   1
                l(4) =   1
     Q(r) pseudized with 0 coefficients 


     atomic species   valence    mass     pseudopotential
        Sih            4.00    28.08600     Si( 1.00)
        Si             4.00    28.08600     Si( 1.00)
        O              6.00    15.99940     O ( 1.00)

     No symmetry found



   Cartesian axes

     site n.     atom                  positions (alat units)
         1           Sih tau(   1) = (   0.4699998   0.0000000   0.0000000  )
         2           Si  tau(   2) = (  -0.2349999   0.4070318   0.7333997  )
         3           Si  tau(   3) = (  -0.2349999  -0.4070318   0.3666999  )
         4           O   tau(   4) = (   0.2792499   0.2318349   0.1308019  )
         5           O   tau(   5) = (   0.0611500   0.3577550   0.6025979  )
         6           O   tau(   6) = (  -0.3403999   0.1259201   0.8642016  )
         7           O   tau(   7) = (  -0.3403999  -0.1259201   0.2358980  )
         8           O   tau(   8) = (   0.0611500  -0.3577550   0.4975017  )
         9           O   tau(   9) = (   0.2792499  -0.2318349  -0.1308019  )

     number of k points=     4  Methfessel-Paxton smearing, width (Ry)=  0.0300
                       cart. coord. in units 2pi/alat
        k(    1) = (   0.0000000   0.0000000   0.0000000), wk =   0.5000000
        k(    2) = (   0.0000000   0.5773503   0.0000000), wk =   0.5000000
        k(    3) = (   0.5000000   0.2886751   0.0000000), wk =   0.5000000
        k(    4) = (   0.5000000   0.8660254   0.0000000), wk =   0.5000000

     Dense  grid:    47263 G-vectors     FFT dimensions: (  40,  40,  80)

     Smooth grid:    18425 G-vectors     FFT dimensions: (  27,  27,  60)

     Estimated max dynamical RAM per process >      57.77 MB

Environ Warning (1005): wrong integral of erfc function


Environ Warning (1005): wrong integral of erfc function


Environ Warning (1005): wrong integral of erfc function


     The potential is recalculated from file :


     add environment contribution to local potential
     Polarization accuracy = 7.1E-06, # of iterations =  29

     the potential shift due to the Gaussian-smeared nuclei is    -0.6723 ev

     negative rho (up, down):  1.222E-03 0.000E+00
     Starting wfcs are   60 atomic wfcs

     -------------------------------------------------------------------------
               Reading core wavefunction file for the absorbing atom
     -------------------------------------------------------------------------

     Si.wfc successfully read

     -------------------------------------------------------------------------
                              Attributing the PAW radii 
                     for the absorbing atom [units: Bohr radius]
     -------------------------------------------------------------------------

        PAW proj 1: r_paw(l= 0)= 3.60  (1.5*r_cut)
        PAW proj 2: r_paw(l= 0)= 3.60  (1.5*r_cut)
        PAW proj 5: r_paw(l= 2)= 3.00  (1.5*r_cut)
 
        NB: The calculation will not necessary use all these r_paw values.
            - For a edge in the electric-dipole approximation,
              only the r_paw(l=1) values are used.
            - For a K edge in the electric-quadrupole approximation,
              only the r_paw(l=2) values are used.

            - For a L2 or L3 edge in the electric-quadrupole approximation,

              all projectors (s, p and d) are used.


     init_gipaw_1: projectors nearly linearly dependent:
     ntyp =  1, l/n1/n2 =  1 2 1  0.99554741


     -------------------------------------------------------------------------
                          Starting XANES calculation
                     in the electric dipole approximation
     -------------------------------------------------------------------------

     Method of calculation based on the Lanczos recursion algorithm
     --------------------------------------------------------------
        - STEP 1: Construction of a kpoint-dependent Lanczos basis,
          in which the Hamiltonian is tridiagonal (each 'iter' 
          corresponds to the calculation of one more Lanczos vector)
        - STEP 2: Calculation of the cross-section as a continued fraction
          averaged over the k-points.

     ... Begin STEP 1 ...

        Radial transition matrix element(s) used in the calculation of the
        initial vector of the Lanczos basis (|tilde{phi}_abs> normalized)
        | For PAW proj. (l=1) #1: radial matrix element =   0.026695735
        | For PAW proj. (l=1) #2: radial matrix element =   0.024893931
 
        |-------------------------------------------------------------
        ! k-point #     1:  ( 0.0000,  0.0000,  0.0000),  0.5000,   1
        |-------------------------------------------------------------
 okvan= T
        |   Norm of the initial Lanczos vector: 0.14418589E-01
        |   Estimated error at iter     50:   1.00209203
        |   Estimated error at iter    100:   0.13976030
        |   Estimated error at iter    150:   0.02972226
        |   Estimated error at iter    200:   0.01024265
        |   Estimated error at iter    250:   0.00354800
        |   Estimated error at iter    300:   0.00183312
        !   => CONVERGED at iter    350 with error=  0.00068033
        |-------------------------------------------------------------
        ! k-point #     2:  ( 0.0000,  0.5774,  0.0000),  0.5000,   1
        |-------------------------------------------------------------
 okvan= T
        |   Norm of the initial Lanczos vector: 0.14419590E-01
        |   Estimated error at iter     50:   1.00198326
        |   Estimated error at iter    100:   0.11120864
        |   Estimated error at iter    150:   0.02213344
        |   Estimated error at iter    200:   0.00699028
        |   Estimated error at iter    250:   0.00486125
        |   Estimated error at iter    300:   0.00131982
        !   => CONVERGED at iter    350 with error=  0.00061542
        |-------------------------------------------------------------
        ! k-point #     3:  ( 0.5000,  0.2887,  0.0000),  0.5000,   1
        |-------------------------------------------------------------
 okvan= T
        |   Norm of the initial Lanczos vector: 0.14419586E-01
        |   Estimated error at iter     50:   1.00223964
        |   Estimated error at iter    100:   0.08324236
        |   Estimated error at iter    150:   0.02437464
        |   Estimated error at iter    200:   0.00646555
        |   Estimated error at iter    250:   0.00381890
        |   Estimated error at iter    300:   0.00133659
        !   => CONVERGED at iter    350 with error=  0.00062432
        |-------------------------------------------------------------
        ! k-point #     4:  ( 0.5000,  0.8660,  0.0000),  0.5000,   1
        |-------------------------------------------------------------
 okvan= T
        |   Norm of the initial Lanczos vector: 0.14417343E-01
        |   Estimated error at iter     50:   1.00179434
        |   Estimated error at iter    100:   0.08861858
        |   Estimated error at iter    150:   0.02021754
        |   Estimated error at iter    200:   0.00711832
        |   Estimated error at iter    250:   0.00561365
        |   Estimated error at iter    300:   0.00147236
        !   => CONVERGED at iter    350 with error=  0.00062029

     Results of STEP 1 successfully written in x_save_file
     x_save_file name: 
     ->  SiO2.xspectra_dip_plane.sav                                      
     x_save_file version:  2

     ... End STEP 1 ...

     ... Begin STEP 2 ...

     The spectrum is calculated using the following parameters:
        energy-zero of the spectrum [eV]:    0.4547
        the occupied states are elimintate from the spectrum
        xemin [eV]: -10.00
        xemax [eV]: 100.00
        xnepoint: 1000
        constant broadening parameter [eV]:    0.800
        Core level energy [eV]:  -1839.    
         (from electron binding energy of neutral atoms in X-ray data booklet)

     Cross-section successfully written in xanes.dat                                                                                                                                                                                                                                                       

     ... End STEP 2 ...

     xanes        :      5.47s CPU      5.57s WALL (       1 calls)
 
     Environ routines

     -------------------------------------------------------------------------
                                END JOB XSpectra
     -------------------------------------------------------------------------

