
     Program turboTDDFT v.7.0 starts on  3May2022 at  8: 5:28 

     This program is part of the open-source Quantum ESPRESSO suite
     for quantum simulation of materials; please cite
         "P. Giannozzi et al., J. Phys.:Condens. Matter 21 395502 (2009);
         "P. Giannozzi et al., J. Phys.:Condens. Matter 29 465901 (2017);
         "P. Giannozzi et al., J. Chem. Phys. 152 154105 (2020);
          URL http://www.quantum-espresso.org", 
     in publications or presentations arising from this work. More details at
     http://www.quantum-espresso.org/quote

     Parallel version (MPI), running on     1 processors

     MPI processes distributed on     1 nodes
     19163 MiB available memory on the printing compute node when the environment starts


     Reading xml data from directory:

     file H.pz-vbc.UPF: wavefunction(s)  1S renormalized

     IMPORTANT: XC functional enforced from input :
     Exchange-correlation= PZ
                           (   1   1   0   0   0   0   0)
     Any further DFT definition will be discarded
     Please, verify this is what you really want


     G-vector sticks info
     --------------------
     sticks:   dense  smooth     PW     G-vecs:    dense   smooth      PW
     Sum        3181    3181    793               135043   135043   16879

     Using Slab Decomposition

     Reading collected, re-writing distributed wavefunctions
 Symmetries are disabled for the gamma_only case

     Reading input from environ.in:
     * using electronic solvent mode
     * setting boundary derivatives method to SCCS default
     

     add environment contribution to local potential

     the potential shift due to the Gaussian-smeared nuclei is    -0.0214 ev
     Subspace diagonalization in iterative solution of the eigenvalue problem:
     a serial algorithm will be used


     ================================================================================

                                  Environ Setup Summary

     ================================================================================

     Please cite

          O. Andreussi, I. Dabo and N. Marzari, J. Chem. Phys. 136, 064102 (2012)
          I. Timrov, O. Andreussi, A. Biancardi, N. Marzari, and S. Baroni, J. Chem. Phys. 142, 034111 (2015)

     in publications or presentations arising from this work.

     ================================================================================

     Parameters
     ==========

     compensation onset threshold      =               0.1000E+00
     static permittivity               =                    78.50
     optical permittivity              =                   1.7760

     Solvent Boundary
     ================

     solvent mode                      =               electronic
     derivatives method                =                    chain
     numerical core for derivatives    =                      fft
     switching function adopted        =                     SCCS
     density limit for vacuum region   =               0.5000E-02
     density limit for bulk solvent    =               0.1000E-03

     Electrostatic Setup
     ===================

     electrostatic problem to solve    =              generalized
     numerical solver adopted          =                       cg
     type of auxiliary density adopted =                     none
     numerical core for poisson        =                      fft

     ================================================================================

     Allocating    16 extra bands for projection

     =-----------------------------------------------------------------=

     Please cite the TDDFPT project as:
       X. Ge, S. J. Binnie, D. Rocca, R. Gebauer, and S. Baroni,
       Comput. Phys. Commun. 185, 2080 (2014)
     in publications and presentations arising from this work.

     =-----------------------------------------------------------------=

     Virt read

     Gamma point algorithm
     Num of eigen values=             10
     Allocating parameters for davidson ...

     Estimating the RAM requirements:
          For the basis sets:         231.81     M
          For the eigenvectors:          20.61     M
          Num_eign =   10     Num_basis_max =  150
          Reference =  0.00  Ry
     Do make sure that you have enough RAM.

     poor_of_ram2 is set to .false.. This means that you would like to increase the speed 
     by storing the D_basis and C_basis vectors which will cause three time of the memory cost.
     Switch it to .true. if you need to save memory.

     Finished allocating parameters.
     Initiating variables for davidson ...
     Lowest energy electron-hole pairs are used as initial vectors ...
     Calculating the electron-hole pairs for initiating trial vectors ...

              1         4         1           0.631965647127
              2         3         1           0.631971262007
              3         2         1           0.631972240914
              4         4         2           0.726707818885
              5         3         2           0.726713433764
              6         2         2           0.726714412672
              7         4         3           0.739807088004
              8         4         4           0.739807383571
              9         4         5           0.739808114978
             10         3         3           0.739812702884
             11         3         4           0.739812998451
             12         2         3           0.739813681791
             13         3         5           0.739813729857
             14         2         4           0.739813977359
             15         2         5           0.739814708765
             16         4         6           0.749332659324
             17         4         7           0.749333198368
             18         3         6           0.749338274204
             19         3         7           0.749338813248
             20         2         6           0.749339253112
             21         2         7           0.749339792156
             22         4         8           0.806778794171
             23         4         9           0.806778920157
             24         4        10           0.806779640996
             25         3         8           0.806784409051
             26         3         9           0.806784535037
             27         3        10           0.806785255875
             28         2         8           0.806785387959
             29         2         9           0.806785513945
             30         2        10           0.806786234783
             31         4        11           0.834346447622
             32         4        12           0.834348159963
             33         3        11           0.834352062501
             34         2        11           0.834353041409
             35         3        12           0.834353774842
             36         2        12           0.834354753750
             37         4        13           0.834372616581
             38         3        13           0.834378231460
             39         2        13           0.834379210368
             40         4        14           0.844108485154
             41         3        14           0.844114100033
             42         2        14           0.844115078941
             43         4        15           0.845997093082
             44         3        15           0.846002707961
             45         2        15           0.846003686869
             46         1         1           1.191261351174
             47         1         2           1.286003522931
             48         1         3           1.299102792051
             49         1         4           1.299103087618
             50         1         5           1.299103819025
             51         1         6           1.308628363371
             52         1         7           1.308628902415
             53         1         8           1.366074498218
             54         1         9           1.366074624204
             55         1        10           1.366075345043
             56         1        11           1.393642151668
             57         1        12           1.393643864010
             58         1        13           1.393668320627
             59         1        14           1.403404189201
             60         1        15           1.405292797128
     Finished calculating the cv couples.
     Finished initiating.

     Precondition is used in the algorithm,

     total cpu time spent up to now is        1.1 secs

       ==============================

       Davidson iteration:        1
       num of basis:   20   total built basis:   20
        20     Transition energy    1  :                  0.6336011046
        20     Transition energy    2  :                  0.6336043380
        20     Transition energy    3  :                  0.6336177370
        20     Transition energy    4  :                  0.7305689031
        20     Transition energy    5  :                  0.7305727171
        20     Transition energy    6  :                  0.7305943999
        20     Transition energy    7  :                  0.7373566365
        20     Transition energy    8  :                  0.7373595430
        20     Transition energy    9  :                  0.7373762230
        20     Transition energy   10  :                  0.7373810949
     Residue(Squared modulus):    1        0.0090328      0.0000003
     Residue(Squared modulus):    2        0.0090332      0.0000003
     Residue(Squared modulus):    3        0.0090617      0.0000003
     Residue(Squared modulus):    4        0.0106308      0.0000005
     Residue(Squared modulus):    5        0.0106311      0.0000005
     Residue(Squared modulus):    6        0.0107128      0.0000005
     Residue(Squared modulus):    7        0.0015896      0.0000006
     Residue(Squared modulus):    8        0.0015299      0.0000011
     Residue(Squared modulus):    9        0.0062528      0.0000006
     Residue(Squared modulus):   10        0.0063959      0.0000006
       Largest residue:           0.010712824727

     total cpu time spent up to now is        4.9 secs

       ==============================

       Davidson iteration:        2
       num of basis:   30   total built basis:   30
        30     Transition energy    1  :                  0.6322515874
        30     Transition energy    2  :                  0.6322558333
        30     Transition energy    3  :                  0.6322784678
        30     Transition energy    4  :                  0.7289906320
        30     Transition energy    5  :                  0.7289954472
        30     Transition energy    6  :                  0.7290229266
        30     Transition energy    7  :                  0.7363388493
        30     Transition energy    8  :                  0.7363428610
        30     Transition energy    9  :                  0.7366513356
        30     Transition energy   10  :                  0.7369925627
     Residue(Squared modulus):    1        0.0007568      0.0002548
     Residue(Squared modulus):    2        0.0007557      0.0002548
     Residue(Squared modulus):    3        0.0007444      0.0002770
     Residue(Squared modulus):    4        0.0009816      0.0004064
     Residue(Squared modulus):    5        0.0009805      0.0004086
     Residue(Squared modulus):    6        0.0009626      0.0004308
     Residue(Squared modulus):    7        0.0002362      0.0002849
     Residue(Squared modulus):    8        0.0002368      0.0002873
     Residue(Squared modulus):    9        0.0019560      0.0004413
     Residue(Squared modulus):   10        0.0001708      0.0002884
       Largest residue:           0.001956013191

     total cpu time spent up to now is        7.3 secs

       ==============================

       Davidson iteration:        3
       num of basis:   50   total built basis:   50
        50     Transition energy    1  :                  0.6321221027
        50     Transition energy    2  :                  0.6321271191
        50     Transition energy    3  :                  0.6321291122
        50     Transition energy    4  :                  0.7287892476
        50     Transition energy    5  :                  0.7287925523
        50     Transition energy    6  :                  0.7288052509
        50     Transition energy    7  :                  0.7362073344
        50     Transition energy    8  :                  0.7362093099
        50     Transition energy    9  :                  0.7362457463
        50     Transition energy   10  :                  0.7368797638
     Residue(Squared modulus):    1        0.0000425      0.0000512
     Residue(Squared modulus):    2        0.0000416      0.0000499
     Residue(Squared modulus):    3        0.0000443      0.0000584
     Residue(Squared modulus):    4        0.0000783      0.0000848
     Residue(Squared modulus):    5        0.0000786      0.0000862
     Residue(Squared modulus):    6        0.0000864      0.0000982
     Residue(Squared modulus):    7        0.0001183      0.0000998
     Residue(Squared modulus):    8        0.0001200      0.0001002
     Residue(Squared modulus):    9        0.0001247      0.0003043
     Residue(Squared modulus):   10        0.0001100      0.0000987
       Largest residue:           0.000304293470

     total cpu time spent up to now is       11.6 secs

       ==============================

       Davidson iteration:        4
       num of basis:   56   total built basis:   56
        56     Transition energy    1  :                  0.6321214747
        56     Transition energy    2  :                  0.6321265114
        56     Transition energy    3  :                  0.6321282304
        56     Transition energy    4  :                  0.7287890428
        56     Transition energy    5  :                  0.7287916354
        56     Transition energy    6  :                  0.7288034356
        56     Transition energy    7  :                  0.7361765651
        56     Transition energy    8  :                  0.7361806867
        56     Transition energy    9  :                  0.7361883856
        56     Transition energy   10  :                  0.7368200962
     Residue(Squared modulus):    1        0.0000373      0.0000410
     Residue(Squared modulus):    2        0.0000358      0.0000390
     Residue(Squared modulus):    3        0.0000409      0.0000523
     Residue(Squared modulus):    4        0.0000781      0.0000783
     Residue(Squared modulus):    5        0.0000800      0.0000831
     Residue(Squared modulus):    6        0.0000885      0.0000963
     Residue(Squared modulus):    7        0.0000290      0.0000328
     Residue(Squared modulus):    8        0.0000227      0.0000421
     Residue(Squared modulus):    9        0.0000429      0.0000385
     Residue(Squared modulus):   10        0.0000465      0.0000588
       Largest residue:           0.000096283417

       ================================================================

       Davidson diagonalization has finished in    4 steps.
          the number of current basis is   56
          the number of total basis built is   56

       Now print out information of eigenstates


     K-S Oscillator strengths
     occ con        R-x              R-y              R-z
       1   1     0.35059476E-05    0.48623811E-05   -0.17330472E-05
       1   2    -0.36563823E-05    0.43413982E-07   -0.99158814E-06
       1   3    -0.34287160E-01   -0.30255446E-01   -0.36911642E-01
       1   4     0.76744240E-02   -0.48332381E-01    0.32504064E-01
       1   5    -0.47107110E-01    0.14182180E-01    0.32174518E-01
       1   6    -0.16803615E-05    0.34739993E-05   -0.54434203E-05
       1   7     0.29371285E-05   -0.12923703E-04    0.27662657E-05
       1   8     0.36659631E-01    0.45187287E-01   -0.25482680E-01
       1   9     0.45787954E-01   -0.42838533E-01   -0.10104234E-01
       1  10    -0.24383877E-01   -0.12487321E-01   -0.57313692E-01
       1  11     0.35412266E-01   -0.37003037E-01   -0.45432423E-01
       1  12    -0.56747375E-01   -0.85325003E-02   -0.37222271E-01
       1  13    -0.14526690E-01   -0.56994606E-01    0.35207642E-01
       1  14    -0.23529149E-04    0.11915938E-03   -0.20342312E-03
       1  15     0.21788501E-03    0.17680867E-03    0.12271191E-03
       2   1     0.26740174E-01    0.30688140E+00    0.28986562E+00
       2   2     0.22582307E-01    0.26040380E+00    0.24598373E+00
       2   3     0.35030710E-01    0.18962841E-01    0.19679231E-01
       2   4     0.70726136E-02   -0.53938727E-02   -0.18543328E-02
       2   5    -0.24226730E-01    0.22592632E-01    0.24213404E-01
       2   6    -0.88805730E-02   -0.69010228E-01    0.16151950E+00
       2   7    -0.12147738E-01    0.15744988E+00   -0.17783886E-01
       2   8     0.11113235E+00    0.20930787E+00    0.26199827E+00
       2   9    -0.32659019E+00    0.27364762E+00    0.27140915E+00
       2  10    -0.44632810E+00   -0.18092715E+00   -0.16423410E+00
       2  11     0.19647529E-01   -0.72760094E-02   -0.79390036E-02
       2  12     0.11622730E-01    0.14200937E-01    0.13930325E-01
       2  13     0.49277529E-02    0.33108180E-02    0.59208114E-02
       2  14     0.16143079E-01    0.19491832E+00    0.18421994E+00
       2  15     0.14082904E-02    0.16835831E+00   -0.14168411E+00
       3   1     0.36611236E+00    0.12785613E+00   -0.16892873E+00
       3   2     0.31061689E+00    0.10846769E+00   -0.14343710E+00
       3   3    -0.74214094E-03    0.13387385E-01    0.27010273E-01
       3   4    -0.21611599E-01   -0.18507500E-01    0.29193296E-01
       3   5    -0.28737883E-02   -0.34388893E-01    0.19031863E-02
       3   6    -0.12166137E+00   -0.28751103E-01   -0.94165229E-01
       3   7    -0.16494218E+00    0.65500496E-01    0.10346827E-01
       3   8    -0.22921646E+00   -0.32657158E+00    0.44657986E+00
       3   9     0.12522918E+00   -0.24065976E+00   -0.20672804E+00
       3  10    -0.10943932E+00   -0.35488300E+00   -0.16195674E+00
       3  11    -0.40562972E-03    0.17997968E-01    0.72158695E-02
       3  12     0.32657748E-02    0.44010578E-02    0.77651241E-02
       3  13    -0.10824746E-01   -0.11187773E-01    0.17816541E-01
       3  14     0.23218916E+00    0.80781925E-01   -0.10770790E+00
       3  15    -0.18227437E-01    0.68996673E-01    0.86724201E-01
       4   1    -0.21030017E+00    0.26163524E+00   -0.25744864E+00
       4   2    -0.17825666E+00    0.22195602E+00   -0.21835336E+00
       4   3     0.31048300E-02   -0.28847194E-01    0.44682718E-02
       4   4    -0.36608819E-01    0.15437645E-01   -0.21316894E-01
       4   5    -0.86600535E-02   -0.91590158E-02    0.26931499E-01
       4   6     0.69823244E-01   -0.58767089E-01   -0.14350671E+00
       4   7     0.94932946E-01    0.13402969E+00    0.16086488E-01
       4   8    -0.38498116E+00   -0.85890881E-01    0.19369999E-02
       4   9     0.17641006E+00   -0.20321829E+00    0.44151541E+00
       4  10    -0.24779505E+00    0.38527354E+00   -0.78691504E-01
       4  11     0.17514477E-02   -0.20545997E-03   -0.13726486E-01
       4  12     0.71346976E-02   -0.18384192E-01    0.10858462E-01
       4  13    -0.15932193E-01    0.20687611E-02   -0.62493302E-02
       4  14    -0.13339307E+00    0.16707876E+00   -0.16382314E+00
       4  15     0.93445803E-02    0.13988637E+00    0.12769703E+00

       ! The    1 -th eigen state. The transition energy is:        0.63212147

     The two digitals below indicate the importance of doing beyong TDA: 

     Components: X       1.00014;    Y      -0.00014

     In the occ-virt project subspace the total Fxy is:

     X       0.99936;    Y      -0.00002    total       0.99934  /      1.00000

     The Chi_i_i is     Total          1               2               3

                     0.36556192E-01    0.10448300E-01    0.10585605E-01    0.15522287E-01

     Now is the components analysis of this transition.

     First we print out only the principle components.

     occ     virt       FX              FY

       4    1       -0.99419        0.00013

     Now for all the calculated particle and hole pairs : 

     occ     virt       FX              FY

       1    1     -0.26427777E-05     -0.42278965E-06
       1    2     -0.61530258E-06      0.20261231E-06
       1    3      0.11226202E-02      0.32939339E-03
       1    4     -0.23176092E-02     -0.64977722E-03
       1    5      0.57005409E-03      0.14901306E-03
       1    6      0.27868201E-06      0.17772295E-06
       1    7     -0.87702806E-06      0.62905961E-06
       1    8     -0.14211111E-02     -0.46326413E-03
       1    9      0.27100120E-02      0.89005237E-03
       1   10     -0.28771149E-02     -0.93403312E-03
       1   11     -0.42116468E-03     -0.12232929E-03
       1   12      0.20145795E-02      0.67238393E-03
       1   13     -0.18402808E-02     -0.60073737E-03
       1   14      0.82090646E-06      0.79447102E-06
       1   15      0.35697291E-05      0.13290008E-05
       2    1      0.89786087E-01     -0.11171471E-04
       2    2     -0.22742308E-02     -0.15844371E-03
       2    3      0.15632435E-02      0.12269961E-03
       2    4      0.40366812E-03      0.31653385E-04
       2    5     -0.67751905E-03     -0.53971929E-04
       2    6      0.93596928E-02      0.79402846E-03
       2    7     -0.51521199E-02     -0.64245293E-03
       2    8      0.19333345E-02      0.23991735E-03
       2    9     -0.25801852E-02     -0.29792334E-03
       2   10     -0.41842263E-02     -0.51176334E-03
       2   11      0.18003969E-03     -0.29449471E-04
       2   12      0.17715470E-03     -0.39751176E-04
       2   13      0.11091551E-03     -0.16428188E-04
       2   14     -0.10225530E-02     -0.17658571E-03
       2   15     -0.48108056E-02     -0.71868232E-03
       3    1      0.39662218E-01     -0.47739162E-05
       3    2     -0.10038046E-02     -0.69879723E-04
       3    3      0.73046503E-03      0.57348610E-04
       3    4      0.12855426E-02      0.10076954E-03
       3    5      0.13178657E-02      0.10377942E-03
       3    6     -0.75524622E-02     -0.64066696E-03
       3    7     -0.79459267E-02     -0.67394709E-03
       3    8      0.61259414E-02      0.70535045E-03
       3    9      0.11698225E-02      0.12501559E-03
       3   10      0.62399149E-03      0.48070045E-04
       3   11     -0.66723486E-04      0.11183542E-04
       3   12      0.10274325E-03     -0.27188194E-04
       3   13      0.23467312E-03     -0.52649954E-04
       3   14     -0.51608024E-03     -0.81656479E-04
       3   15      0.15625340E-03      0.27035731E-04
       4    1     -0.99419120E+00      0.12725817E-03
       4    2      0.25205913E-01      0.17550367E-02
       4    3      0.14950082E-02      0.11694309E-03
       4    4     -0.30661465E-02     -0.24038629E-03
       4    5      0.13228940E-02      0.10400125E-03
       4    6     -0.16702691E-02     -0.14155456E-03
       4    7     -0.74651334E-03     -0.62958295E-04
       4    8     -0.26830827E-02     -0.33479391E-03
       4    9      0.85877353E-02      0.10122532E-02
       4   10     -0.69175546E-02     -0.79726741E-03
       4   11     -0.16330073E-03      0.34515733E-04
       4   12      0.40588193E-03     -0.69458926E-04
       4   13     -0.30782513E-03      0.65773895E-04
       4   14      0.12513032E-01      0.20448641E-02
       4   15      0.19958798E-03      0.43075525E-04

       **************


       ! The    2 -th eigen state. The transition energy is:        0.63212651

     The two digitals below indicate the importance of doing beyong TDA: 

     Components: X       1.00014;    Y      -0.00014

     In the occ-virt project subspace the total Fxy is:

     X       0.99935;    Y      -0.00002    total       0.99933  /      1.00000

     The Chi_i_i is     Total          1               2               3

                     0.36573047E-01    0.25594076E-01    0.19018955E-02    0.90770757E-02

     Now is the components analysis of this transition.

     First we print out only the principle components.

     occ     virt       FX              FY

       2    1        0.12330       -0.00002
       3    1       -0.99098        0.00013

     Now for all the calculated particle and hole pairs : 

     occ     virt       FX              FY

       1    1      0.23521317E-06      0.49203855E-06
       1    2     -0.99745683E-08      0.45125547E-06
       1    3     -0.74684504E-03     -0.21136599E-03
       1    4     -0.90536767E-03     -0.25581012E-03
       1    5     -0.23317923E-02     -0.65752181E-03
       1    6     -0.14301680E-05      0.40813312E-06
       1    7      0.22136618E-05     -0.32627912E-06
       1    8     -0.35318310E-02     -0.11578787E-02
       1    9     -0.22074826E-02     -0.72804818E-03
       1   10     -0.35095581E-03     -0.11715177E-03
       1   11      0.17704809E-02      0.58609362E-03
       1   12     -0.12219881E-02     -0.40694317E-03
       1   13     -0.16894273E-02     -0.56303423E-03
       1   14      0.27035689E-05      0.10905583E-05
       1   15     -0.19623296E-04     -0.83647169E-05
       2    1      0.12330253E+00     -0.15751872E-04
       2    2     -0.31243128E-02     -0.21755264E-03
       2    3     -0.17514776E-02     -0.13739929E-03
       2    4     -0.41101598E-03     -0.32250892E-04
       2    5      0.20179427E-02      0.15814378E-03
       2    6      0.70478292E-02      0.59786888E-03
       2    7     -0.16669658E-02     -0.21927857E-03
       2    8     -0.22008045E-03     -0.18519528E-04
       2    9      0.58155061E-02      0.73354665E-03
       2   10      0.57299850E-02      0.70684919E-03
       2   11     -0.42093310E-03      0.42329468E-04
       2   12     -0.13255717E-03     -0.54574492E-07
       2   13     -0.68003955E-04      0.14955471E-05
       2   14     -0.15784104E-02     -0.25752314E-03
       2   15     -0.28269166E-02     -0.42069448E-03
       3    1     -0.99097533E+00      0.12628836E-03
       3    2      0.25120795E-01      0.17491221E-02
       3    3      0.80747625E-03      0.62974875E-04
       3    4      0.26979098E-02      0.21193292E-03
       3    5      0.81687900E-03      0.64228700E-04
       3    6      0.41781513E-02      0.35455395E-03
       3    7      0.87441317E-02      0.74176050E-03
       3    8      0.84333881E-02      0.10287864E-02
       3    9     -0.25452314E-02     -0.32530926E-03
       3   10      0.16724858E-02      0.18651208E-03
       3   11     -0.30175332E-04     -0.12061065E-04
       3   12      0.31454930E-04     -0.52366734E-05
       3   13      0.48033633E-03     -0.38197680E-04
       3   14      0.12432011E-01      0.20188860E-02
       3   15      0.10491830E-02      0.15645462E-03
       4    1     -0.28401222E-01      0.38695813E-05
       4    2      0.72145257E-03      0.50289640E-04
       4    3      0.45059883E-03      0.35333171E-04
       4    4      0.12101545E-02      0.94843433E-04
       4    5      0.16475044E-02      0.12971823E-03
       4    6     -0.79294442E-02     -0.67257900E-03
       4    7     -0.69381626E-02     -0.58836894E-03
       4    8      0.58896350E-02      0.72274483E-03
       4    9      0.20858069E-02      0.24982553E-03
       4   10      0.12448807E-02      0.17473579E-03
       4   11     -0.19235264E-03      0.19923115E-04
       4   12      0.84183643E-04     -0.99792637E-06
       4   13      0.24759362E-03     -0.25650609E-04
       4   14      0.33681770E-03      0.52916817E-04
       4   15      0.61150588E-03      0.89177139E-04

       **************


       ! The    3 -th eigen state. The transition energy is:        0.63212823

     The two digitals below indicate the importance of doing beyong TDA: 

     Components: X       1.00014;    Y      -0.00014

     In the occ-virt project subspace the total Fxy is:

     X       0.99938;    Y      -0.00002    total       0.99936  /      1.00000

     The Chi_i_i is     Total          1               2               3

                     0.36525213E-01    0.52558117E-03    0.24045963E-01    0.11953668E-01

     Now is the components analysis of this transition.

     First we print out only the principle components.

     occ     virt       FX              FY

       2    1       -0.98731        0.00013
       3    1       -0.12016        0.00002

     Now for all the calculated particle and hole pairs : 

     occ     virt       FX              FY

       1    1     -0.17005921E-05     -0.61151323E-06
       1    2      0.12187467E-08     -0.85031938E-07
       1    3     -0.23130903E-02     -0.63126238E-03
       1    4     -0.94915775E-03     -0.24909866E-03
       1    5      0.11804083E-02      0.31026776E-03
       1    6      0.32740121E-05      0.66614935E-06
       1    7     -0.95161669E-05      0.32608687E-06
       1    8     -0.17683350E-02     -0.57799221E-03
       1    9      0.23250936E-02      0.77633553E-03
       1   10      0.30143028E-02      0.99975972E-03
       1   11     -0.21898924E-02     -0.69026726E-03
       1   12     -0.14290621E-02     -0.46808997E-03
       1   13     -0.11792707E-02     -0.36976795E-03
       1   14      0.77675980E-05      0.27662100E-05
       1   15     -0.34309692E-04     -0.11412026E-04
       2    1     -0.98731407E+00      0.12642978E-03
       2    2      0.25028637E-01      0.17424317E-02
       2    3     -0.22757860E-02     -0.17873277E-03
       2    4      0.34097974E-03      0.26993044E-04
       2    5     -0.21588156E-02     -0.16886836E-03
       2    6     -0.24222563E-02     -0.20533359E-03
       2    7     -0.59119313E-02     -0.73239139E-03
       2    8     -0.57570216E-02     -0.70259669E-03
       2    9     -0.57525789E-02     -0.69789338E-03
       2   10      0.50710389E-02      0.61127516E-03
       2   11      0.14993854E-03     -0.27692504E-04
       2   12     -0.38199098E-03      0.69460736E-04
       2   13     -0.56567750E-04      0.20308472E-04
       2   14      0.12615176E-01      0.20386397E-02
       2   15     -0.13925879E-02     -0.20051798E-03
       3    1     -0.12015885E+00      0.15356648E-04
       3    2      0.30476597E-02      0.21218122E-03
       3    3     -0.19300718E-02     -0.15148324E-03
       3    4      0.72572400E-04      0.57277197E-05
       3    5      0.20206090E-02      0.15845484E-03
       3    6      0.62446315E-02      0.52975824E-03
       3    7     -0.26757340E-02     -0.22672220E-03
       3    8      0.88843632E-03      0.68066349E-04
       3    9      0.51866028E-02      0.62414180E-03
       3   10      0.68408565E-02      0.81419796E-03
       3   11     -0.28801655E-03      0.60836981E-04
       3   12     -0.17053713E-03      0.23694867E-04
       3   13      0.38722534E-04      0.10394560E-04
       3   14      0.14913346E-02      0.24312528E-03
       3   15     -0.27772913E-02     -0.40278573E-03
       4    1     -0.93974691E-01      0.12385929E-04
       4    2      0.23849476E-02      0.16595010E-03
       4    3      0.15104719E-02      0.11849385E-03
       4    4      0.29497570E-03      0.23149729E-04
       4    5     -0.49458315E-03     -0.39529172E-04
       4    6      0.82575546E-02      0.70048735E-03
       4    7     -0.87963459E-02     -0.74575630E-03
       4    8      0.19843095E-02      0.22949975E-03
       4    9     -0.16566179E-02     -0.23117328E-03
       4   10     -0.42360134E-02     -0.48490191E-03
       4   11      0.16752846E-03     -0.29432812E-04
       4   12      0.17290903E-03     -0.13225465E-04
       4   13      0.12486575E-03     -0.89543179E-05
       4   14      0.12954012E-02      0.19993260E-03
       4   15     -0.51490071E-02     -0.74792711E-03

       **************


       ! The    4 -th eigen state. The transition energy is:        0.72878904

     The two digitals below indicate the importance of doing beyong TDA: 

     Components: X       1.00013;    Y      -0.00013

     In the occ-virt project subspace the total Fxy is:

     X       0.99899;    Y      -0.00001    total       0.99898  /      1.00000

     The Chi_i_i is     Total          1               2               3

                     0.28048870E-01    0.14604571E-01    0.13900856E-03    0.13305290E-01

     Now is the components analysis of this transition.

     First we print out only the principle components.

     occ     virt       FX              FY

       2    2        0.46468       -0.00066
       3    2        0.32756       -0.00047
       4    2       -0.81994        0.00118

     Now for all the calculated particle and hole pairs : 

     occ     virt       FX              FY

       1    1     -0.27723248E-06     -0.15010347E-06
       1    2      0.93830162E-06      0.22890424E-06
       1    3      0.32590284E-02      0.70509743E-03
       1    4     -0.20722303E-02     -0.46440760E-03
       1    5      0.90589420E-03      0.18665508E-03
       1    6     -0.30369659E-06     -0.24141606E-06
       1    7      0.29007186E-05      0.47715992E-06
       1    8      0.52618573E-03      0.13344840E-03
       1    9      0.26548629E-02      0.67822442E-03
       1   10     -0.51034138E-02     -0.13060219E-02
       1   11      0.15135236E-03      0.43124148E-04
       1   12      0.36584445E-02      0.93855694E-03
       1   13     -0.91411650E-03     -0.24447695E-03
       1   14     -0.37003947E-05     -0.80852719E-06
       1   15      0.29126819E-04      0.85367513E-05
       2    1      0.10851956E-01     -0.77268739E-03
       2    2      0.46467705E+00     -0.66392323E-03
       2    3     -0.73773448E-02     -0.55387729E-04
       2    4     -0.77450613E-03     -0.59553076E-05
       2    5      0.28960572E-03      0.13524675E-05
       2    6      0.22543707E-01      0.31321978E-03
       2    7     -0.13341781E-02     -0.98179490E-04
       2    8      0.19428367E-02      0.72131939E-04
       2    9     -0.63656669E-03     -0.23698302E-04
       2   10     -0.33545818E-02     -0.12236260E-03
       2   11      0.16327546E-03     -0.55818995E-04
       2   12      0.42706642E-03     -0.12748103E-03
       2   13      0.17131784E-03     -0.47278634E-04
       2   14     -0.81010813E-02     -0.90184127E-03
       2   15     -0.30698099E-02     -0.30756973E-03
       3    1      0.76613790E-02     -0.54527348E-03
       3    2      0.32755906E+00     -0.46819553E-03
       3    3     -0.32880928E-02     -0.24613490E-04
       3    4     -0.10048276E-02     -0.77560189E-05
       3    5     -0.18140523E-03     -0.97102816E-06
       3    6     -0.31164012E-01     -0.43299243E-03
       3    7     -0.24094536E-01     -0.33467581E-03
       3    8      0.17520659E-02      0.36248596E-04
       3    9     -0.16044763E-03     -0.10970450E-04
       3   10     -0.11300826E-02     -0.50297704E-04
       3   11      0.71677931E-04     -0.25888831E-04
       3   12      0.21762130E-03     -0.60760914E-04
       3   13      0.30372749E-03     -0.58151384E-04
       3   14     -0.57383075E-02     -0.62965729E-03
       3   15      0.10927456E-02      0.10882768E-03
       4    1     -0.19252047E-01      0.13707931E-02
       4    2     -0.81994020E+00      0.11753313E-02
       4    3     -0.13885586E-02     -0.10650771E-04
       4    4      0.79760291E-02      0.60136036E-04
       4    5     -0.24052389E-02     -0.17853292E-04
       4    6     -0.91339588E-02     -0.12682336E-03
       4    7      0.14629354E-01      0.20325664E-03
       4    8     -0.21113267E-02     -0.84064376E-04
       4    9      0.39277840E-02      0.12233178E-03
       4   10     -0.24496056E-02     -0.67955240E-04
       4   11     -0.28732430E-03      0.66729736E-04
       4   12      0.43380195E-03     -0.10167206E-03
       4   13     -0.46286035E-03      0.13359749E-03
       4   14      0.14248452E-01      0.15986494E-02
       4   15      0.22875860E-02      0.23486587E-03

       **************


       ! The    5 -th eigen state. The transition energy is:        0.72879164

     The two digitals below indicate the importance of doing beyong TDA: 

     Components: X       1.00013;    Y      -0.00013

     In the occ-virt project subspace the total Fxy is:

     X       0.99899;    Y      -0.00001    total       0.99898  /      1.00000

     The Chi_i_i is     Total          1               2               3

                     0.27987329E-01    0.13311682E-01    0.10144400E-06    0.14675545E-01

     Now is the components analysis of this transition.

     First we print out only the principle components.

     occ     virt       FX              FY

       2    2        0.45240       -0.00065
       3    2       -0.88398        0.00127

     Now for all the calculated particle and hole pairs : 

     occ     virt       FX              FY

       1    1     -0.11875170E-05      0.35492389E-06
       1    2     -0.17495339E-05      0.21145469E-06
       1    3      0.18280613E-03      0.49311454E-04
       1    4     -0.12546771E-02     -0.26304993E-03
       1    5     -0.39476322E-02     -0.82140647E-03
       1    6     -0.58080909E-05      0.17739924E-06
       1    7      0.11384638E-04     -0.27031534E-06
       1    8     -0.39671261E-02     -0.10178754E-02
       1    9     -0.35950669E-02     -0.92053296E-03
       1   10     -0.22700764E-02     -0.58108306E-03
       1   11      0.32577848E-02      0.81316625E-03
       1   12     -0.70375655E-03     -0.16899380E-03
       1   13     -0.19841056E-02     -0.49841726E-03
       1   14     -0.99342042E-06     -0.12160449E-06
       1   15     -0.45465685E-05     -0.40928108E-05
       2    1      0.10590720E-01     -0.75413233E-03
       2    2      0.45240222E+00     -0.64717954E-03
       2    3      0.19300733E-02      0.14550209E-04
       2    4      0.11810417E-02      0.87731525E-05
       2    5     -0.68388754E-02     -0.51736289E-04
       2    6      0.25514014E-01      0.35444988E-03
       2    7      0.98462846E-04     -0.21146564E-04
       2    8      0.98005452E-03      0.38832339E-04
       2    9      0.31941323E-02      0.13826516E-03
       2   10      0.13107168E-02      0.76311661E-04
       2   11     -0.24136453E-03      0.11934768E-03
       2   12      0.20007884E-03     -0.42187588E-04
       2   13     -0.10471130E-04     -0.97540046E-05
       2   14     -0.80443864E-02     -0.88841476E-03
       2   15     -0.28057895E-02     -0.28307885E-03
       3    1     -0.20717635E-01      0.14750021E-02
       3    2     -0.88397756E+00      0.12652830E-02
       3    3     -0.38927444E-02     -0.29540824E-04
       3    4     -0.70901202E-02     -0.53052537E-04
       3    5     -0.51972082E-03     -0.40050700E-05
       3    6      0.33267529E-02      0.46262424E-04
       3    7      0.25270873E-01      0.35094693E-03
       3    8      0.36233510E-02      0.15748480E-03
       3    9     -0.18829809E-02     -0.76038231E-04
       3   10     -0.40772656E-03     -0.14025342E-04
       3   11      0.12798746E-03     -0.57557749E-04
       3   12      0.14126340E-03     -0.31532818E-04
       3   13      0.21781567E-03     -0.11934543E-03
       3   14      0.15503108E-01      0.17039034E-02
       3   15      0.20335508E-02      0.19736883E-03
       4    1     -0.22762986E-02      0.16225966E-03
       4    2     -0.96773602E-01      0.13895859E-03
       4    3     -0.24731545E-03     -0.18983462E-05
       4    4     -0.20430582E-02     -0.15424581E-04
       4    5     -0.48870174E-02     -0.36017426E-04
       4    6     -0.31532544E-01     -0.43791130E-03
       4    7     -0.11219458E-01     -0.15579726E-03
       4    8      0.19963621E-02      0.94993055E-04
       4    9      0.15257244E-02      0.61354707E-04
       4   10      0.85570423E-03      0.41060405E-04
       4   11     -0.21370357E-03      0.73790157E-04
       4   12     -0.33760208E-04     -0.12236001E-04
       4   13     -0.47604677E-04     -0.44349593E-04
       4   14      0.15827165E-02      0.18079721E-03
       4   15      0.24499203E-02      0.23623278E-03

       **************


       ! The    6 -th eigen state. The transition energy is:        0.72880344

     The two digitals below indicate the importance of doing beyong TDA: 

     Components: X       1.00013;    Y      -0.00013

     In the occ-virt project subspace the total Fxy is:

     X       0.99902;    Y      -0.00001    total       0.99901  /      1.00000

     The Chi_i_i is     Total          1               2               3

                     0.27771304E-01    0.76509270E-04    0.27628473E-01    0.66320873E-04

     Now is the components analysis of this transition.

     First we print out only the principle components.

     occ     virt       FX              FY

       2    2        0.75848       -0.00109
       3    2        0.32683       -0.00047
       4    2        0.56068       -0.00081

     Now for all the calculated particle and hole pairs : 

     occ     virt       FX              FY

       1    1     -0.26876647E-06      0.35787084E-07
       1    2     -0.29819860E-05     -0.74052132E-06
       1    3      0.24430084E-02      0.49701215E-03
       1    4      0.32189581E-02      0.68061770E-03
       1    5     -0.97645031E-03     -0.19446540E-03
       1    6     -0.56940648E-05     -0.92421309E-06
       1    7      0.19612105E-04     -0.31710767E-06
       1    8      0.42604999E-02      0.10813233E-02
       1    9     -0.38326986E-02     -0.97900555E-03
       1   10     -0.15338791E-02     -0.39940223E-03
       1   11      0.21782591E-02      0.52422611E-03
       1   12      0.77805123E-03      0.18512211E-03
       1   13      0.31573776E-02      0.78665073E-03
       1   14     -0.12290794E-04     -0.35326618E-05
       1   15      0.49890168E-04      0.12047013E-04
       2    1      0.17938255E-01     -0.12771220E-02
       2    2      0.75848296E+00     -0.10909937E-02
       2    3     -0.38716173E-02     -0.29010185E-04
       2    4      0.77141715E-03      0.55744101E-05
       2    5     -0.36629065E-02     -0.27299476E-04
       2    6     -0.12269536E-01     -0.17043063E-03
       2    7      0.65842618E-02      0.49666002E-03
       2    8      0.22740628E-02      0.76556129E-04
       2    9      0.28384656E-02      0.60449261E-04
       2   10     -0.19627841E-02     -0.68483483E-04
       2   11     -0.29285300E-03      0.53967724E-04
       2   12      0.23721275E-03     -0.99223837E-04
       2   13     -0.43089706E-04     -0.22435082E-04
       2   14     -0.13633266E-01     -0.14870199E-02
       2   15      0.44788735E-02      0.41788421E-03
       3    1      0.77341102E-02     -0.55064770E-03
       3    2      0.32683160E+00     -0.47043461E-03
       3    3     -0.29738274E-02     -0.22204775E-04
       3    4      0.30614389E-02      0.22949692E-04
       3    5      0.65699859E-02      0.49248039E-04
       3    6     -0.81804163E-02     -0.11363781E-03
       3    7      0.11410660E-01      0.15816463E-03
       3    8     -0.35871840E-02     -0.86628423E-04
       3    9     -0.28105555E-02     -0.83208672E-04
       3   10     -0.39182498E-02     -0.10838303E-03
       3   11      0.22385562E-03     -0.12857506E-03
       3   12      0.14554600E-03     -0.21337207E-04
       3   13     -0.20823908E-03      0.64556114E-04
       3   14     -0.56822860E-02     -0.62816212E-03
       3   15      0.21793162E-02      0.19989705E-03
       4    1      0.13327884E-01     -0.94899230E-03
       4    2      0.56067991E+00     -0.80912745E-03
       4    3      0.53404669E-02      0.40191931E-04
       4    4     -0.19812954E-02     -0.14953023E-04
       4    5      0.14983632E-02      0.11837601E-04
       4    6     -0.12549300E-01     -0.17427737E-03
       4    7      0.28310964E-01      0.39242815E-03
       4    8     -0.93325039E-03     -0.28192237E-04
       4    9     -0.22250050E-02     -0.47356138E-04
       4   10      0.42971360E-02      0.99842165E-04
       4   11     -0.22940381E-04      0.12443064E-04
       4   12     -0.41149484E-03      0.10868793E-03
       4   13      0.52822891E-04     -0.22232845E-04
       4   14     -0.99456883E-02     -0.10964873E-02
       4   15      0.44553123E-02      0.40959405E-03

       **************


       ! The    7 -th eigen state. The transition energy is:        0.73617657

     The two digitals below indicate the importance of doing beyong TDA: 

     Components: X       1.00008;    Y      -0.00008

     In the occ-virt project subspace the total Fxy is:

     X       0.99897;    Y      -0.00001    total       0.99896  /      1.00000

     The Chi_i_i is     Total          1               2               3

                     0.23025610E-02    0.17737647E-02    0.20820951E-03    0.32058672E-03

     Now is the components analysis of this transition.

     First we print out only the principle components.

     occ     virt       FX              FY

       2    3       -0.47198       -0.00116
       2    5        0.38954        0.00096
       3    3        0.10800        0.00027
       3    4        0.57571        0.00142
       3    5        0.21783        0.00054
       4    3        0.12240        0.00030
       4    4        0.31928        0.00078
       4    5        0.32889        0.00081

     Now for all the calculated particle and hole pairs : 

     occ     virt       FX              FY

       1    1      0.47372810E-05      0.86736676E-06
       1    2      0.38368332E-05      0.81932704E-06
       1    3     -0.12018729E-02     -0.36362792E-03
       1    4     -0.85136612E-03     -0.29106348E-03
       1    5     -0.23250972E-02     -0.71819024E-03
       1    6     -0.33185969E-05     -0.13282039E-05
       1    7     -0.14260996E-04     -0.16994672E-05
       1    8      0.48644500E-02      0.12923243E-02
       1    9      0.27606387E-02      0.73220897E-03
       1   10     -0.29610293E-03     -0.83128294E-04
       1   11      0.14526411E-02      0.48963271E-03
       1   12     -0.15155845E-02     -0.50146925E-03
       1   13     -0.16034271E-02     -0.56241304E-03
       1   14      0.44141113E-05      0.16405263E-05
       1   15      0.94198476E-05      0.45881220E-05
       2    1      0.99197999E-04     -0.76677620E-05
       2    2      0.37189296E-04     -0.32064417E-06
       2    3     -0.47198325E+00     -0.11615292E-02
       2    4     -0.85890858E-01     -0.21122779E-03
       2    5      0.38954075E+00      0.95861660E-03
       2    6     -0.35201744E-02     -0.31176517E-04
       2    7     -0.19448788E-02      0.26307807E-04
       2    8     -0.26580142E-02     -0.12805088E-03
       2    9      0.12860390E-01      0.63616382E-03
       2   10      0.16226429E-01      0.79936764E-03
       2   11     -0.17651965E-02     -0.23583439E-03
       2   12     -0.84746154E-03     -0.11666541E-03
       2   13     -0.41323386E-03     -0.51292010E-04
       2   14      0.41968215E-04     -0.18158577E-05
       2   15     -0.13567178E-02     -0.11576373E-04
       3    1      0.46052085E-02     -0.35031438E-03
       3    2     -0.12348239E-01      0.78495293E-04
       3    3      0.10799807E+00      0.26569147E-03
       3    4      0.57570682E+00      0.14167544E-02
       3    5      0.21783042E+00      0.53787121E-03
       3    6     -0.32415292E-02     -0.28545432E-04
       3    7     -0.52347149E-02     -0.46087888E-04
       3    8      0.19273284E-01      0.96406004E-03
       3    9     -0.47913518E-02     -0.23836965E-03
       3   10      0.58128351E-02      0.28926996E-03
       3   11     -0.24536482E-03     -0.27418425E-04
       3   12     -0.17945041E-03     -0.12860932E-04
       3   13      0.22211433E-02      0.24936419E-03
       3   14      0.16019639E-02      0.21559813E-03
       3   15      0.39624772E-03      0.78892965E-05
       4    1     -0.82155451E-04      0.60607792E-05
       4    2      0.47868052E-03     -0.25374371E-05
       4    3      0.12240377E+00      0.30051835E-03
       4    4      0.31927509E+00      0.78406326E-03
       4    5      0.32888904E+00      0.80816447E-03
       4    6      0.39411697E-02      0.34965555E-04
       4    7      0.47347496E-02      0.42873290E-04
       4    8      0.15232835E-01      0.75126541E-03
       4    9      0.25892949E-02      0.14477264E-03
       4   10      0.32328368E-02      0.15319329E-03
       4   11     -0.80718015E-03     -0.81114378E-04
       4   12      0.55751778E-03      0.36404382E-04
       4   13      0.16795452E-02      0.21686248E-03
       4   14      0.10579466E-03      0.62475109E-05
       4   15      0.48683570E-04      0.13898776E-04

       **************


       ! The    8 -th eigen state. The transition energy is:        0.73618069

     The two digitals below indicate the importance of doing beyong TDA: 

     Components: X       1.00008;    Y      -0.00008

     In the occ-virt project subspace the total Fxy is:

     X       0.99896;    Y      -0.00001    total       0.99894  /      1.00000

     The Chi_i_i is     Total          1               2               3

                     0.22285650E-02    0.45175069E-03    0.16063788E-03    0.16161764E-02

     Now is the components analysis of this transition.

     First we print out only the principle components.

     occ     virt       FX              FY

       2    3        0.45092        0.00111
       3    3        0.31054        0.00076
       3    4        0.32482        0.00080
       3    5        0.14677        0.00036
       4    3        0.21107        0.00052
       4    4       -0.63068       -0.00155
       4    5        0.34928        0.00086

     Now for all the calculated particle and hole pairs : 

     occ     virt       FX              FY

       1    1      0.14545951E-05     -0.12485098E-06
       1    2      0.10318484E-05     -0.16257828E-06
       1    3      0.21310559E-02      0.55372783E-03
       1    4     -0.24443449E-02     -0.61134354E-03
       1    5     -0.92197446E-04     -0.38882058E-04
       1    6     -0.29421434E-05     -0.25890230E-06
       1    7     -0.26382932E-05      0.42560283E-06
       1    8      0.14869527E-02      0.39368355E-03
       1    9     -0.20407883E-02     -0.54053688E-03
       1   10      0.49295745E-02      0.13029382E-02
       1   11      0.52926619E-03      0.17416100E-03
       1   12      0.23776693E-02      0.71836621E-03
       1   13     -0.16772950E-02     -0.49706831E-03
       1   14      0.10477189E-04      0.30217408E-05
       1   15     -0.10125989E-04     -0.22438414E-05
       2    1     -0.18909556E-02      0.14375404E-03
       2    2      0.53925796E-02     -0.34358671E-04
       2    3      0.45091948E+00      0.11086251E-02
       2    4      0.48759124E-01      0.11985470E-03
       2    5      0.64624820E-01      0.15808007E-03
       2    6     -0.53229708E-02     -0.47271703E-04
       2    7     -0.29920636E-02     -0.50110089E-05
       2    8      0.86567395E-02      0.49761650E-03
       2    9      0.53607015E-03      0.19999950E-04
       2   10     -0.11454862E-01     -0.67314869E-03
       2   11      0.15967212E-03      0.10211955E-03
       2   12      0.64036454E-03      0.29853788E-03
       2   13      0.19125674E-03      0.11613932E-03
       2   14     -0.74414527E-03     -0.71588555E-04
       2   15     -0.24533807E-02      0.16198594E-04
       3    1      0.14775948E-03     -0.10916613E-04
       3    2     -0.23240050E-03      0.81748078E-06
       3    3      0.31053535E+00      0.76359858E-03
       3    4      0.32481938E+00      0.79865351E-03
       3    5      0.14676670E+00      0.36172931E-03
       3    6      0.45096073E-02      0.39992493E-04
       3    7      0.27332001E-02      0.23752357E-04
       3    8      0.14418196E-01      0.81289089E-03
       3    9     -0.23030021E-02     -0.13334378E-03
       3   10     -0.37652168E-02     -0.22254928E-03
       3   11      0.71604891E-04      0.22047863E-04
       3   12      0.29117116E-03      0.16468628E-03
       3   13      0.35712490E-03      0.25469248E-03
       3   14     -0.91272067E-04     -0.36528040E-06
       3   15      0.67545731E-03     -0.52921489E-05
       4    1      0.42363250E-02     -0.32199335E-03
       4    2     -0.10576804E-01      0.67633907E-04
       4    3      0.21107018E+00      0.51761709E-03
       4    4     -0.63068176E+00     -0.15475672E-02
       4    5      0.34928066E+00      0.85865916E-03
       4    6      0.27810425E-02      0.24652348E-04
       4    7     -0.80660308E-03     -0.69417472E-05
       4    8     -0.58490483E-02     -0.34882217E-03
       4    9      0.20005905E-01      0.11528926E-02
       4   10     -0.11003263E-01     -0.63243128E-03
       4   11     -0.57865458E-03     -0.22985138E-03
       4   12      0.78537347E-03      0.36221357E-03
       4   13     -0.59994538E-03     -0.33511724E-03
       4   14      0.16630015E-02      0.12618325E-03
       4   15      0.11739039E-02     -0.89653456E-05

       **************


       ! The    9 -th eigen state. The transition energy is:        0.73618839

     The two digitals below indicate the importance of doing beyong TDA: 

     Components: X       1.00008;    Y      -0.00008

     In the occ-virt project subspace the total Fxy is:

     X       0.99905;    Y      -0.00001    total       0.99904  /      1.00000

     The Chi_i_i is     Total          1               2               3

                     0.22829925E-02    0.53301508E-04    0.19287037E-02    0.30098727E-03

     Now is the components analysis of this transition.

     First we print out only the principle components.

     occ     virt       FX              FY

       2    3        0.31473        0.00077
       2    4       -0.10899       -0.00027
       2    5        0.54022        0.00132
       3    3        0.36409        0.00089
       3    5       -0.49891       -0.00122
       4    3       -0.41412       -0.00101
       4    4        0.19513        0.00048

     Now for all the calculated particle and hole pairs : 

     occ     virt       FX              FY

       1    1      0.48894147E-05      0.24499376E-06
       1    2      0.48501862E-05      0.53534726E-06
       1    3      0.19217635E-02      0.53394584E-03
       1    4      0.18143879E-02      0.49003492E-03
       1    5     -0.17774049E-02     -0.48324948E-03
       1    6      0.15408585E-04     -0.20051524E-07
       1    7     -0.33206944E-04     -0.22802227E-05
       1    8     -0.24288236E-02     -0.63423794E-03
       1    9      0.46311269E-02      0.11994478E-02
       1   10      0.26312217E-02      0.68519748E-03
       1   11      0.24842852E-02      0.75449345E-03
       1   12      0.53261003E-03      0.16999144E-03
       1   13      0.16094079E-02      0.48690870E-03
       1   14      0.41099032E-05      0.56914533E-06
       1   15     -0.41100668E-04     -0.58538499E-05
       2    1     -0.42786817E-02      0.32551354E-03
       2    2      0.10518373E-01     -0.66648668E-04
       2    3      0.31472601E+00      0.77204645E-03
       2    4     -0.10899475E+00     -0.26745828E-03
       2    5      0.54021885E+00      0.13242131E-02
       2    6     -0.20018173E-03     -0.19500953E-05
       2    7      0.86846748E-02      0.90198450E-04
       2    8      0.11006643E-01      0.58320945E-03
       2    9      0.16117246E-01      0.84686808E-03
       2   10     -0.64367959E-02     -0.32688766E-03
       2   11     -0.83843986E-03     -0.16804058E-03
       2   12      0.11948113E-02      0.20664478E-03
       2   13      0.40944274E-03      0.53774014E-04
       2   14     -0.98169969E-03     -0.22442148E-03
       2   15      0.16381623E-02      0.75068983E-05
       3    1     -0.35399396E-04      0.28747866E-05
       3    2     -0.36018939E-03      0.23056921E-05
       3    3      0.36408676E+00      0.89283815E-03
       3    4     -0.46950327E-01     -0.11516827E-03
       3    5     -0.49891134E+00     -0.12236513E-02
       3    6      0.15910477E-02      0.14055361E-04
       3    7     -0.29296483E-02     -0.26233020E-04
       3    8     -0.37794058E-02     -0.19207263E-03
       3    9     -0.12428740E-01     -0.66443846E-03
       3   10     -0.14531968E-01     -0.76764870E-03
       3   11      0.15926950E-02      0.25945443E-03
       3   12      0.41496507E-03      0.78124451E-04
       3   13     -0.22135112E-03     -0.29012866E-04
       3   14     -0.38707129E-04      0.38749677E-05
       3   15      0.15546968E-02      0.36246197E-04
       4    1     -0.20622587E-02      0.15680698E-03
       4    2      0.43609542E-02     -0.27805764E-04
       4    3     -0.41411988E+00     -0.10138654E-02
       4    4      0.19513174E+00      0.47778985E-03
       4    5      0.41070410E-01      0.10023251E-03
       4    6      0.40519618E-02      0.35855355E-04
       4    7     -0.37629527E-02     -0.33556657E-04
       4    8     -0.67755717E-03     -0.24051162E-04
       4    9     -0.17341460E-02     -0.98099133E-04
       4   10      0.14174795E-01      0.75479170E-03
       4   11     -0.35173825E-03     -0.70031264E-04
       4   12     -0.99519503E-03     -0.18224798E-03
       4   13      0.16157845E-03      0.41130240E-04
       4   14     -0.47202221E-03     -0.10421375E-03
       4   15      0.26679093E-02      0.44275207E-04

       **************


       ! The   10 -th eigen state. The transition energy is:        0.73682010

     The two digitals below indicate the importance of doing beyong TDA: 

     Components: X       1.00004;    Y      -0.00004

     In the occ-virt project subspace the total Fxy is:

     X       0.99903;    Y      -0.00001    total       0.99902  /      1.00000

     The Chi_i_i is     Total          1               2               3

                     0.31512617E-07    0.22908088E-07    0.72127807E-09    0.78832505E-08

     Now is the components analysis of this transition.

     First we print out only the principle components.

     occ     virt       FX              FY

       2    3        0.26894        0.00054
       2    4       -0.30949       -0.00063
       2    5       -0.30075       -0.00061
       3    3       -0.53478       -0.00108
       3    4        0.22121        0.00045
       3    5       -0.30159       -0.00061
       4    3       -0.10568       -0.00021
       4    4        0.17173        0.00035
       4    5        0.52205        0.00105

     Now for all the calculated particle and hole pairs : 

     occ     virt       FX              FY

       1    1      0.40954231E-06      0.19174799E-06
       1    2     -0.96796357E-07     -0.29965294E-07
       1    3     -0.11061770E-05     -0.17900186E-05
       1    4     -0.44900188E-06      0.27110644E-05
       1    5      0.28965003E-04      0.22130044E-05
       1    6     -0.24869365E-02     -0.60812894E-03
       1    7     -0.86932544E-03     -0.21304867E-03
       1    8     -0.34806141E-05     -0.20550141E-05
       1    9     -0.25395750E-04     -0.30933546E-05
       1   10     -0.94058161E-05     -0.24575677E-05
       1   11     -0.19846627E-04     -0.14283997E-05
       1   12      0.70013244E-05     -0.13326177E-05
       1   13     -0.37605391E-05     -0.11839257E-06
       1   14     -0.35866669E-05     -0.11436372E-05
       1   15      0.11132501E-02      0.32961097E-03
       2    1      0.79197673E-05     -0.71959424E-06
       2    2      0.99366507E-05      0.33686292E-06
       2    3      0.26894365E+00      0.54421037E-03
       2    4     -0.30948820E+00     -0.62648127E-03
       2    5     -0.30075270E+00     -0.60912184E-03
       2    6      0.15225280E-05      0.88071858E-07
       2    7     -0.39413801E-04      0.50688274E-05
       2    8      0.64019764E-02      0.49357987E-03
       2    9      0.19154550E-02      0.15175462E-03
       2   10      0.10558759E-01      0.82325865E-03
       2   11      0.91662611E-02      0.62678101E-03
       2   12      0.64138507E-02      0.43998754E-03
       2   13     -0.82150915E-02     -0.56019274E-03
       2   14      0.59413452E-04      0.83157220E-05
       2   15     -0.69636340E-04      0.11560162E-05
       3    1     -0.15354888E-04      0.78454427E-06
       3    2      0.44228827E-05     -0.15582801E-06
       3    3     -0.53478160E+00     -0.10822430E-02
       3    4      0.22121123E+00      0.44727558E-03
       3    5     -0.30159297E+00     -0.60995101E-03
       3    6      0.11241500E-04      0.66188993E-07
       3    7      0.10173607E-03      0.86423786E-06
       3    8      0.56339225E-02      0.44301588E-03
       3    9      0.90265712E-02      0.69284524E-03
       3   10     -0.12259616E-01     -0.94058846E-03
       3   11      0.26486696E-02      0.18582573E-03
       3   12     -0.17779705E-01     -0.12226312E-02
       3   13      0.50273006E-03      0.35690794E-04
       3   14      0.68023497E-04      0.26574020E-05
       3   15      0.14045052E-05      0.71551836E-05
       4    1     -0.47049893E-06     -0.93799461E-07
       4    2      0.27186238E-04      0.57676710E-06
       4    3     -0.10567560E+00     -0.21376962E-03
       4    4      0.17173349E+00      0.34636166E-03
       4    5      0.52205064E+00      0.10540656E-02
       4    6      0.34099292E-04      0.25048683E-06
       4    7     -0.16729209E-04      0.20390695E-06
       4    8     -0.86017227E-02     -0.66702486E-03
       4    9     -0.83908904E-02     -0.65074256E-03
       4   10     -0.71239744E-02     -0.53852793E-03
       4   11     -0.13540824E-01     -0.92417970E-03
       4   12      0.77846967E-03      0.55560226E-04
       4   13      0.76664035E-02      0.52895224E-03
       4   14      0.58953357E-04      0.92491891E-06
       4   15      0.11679878E-03     -0.21897849E-05

       **************

     Now generate the eigenvalues list...
     Now generate the spectrum plot file...
     Finished linear response calculation...

     lr_dav_main  :     11.83s CPU     12.82s WALL (       1 calls)
     read_wf      :      0.00s CPU      0.02s WALL (       1 calls)
     lr_solve_e   :      0.41s CPU      0.42s WALL (       1 calls)
     calc_residue :      0.20s CPU      0.20s WALL (       4 calls)
     expan_basis  :      0.64s CPU      0.66s WALL (       3 calls)
     matrix       :      0.00s CPU      0.00s WALL (       4 calls)
     mGS_orth     :      0.59s CPU      0.61s WALL (       9 calls)
     mGS_orth_pp  :      0.02s CPU      0.02s WALL (       9 calls)
     one_step     :      9.94s CPU     10.81s WALL (       4 calls)

     lr_apply     :      9.55s CPU     10.41s WALL (     112 calls)
     lr_apply_int :      9.10s CPU      9.96s WALL (      56 calls)
     lr_apply_no  :      0.44s CPU      0.45s WALL (      56 calls)

     h_psi        :      1.28s CPU      1.31s WALL (     154 calls)
     lr_calc_dens :      0.35s CPU      0.35s WALL (      56 calls)
     lr_dvpsi_e   :      0.41s CPU      0.42s WALL (       3 calls)
     lr_dv_setup  :      0.02s CPU      0.02s WALL (       1 calls)
     dv_of_drho   :      0.38s CPU      0.41s WALL (      56 calls)
     interaction  :      0.25s CPU      0.30s WALL (      56 calls)
     lr_dot       :      0.26s CPU      0.26s WALL (   11970 calls)
     ortho        :      0.03s CPU      0.03s WALL (     118 calls)
     lr_ortho     :      0.02s CPU      0.02s WALL (      96 calls)


     US routines
     lr_dot_us    :      0.64s CPU      0.66s WALL (   11970 calls)
     lr_sm1_psi   :      0.00s CPU      0.00s WALL (     112 calls)

     General routines
     calbec       :      0.01s CPU      0.01s WALL (     202 calls)
     fft          :      0.23s CPU      0.26s WALL (     115 calls)
     fftw         :      1.47s CPU      1.52s WALL (     836 calls)
     interpolate  :      0.01s CPU      0.01s WALL (      56 calls)
     davcio       :      0.00s CPU      0.00s WALL (       5 calls)

     Parallel routines


     Environ routines

     turboTDDFT   :     11.83s CPU     12.82s WALL


   This run was terminated on:   8: 5:41   3May2022            

=------------------------------------------------------------------------------=
   JOB DONE.
=------------------------------------------------------------------------------=
