
     Program turboTDDFT v.7.0 starts on  3May2022 at  8: 5:19 

     This program is part of the open-source Quantum ESPRESSO suite
     for quantum simulation of materials; please cite
         "P. Giannozzi et al., J. Phys.:Condens. Matter 21 395502 (2009);
         "P. Giannozzi et al., J. Phys.:Condens. Matter 29 465901 (2017);
         "P. Giannozzi et al., J. Chem. Phys. 152 154105 (2020);
          URL http://www.quantum-espresso.org", 
     in publications or presentations arising from this work. More details at
     http://www.quantum-espresso.org/quote

     Parallel version (MPI), running on     1 processors

     MPI processes distributed on     1 nodes
     19192 MiB available memory on the printing compute node when the environment starts


     Reading xml data from directory:

     file H.pz-vbc.UPF: wavefunction(s)  1S renormalized

     IMPORTANT: XC functional enforced from input :
     Exchange-correlation= PZ
                           (   1   1   0   0   0   0   0)
     Any further DFT definition will be discarded
     Please, verify this is what you really want


     G-vector sticks info
     --------------------
     sticks:   dense  smooth     PW     G-vecs:    dense   smooth      PW
     Sum        3181    3181    793               135043   135043   16879

     Using Slab Decomposition

     Reading collected, re-writing distributed wavefunctions
 Symmetries are disabled for the gamma_only case
     Subspace diagonalization in iterative solution of the eigenvalue problem:
     a serial algorithm will be used

     Allocating    16 extra bands for projection

     =-----------------------------------------------------------------=

     Please cite the TDDFPT project as:
       X. Ge, S. J. Binnie, D. Rocca, R. Gebauer, and S. Baroni,
       Comput. Phys. Commun. 185, 2080 (2014)
     in publications and presentations arising from this work.

     =-----------------------------------------------------------------=

     Virt read

     Gamma point algorithm
     Num of eigen values=             10
     Allocating parameters for davidson ...

     Estimating the RAM requirements:
          For the basis sets:         231.81     M
          For the eigenvectors:          20.61     M
          Num_eign =   10     Num_basis_max =  150
          Reference =  0.00  Ry
     Do make sure that you have enough RAM.

     poor_of_ram2 is set to .false.. This means that you would like to increase the speed 
     by storing the D_basis and C_basis vectors which will cause three time of the memory cost.
     Switch it to .true. if you need to save memory.

     Finished allocating parameters.
     Initiating variables for davidson ...
     Lowest energy electron-hole pairs are used as initial vectors ...
     Calculating the electron-hole pairs for initiating trial vectors ...

              1         4         1           0.638996006179
              2         3         1           0.638997645480
              3         2         1           0.638998966311
              4         4         2           0.733877996253
              5         3         2           0.733879635554
              6         2         2           0.733880956385
              7         4         3           0.748282243307
              8         4         4           0.748282671811
              9         4         5           0.748283583946
             10         3         3           0.748283882608
             11         3         4           0.748284311112
             12         2         3           0.748285203439
             13         3         5           0.748285223248
             14         2         4           0.748285631943
             15         2         5           0.748286544079
             16         4         6           0.759399001290
             17         4         7           0.759399180292
             18         3         6           0.759400640591
             19         3         7           0.759400819593
             20         2         6           0.759401961422
             21         2         7           0.759402140424
             22         4         8           0.812716673390
             23         4         9           0.812717184637
             24         3         8           0.812718312691
             25         4        10           0.812718396312
             26         3         9           0.812718823938
             27         2         8           0.812719633522
             28         3        10           0.812720035613
             29         2         9           0.812720144769
             30         2        10           0.812721356444
             31         4        11           0.843236798549
             32         4        12           0.843237009442
             33         3        11           0.843238437850
             34         3        12           0.843238648743
             35         2        11           0.843239758681
             36         2        12           0.843239969574
             37         4        13           0.843267576136
             38         3        13           0.843269215437
             39         2        13           0.843270536268
             40         4        14           0.851930590372
             41         3        14           0.851932229673
             42         2        14           0.851933550504
             43         4        15           0.855972921753
             44         3        15           0.855974561054
             45         2        15           0.855975881885
             46         1         1           1.197597730448
             47         1         2           1.292479720522
             48         1         3           1.306883967576
             49         1         4           1.306884396080
             50         1         5           1.306885308216
             51         1         6           1.318000725559
             52         1         7           1.318000904561
             53         1         8           1.371318397660
             54         1         9           1.371318908906
             55         1        10           1.371320120581
             56         1        11           1.401838522818
             57         1        12           1.401838733711
             58         1        13           1.401869300405
             59         1        14           1.410532314641
             60         1        15           1.414574646022
     Finished calculating the cv couples.
     Finished initiating.

     Precondition is used in the algorithm,

     total cpu time spent up to now is        0.5 secs

       ==============================

       Davidson iteration:        1
       num of basis:   20   total built basis:   20
        20     Transition energy    1  :                  0.6430815720
        20     Transition energy    2  :                  0.6430834787
        20     Transition energy    3  :                  0.6430868566
        20     Transition energy    4  :                  0.7399039616
        20     Transition energy    5  :                  0.7399049665
        20     Transition energy    6  :                  0.7399065444
        20     Transition energy    7  :                  0.7462004730
        20     Transition energy    8  :                  0.7462034743
        20     Transition energy    9  :                  0.7462042883
        20     Transition energy   10  :                  0.7464290806
     Residue(Squared modulus):    1        0.0101666      0.0000002
     Residue(Squared modulus):    2        0.0101700      0.0000002
     Residue(Squared modulus):    3        0.0101731      0.0000002
     Residue(Squared modulus):    4        0.0115155      0.0000000
     Residue(Squared modulus):    5        0.0115143      0.0000000
     Residue(Squared modulus):    6        0.0115152      0.0000000
     Residue(Squared modulus):    7        0.0064439      0.0000002
     Residue(Squared modulus):    8        0.0064512      0.0000002
     Residue(Squared modulus):    9        0.0064511      0.0000004
     Residue(Squared modulus):   10        0.0016622      0.0000003
       Largest residue:           0.011515499695

     total cpu time spent up to now is        1.4 secs

       ==============================

       Davidson iteration:        2
       num of basis:   30   total built basis:   30
        30     Transition energy    1  :                  0.6413660155
        30     Transition energy    2  :                  0.6413677220
        30     Transition energy    3  :                  0.6413703619
        30     Transition energy    4  :                  0.7378787564
        30     Transition energy    5  :                  0.7378802544
        30     Transition energy    6  :                  0.7378820359
        30     Transition energy    7  :                  0.7453242056
        30     Transition energy    8  :                  0.7453256504
        30     Transition energy    9  :                  0.7453271106
        30     Transition energy   10  :                  0.7460961542
     Residue(Squared modulus):    1        0.0009281      0.0004168
     Residue(Squared modulus):    2        0.0009281      0.0004164
     Residue(Squared modulus):    3        0.0009316      0.0004161
     Residue(Squared modulus):    4        0.0012327      0.0007273
     Residue(Squared modulus):    5        0.0012317      0.0007273
     Residue(Squared modulus):    6        0.0012301      0.0007264
     Residue(Squared modulus):    7        0.0001161      0.0002451
     Residue(Squared modulus):    8        0.0001165      0.0002467
     Residue(Squared modulus):    9        0.0001171      0.0002457
     Residue(Squared modulus):   10        0.0001539      0.0002604
       Largest residue:           0.001232680827

     total cpu time spent up to now is        2.3 secs

       ==============================

       Davidson iteration:        3
       num of basis:   50   total built basis:   50
        50     Transition energy    1  :                  0.6411916735
        50     Transition energy    2  :                  0.6411933436
        50     Transition energy    3  :                  0.6411952245
        50     Transition energy    4  :                  0.7375691628
        50     Transition energy    5  :                  0.7375707072
        50     Transition energy    6  :                  0.7375748900
        50     Transition energy    7  :                  0.7452396382
        50     Transition energy    8  :                  0.7452404057
        50     Transition energy    9  :                  0.7452429668
        50     Transition energy   10  :                  0.7459907503
     Residue(Squared modulus):    1        0.0000515      0.0000637
     Residue(Squared modulus):    2        0.0000519      0.0000639
     Residue(Squared modulus):    3        0.0000527      0.0000651
     Residue(Squared modulus):    4        0.0001055      0.0001164
     Residue(Squared modulus):    5        0.0001063      0.0001166
     Residue(Squared modulus):    6        0.0001034      0.0001141
     Residue(Squared modulus):    7        0.0000601      0.0000494
     Residue(Squared modulus):    8        0.0000598      0.0000490
     Residue(Squared modulus):    9        0.0000569      0.0000475
     Residue(Squared modulus):   10        0.0001133      0.0001012
       Largest residue:           0.000116595563

     total cpu time spent up to now is        3.5 secs

       ==============================

       Davidson iteration:        4
       num of basis:   58   total built basis:   58
        58     Transition energy    1  :                  0.6411789935
        58     Transition energy    2  :                  0.6411806366
        58     Transition energy    3  :                  0.6411822725
        58     Transition energy    4  :                  0.7375202987
        58     Transition energy    5  :                  0.7375218246
        58     Transition energy    6  :                  0.7375264226
        58     Transition energy    7  :                  0.7452391658
        58     Transition energy    8  :                  0.7452399449
        58     Transition energy    9  :                  0.7452424204
        58     Transition energy   10  :                  0.7459281638
     Residue(Squared modulus):    1        0.0000094      0.0000104
     Residue(Squared modulus):    2        0.0000092      0.0000102
     Residue(Squared modulus):    3        0.0000094      0.0000102
     Residue(Squared modulus):    4        0.0000439      0.0000503
     Residue(Squared modulus):    5        0.0000440      0.0000503
     Residue(Squared modulus):    6        0.0000447      0.0000513
     Residue(Squared modulus):    7        0.0000564      0.0000459
     Residue(Squared modulus):    8        0.0000564      0.0000459
     Residue(Squared modulus):    9        0.0000528      0.0000435
     Residue(Squared modulus):   10        0.0000728      0.0000834
       Largest residue:           0.000083360700

       ================================================================

       Davidson diagonalization has finished in    4 steps.
          the number of current basis is   58
          the number of total basis built is   58

       Now print out information of eigenstates


     K-S Oscillator strengths
     occ con        R-x              R-y              R-z
       1   1    -0.17407096E-05    0.19749766E-05    0.18166274E-05
       1   2     0.20510538E-05    0.51714792E-05   -0.87989027E-05
       1   3     0.37290273E-01    0.40003852E-01   -0.17225766E-01
       1   4     0.22728055E-01   -0.37206822E-01   -0.37241201E-01
       1   5     0.37150199E-01   -0.17372102E-01    0.40058605E-01
       1   6     0.17413096E-04    0.20284040E-04    0.20952382E-04
       1   7    -0.18403760E-04   -0.12237550E-04    0.79093294E-05
       1   8    -0.34155482E-01    0.16090199E-02    0.52997399E-01
       1   9    -0.40024238E-01   -0.42111540E-01   -0.24570936E-01
       1  10     0.34731054E-01   -0.46886887E-01    0.23871859E-01
       1  11     0.50543056E-01   -0.38925140E-01   -0.34557521E-01
       1  12     0.50148438E-01    0.24004100E-01    0.46411066E-01
       1  13    -0.13462314E-01   -0.56168581E-01    0.43636757E-01
       1  14     0.52625355E-04   -0.13139160E-04   -0.88974650E-04
       1  15     0.54474140E-04    0.41803286E-04    0.18001479E-03
       2   1     0.28334445E+00    0.32127695E+00    0.10542700E+00
       2   2     0.22876761E+00    0.25935759E+00    0.85182583E-01
       2   3     0.40496819E-02    0.28237033E-02   -0.72241569E-01
       2   4     0.49142433E-01    0.25042359E-01    0.99848772E-02
       2   5    -0.34277171E-01   -0.47357016E-01   -0.21632318E-01
       2   6     0.14435850E+00   -0.13074300E+00   -0.10691043E-01
       2   7     0.50162769E-01    0.11343114E+00   -0.56004194E-01
       2   8     0.36084742E+00    0.23968069E+00   -0.22091429E+00
       2   9    -0.25887099E+00   -0.23470456E+00   -0.52020783E+00
       2  10     0.57009371E-01    0.21873619E+00   -0.44687102E-01
       2  11    -0.28334371E-02   -0.11091539E-02    0.93266065E-03
       2  12     0.27270368E-02    0.28465092E-02    0.33847555E-02
       2  13     0.16289659E-02    0.11221126E-02   -0.27010411E-02
       2  14    -0.16837485E+00   -0.19056091E+00   -0.62224063E-01
       2  15    -0.16177752E+00    0.63429304E-01    0.40234744E-01
       3   1    -0.16079074E+00    0.70081085E-02    0.41060725E+00
       3   2    -0.12984123E+00    0.57182435E-02    0.33162915E+00
       3   3    -0.50536818E-01   -0.56064185E-01    0.19216332E-01
       3   4     0.48195873E-01   -0.47591113E-01   -0.18895507E-01
       3   5     0.21275365E-01   -0.27205716E-01   -0.94199178E-02
       3   6    -0.81813601E-01   -0.28736833E-02   -0.41898136E-01
       3   7    -0.28508880E-01    0.23444911E-02   -0.21763246E+00
       3   8     0.21687549E-01   -0.47354964E+00   -0.10476811E-01
       3   9    -0.36657686E+00   -0.26199581E+00    0.13618084E+00
       3  10    -0.40088479E+00    0.21904063E+00    0.16337512E+00
       3  11    -0.28352508E-02    0.46558694E-02    0.11688948E-02
       3  12     0.15968903E-02    0.18149028E-02   -0.64202420E-03
       3  13    -0.43501283E-02   -0.15863833E-02    0.13310794E-02
       3  14     0.95364118E-01   -0.35984283E-02   -0.24327592E+00
       3  15     0.92340105E-01    0.15919457E-02    0.15593959E+00
       4   1    -0.29743611E+00    0.30230467E+00   -0.12162017E+00
       4   2    -0.24017861E+00    0.24404999E+00   -0.98184979E-01
       4   3     0.31198389E-01   -0.18672424E-02    0.18899950E-02
       4   4     0.20837434E-01   -0.25794258E-01   -0.55732546E-01
       4   5    -0.44106923E-01    0.50945816E-01   -0.50778287E-01
       4   6    -0.15140333E+00   -0.12314340E+00    0.12370491E-01
       4   7    -0.52512693E-01    0.10666128E+00    0.64415260E-01
       4   8     0.33228048E+00   -0.24353932E+00   -0.22682995E+00
       4   9    -0.48470216E-01    0.25552800E+00    0.90097393E-02
       4  10     0.27112229E+00   -0.23759509E+00    0.51326579E+00
       4  11    -0.13688835E-02    0.90745258E-03    0.45549042E-02
       4  12     0.16828285E-02   -0.29918722E-02    0.11060210E-02
       4  13     0.40627559E-02   -0.17480002E-02    0.17165973E-02
       4  14     0.17544472E+00   -0.17876835E+00    0.72389052E-01
       4  15     0.17172758E+00    0.58033086E-01   -0.45649696E-01

       ! The    1 -th eigen state. The transition energy is:        0.64117899

     The two digitals below indicate the importance of doing beyong TDA: 

     Components: X       1.00018;    Y      -0.00018

     In the occ-virt project subspace the total Fxy is:

     X       0.99908;    Y      -0.00003    total       0.99905  /      1.00000

     The Chi_i_i is     Total          1               2               3

                     0.32086535E-01    0.17483043E-01    0.13275701E-01    0.13277909E-02

     Now is the components analysis of this transition.

     First we print out only the principle components.

     occ     virt       FX              FY

       4    1        0.99268       -0.00169

     Now for all the calculated particle and hole pairs : 

     occ     virt       FX              FY

       1    1      0.43418720E-05      0.10494211E-06
       1    2      0.26460022E-05     -0.99420397E-07
       1    3     -0.10789732E-03     -0.34099426E-04
       1    4      0.21981205E-02      0.68713915E-03
       1    5      0.30994948E-02      0.96774077E-03
       1    6      0.91247598E-06      0.34587736E-07
       1    7      0.13790418E-05     -0.10932957E-06
       1    8      0.12494398E-02      0.43155329E-03
       1    9      0.59315385E-03      0.20810943E-03
       1   10     -0.49203268E-02     -0.16927373E-02
       1   11      0.25252725E-02      0.87139698E-03
       1   12      0.14226793E-02      0.49050509E-03
       1   13      0.15956742E-02      0.55072745E-03
       1   14     -0.24800503E-05     -0.18838473E-06
       1   15     -0.10087699E-04     -0.34411466E-05
       2    1     -0.54282517E-01      0.92432847E-04
       2    2      0.24480432E-02      0.16501162E-03
       2    3     -0.38740343E-04     -0.30690111E-05
       2    4      0.58133679E-04      0.44011154E-05
       2    5     -0.35218860E-05     -0.25698851E-06
       2    6     -0.85563757E-02     -0.72207117E-03
       2    7      0.13615032E-02      0.16310303E-03
       2    8      0.24155413E-03      0.14962223E-04
       2    9     -0.36818691E-03     -0.21757588E-04
       2   10     -0.19823162E-03     -0.15742600E-04
       2   11      0.21963065E-03      0.42332257E-04
       2   12     -0.16046777E-03     -0.33663194E-04
       2   13      0.15310544E-03      0.31039232E-04
       2   14     -0.11310243E-02     -0.17617141E-03
       2   15      0.23224745E-02      0.32310268E-03
       3    1      0.89804935E-01     -0.15281070E-03
       3    2     -0.40514657E-02     -0.27313890E-03
       3    3      0.10489986E-04      0.84239220E-06
       3    4      0.15751625E-03      0.12309806E-04
       3    5      0.73459195E-04      0.55918375E-05
       3    6      0.30470852E-02      0.25716029E-03
       3    7      0.30282772E-02      0.25569199E-03
       3    8      0.63101730E-03      0.49227174E-04
       3    9     -0.29819782E-03     -0.13856775E-04
       3   10     -0.93950796E-03     -0.65192371E-04
       3   11      0.84007688E-03      0.16191817E-03
       3   12      0.67559630E-04      0.88224104E-05
       3   13      0.19718894E-03      0.38317745E-04
       3   14      0.18928722E-02      0.29092574E-03
       3   15     -0.14803245E-02     -0.21604770E-03
       4    1      0.99267553E+00     -0.16919606E-02
       4    2     -0.44793181E-01     -0.30194073E-02
       4    3      0.53595437E-04      0.45267172E-05
       4    4      0.50003748E-04      0.44112018E-05
       4    5     -0.17161304E-03     -0.13773435E-04
       4    6      0.13712248E-02      0.11563607E-03
       4    7      0.42763181E-02      0.36136880E-03
       4    8      0.83743852E-03      0.54415128E-04
       4    9     -0.39164982E-03     -0.32341034E-04
       4   10      0.96187470E-03      0.76088717E-04
       4   11      0.23749051E-04      0.72666243E-05
       4   12     -0.69421946E-03     -0.13467424E-03
       4   13     -0.72488625E-03     -0.14621735E-03
       4   14      0.21214409E-01      0.32138417E-02
       4   15     -0.11607353E-02     -0.16402191E-03

       **************


       ! The    2 -th eigen state. The transition energy is:        0.64118064

     The two digitals below indicate the importance of doing beyong TDA: 

     Components: X       1.00018;    Y      -0.00018

     In the occ-virt project subspace the total Fxy is:

     X       0.99908;    Y      -0.00003    total       0.99905  /      1.00000

     The Chi_i_i is     Total          1               2               3

                     0.32094894E-01    0.12871639E-02    0.20001946E-03    0.30607711E-01

     Now is the components analysis of this transition.

     First we print out only the principle components.

     occ     virt       FX              FY

       2    1       -0.16209        0.00028
       3    1       -0.98171        0.00167

     Now for all the calculated particle and hole pairs : 

     occ     virt       FX              FY

       1    1      0.26939660E-05      0.95502091E-07
       1    2      0.21503296E-05      0.17572873E-06
       1    3     -0.13958730E-02     -0.43541350E-03
       1    4     -0.29102100E-02     -0.90723799E-03
       1    5      0.20130769E-02      0.62695619E-03
       1    6      0.11678460E-05     -0.32303774E-06
       1    7      0.12713451E-06     -0.83041317E-06
       1    8     -0.47646114E-02     -0.16374118E-02
       1    9      0.15553661E-02      0.53896236E-03
       1   10     -0.10279797E-02     -0.35217723E-03
       1   11     -0.21354426E-02     -0.73560970E-03
       1   12      0.17017850E-02      0.58594658E-03
       1   13      0.18637142E-02      0.64242276E-03
       1   14      0.57927035E-05      0.26669185E-05
       1   15     -0.90187330E-05     -0.24006507E-05
       2    1     -0.16208672E+00      0.27609295E-03
       2    2      0.73125546E-02      0.49295979E-03
       2    3     -0.17719231E-03     -0.13859289E-04
       2    4      0.89570014E-05      0.41973278E-06
       2    5     -0.48583569E-04     -0.36492473E-05
       2    6      0.22581574E-02      0.19049993E-03
       2    7      0.15953272E-02      0.19111023E-03
       2    8     -0.51500835E-03     -0.40478900E-04
       2    9     -0.11125122E-02     -0.77298455E-04
       2   10     -0.23423361E-04     -0.46108762E-05
       2   11     -0.23092514E-03     -0.46384842E-04
       2   12     -0.61220373E-03     -0.12091257E-03
       2   13      0.61693104E-03      0.12426423E-03
       2   14     -0.34233177E-02     -0.52475926E-03
       2   15     -0.11033406E-02     -0.16850554E-03
       3    1     -0.98170929E+00      0.16731652E-02
       3    2      0.44298302E-01      0.29860178E-02
       3    3      0.67460827E-04      0.47395899E-05
       3    4     -0.70881440E-04     -0.62954948E-05
       3    5     -0.45620637E-04     -0.32016031E-05
       3    6      0.11175142E-02      0.94524042E-04
       3    7      0.93665929E-02      0.79023619E-03
       3    8     -0.25880156E-03     -0.63021532E-05
       3    9      0.27484720E-03      0.30215300E-04
       3   10      0.59139646E-03      0.39644260E-04
       3   11     -0.34787113E-03     -0.70064187E-04
       3   12      0.12786300E-03      0.29815193E-04
       3   13     -0.42486704E-03     -0.69459385E-04
       3   14     -0.21008468E-01     -0.31793685E-02
       3   15     -0.19890732E-02     -0.29003129E-03
       4    1      0.79950557E-01     -0.13650914E-03
       4    2     -0.36084122E-02     -0.24319057E-03
       4    3     -0.13684473E-04     -0.10113596E-05
       4    4     -0.14417377E-03     -0.11160238E-04
       4    5     -0.82114441E-04     -0.63282428E-05
       4    6     -0.14752914E-02     -0.12453685E-03
       4    7     -0.37161188E-02     -0.31367999E-03
       4    8     -0.68155749E-03     -0.53820585E-04
       4    9      0.15512808E-03      0.78653574E-05
       4   10      0.89386980E-03      0.68153437E-04
       4   11     -0.85638959E-03     -0.16210598E-03
       4   12     -0.13760750E-03     -0.24311301E-04
       4   13     -0.22057209E-03     -0.43620626E-04
       4   14      0.17341949E-02      0.25909013E-03
       4   15      0.11391424E-02      0.16162713E-03

       **************


       ! The    3 -th eigen state. The transition energy is:        0.64118227

     The two digitals below indicate the importance of doing beyong TDA: 

     Components: X       1.00018;    Y      -0.00018

     In the occ-virt project subspace the total Fxy is:

     X       0.99908;    Y      -0.00003    total       0.99905  /      1.00000

     The Chi_i_i is     Total          1               2               3

                     0.32095895E-01    0.13317974E-01    0.18619117E-01    0.15880383E-03

     Now is the components analysis of this transition.

     First we print out only the principle components.

     occ     virt       FX              FY

       2    1       -0.98347        0.00168
       3    1        0.15685       -0.00027

     Now for all the calculated particle and hole pairs : 

     occ     virt       FX              FY

       1    1     -0.54422220E-06      0.96520817E-07
       1    2     -0.57841609E-06      0.38623152E-08
       1    3      0.35210769E-02      0.11003012E-02
       1    4     -0.10793996E-02     -0.33732479E-03
       1    5      0.90019050E-03      0.28054022E-03
       1    6     -0.33310096E-06      0.13612051E-06
       1    7      0.15312495E-05      0.25475409E-06
       1    8      0.13971270E-02      0.47588823E-03
       1    9      0.48392165E-02      0.16609148E-02
       1   10      0.96273846E-03      0.32444885E-03
       1   11      0.21486959E-04      0.72298360E-05
       1   12      0.24629928E-02      0.84967524E-03
       1   13     -0.22028873E-02     -0.76093440E-03
       1   14     -0.25084436E-05     -0.11152193E-05
       1   15     -0.15519322E-05     -0.70233594E-06
       2    1     -0.98346631E+00      0.16763131E-02
       2    2      0.44379475E-01      0.29914372E-02
       2    3      0.25137078E-05     -0.31326953E-06
       2    4      0.12423489E-03      0.87993981E-05
       2    5     -0.14523005E-03     -0.10981251E-04
       2    6      0.33674066E-03      0.28512810E-04
       2    7     -0.33430201E-02     -0.38445887E-03
       2    8      0.67424405E-03      0.63519494E-04
       2    9     -0.84509950E-03     -0.59508628E-04
       2   10      0.37435947E-03      0.24274582E-04
       2   11      0.39399732E-03      0.74360311E-04
       2   12     -0.83984709E-03     -0.15725362E-03
       2   13     -0.40688346E-03     -0.69591259E-04
       2   14     -0.21086764E-01     -0.31855241E-02
       2   15      0.73387722E-03      0.12976028E-03
       3    1      0.15684668E+00     -0.26750099E-03
       3    2     -0.70791167E-02     -0.47713077E-03
       3    3     -0.18242603E-03     -0.14105584E-04
       3    4     -0.17493012E-04     -0.13677511E-05
       3    5     -0.17427762E-04     -0.13336400E-05
       3    6      0.26252555E-02      0.22142184E-03
       3    7      0.14461830E-02      0.12200116E-03
       3    8     -0.54707641E-03     -0.52896443E-04
       3    9     -0.66365686E-03     -0.66123576E-04
       3   10     -0.16673120E-03     -0.11098723E-04
       3   11     -0.31780016E-03     -0.58693476E-04
       3   12     -0.53674037E-03     -0.96133409E-04
       3   13      0.75569859E-03      0.13929183E-03
       3   14      0.34093253E-02      0.50841451E-03
       3   15     -0.10622117E-02     -0.15317905E-03
       4    1     -0.67973218E-01      0.11599525E-03
       4    2      0.30690057E-02      0.20686487E-03
       4    3      0.48939839E-04      0.38160610E-05
       4    4     -0.25872057E-04     -0.19569375E-05
       4    5      0.12612138E-04      0.99601200E-06
       4    6      0.86324461E-02      0.72846340E-03
       4    7     -0.23516312E-02     -0.19847173E-03
       4    8      0.18875973E-04      0.16938574E-05
       4    9      0.23311085E-03      0.25079560E-04
       4   10      0.26504039E-03      0.89639731E-05
       4   11     -0.30873932E-04     -0.75510298E-05
       4   12      0.25303877E-03      0.44113338E-04
       4   13     -0.15221056E-03     -0.29693284E-04
       4   14     -0.14970514E-02     -0.22016928E-03
       4   15     -0.22983114E-02     -0.33038365E-03

       **************


       ! The    4 -th eigen state. The transition energy is:        0.73752030

     The two digitals below indicate the importance of doing beyong TDA: 

     Components: X       1.00016;    Y      -0.00016

     In the occ-virt project subspace the total Fxy is:

     X       0.99858;    Y      -0.00003    total       0.99855  /      1.00000

     The Chi_i_i is     Total          1               2               3

                     0.19625215E-01    0.14107326E-01    0.54293824E-02    0.88506138E-04

     Now is the components analysis of this transition.

     First we print out only the principle components.

     occ     virt       FX              FY

       2    2        0.17619       -0.00044
       3    2       -0.25305        0.00063
       4    2       -0.94434        0.00234

     Now for all the calculated particle and hole pairs : 

     occ     virt       FX              FY

       1    1     -0.40516749E-05     -0.32389569E-07
       1    2     -0.21193344E-05      0.19873028E-06
       1    3     -0.94267896E-03     -0.21519973E-03
       1    4     -0.36161784E-02     -0.83187251E-03
       1    5     -0.43096464E-02     -0.99155309E-03
       1    6     -0.84856051E-06     -0.87261056E-07
       1    7     -0.28637382E-05     -0.48045610E-07
       1    8     -0.30763051E-02     -0.80962502E-03
       1    9     -0.15651318E-02     -0.41384780E-03
       1   10      0.65264999E-02      0.17215431E-02
       1   11     -0.36599597E-02     -0.97387096E-03
       1   12     -0.19910922E-02     -0.52978515E-03
       1   13     -0.12587387E-02     -0.33611140E-03
       1   14      0.45763843E-05      0.79399557E-06
       1   15      0.11505227E-04      0.32690843E-05
       2    1      0.75492701E-02     -0.54039216E-03
       2    2      0.17618642E+00     -0.43547912E-03
       2    3      0.23538119E-02      0.17094948E-04
       2    4     -0.23317325E-01     -0.16888949E-03
       2    5      0.45186692E-02      0.32740065E-04
       2    6      0.15255882E-01      0.22294129E-03
       2    7      0.17866305E-03     -0.12631633E-04
       2    8     -0.42784442E-02     -0.23314654E-03
       2    9      0.33685735E-02      0.18042254E-03
       2   10      0.17291663E-02      0.96982792E-04
       2   11     -0.17837533E-03     -0.55822308E-04
       2   12      0.10932527E-03      0.36635247E-04
       2   13      0.34665900E-04     -0.32289897E-06
       2   14      0.59929661E-02      0.52383047E-03
       2   15     -0.14193940E-02     -0.20409089E-03
       3    1     -0.10851237E-01      0.77653062E-03
       3    2     -0.25304985E+00      0.62575854E-03
       3    3      0.96456280E-02      0.69857698E-04
       3    4     -0.51644680E-01     -0.37448626E-03
       3    5     -0.25398461E-01     -0.18390855E-03
       3    6     -0.56739770E-02     -0.82914256E-04
       3    7     -0.31825438E-02     -0.46641751E-04
       3    8     -0.66996056E-02     -0.36868687E-03
       3    9      0.42656515E-02      0.23046782E-03
       3   10      0.11330336E-01      0.61839760E-03
       3   11     -0.46060694E-03     -0.15079653E-03
       3   12      0.21461248E-04      0.91211299E-05
       3   13     -0.22816246E-03     -0.66414548E-04
       3   14     -0.86147039E-02     -0.75191814E-03
       3   15      0.72155466E-03      0.11095800E-03
       4    1     -0.40524579E-01      0.29007091E-02
       4    2     -0.94433814E+00      0.23361555E-02
       4    3     -0.22028606E-01     -0.15961954E-03
       4    4     -0.21959770E-01     -0.15940466E-03
       4    5      0.53979885E-01      0.39155780E-03
       4    6     -0.50817368E-02     -0.74260392E-04
       4    7     -0.77107124E-02     -0.11307733E-03
       4    8     -0.10058512E-01     -0.54662011E-03
       4    9      0.43929450E-02      0.24433076E-03
       4   10     -0.98164553E-02     -0.54361911E-03
       4   11     -0.67989118E-04     -0.27941720E-04
       4   12      0.34418885E-03      0.11482803E-03
       4   13      0.37730685E-03      0.13428680E-03
       4   14     -0.32212581E-01     -0.28053408E-02
       4   15      0.91379237E-03      0.13202643E-03

       **************


       ! The    5 -th eigen state. The transition energy is:        0.73752182

     The two digitals below indicate the importance of doing beyong TDA: 

     Components: X       1.00016;    Y      -0.00016

     In the occ-virt project subspace the total Fxy is:

     X       0.99858;    Y      -0.00003    total       0.99855  /      1.00000

     The Chi_i_i is     Total          1               2               3

                     0.19637138E-01    0.12627536E-03    0.12530431E-02    0.18257820E-01

     Now is the components analysis of this transition.

     First we print out only the principle components.

     occ     virt       FX              FY

       2    2       -0.46278        0.00114
       3    2       -0.86682        0.00214
       4    2        0.14594       -0.00036

     Now for all the calculated particle and hole pairs : 

     occ     virt       FX              FY

       1    1      0.30996984E-05      0.19500091E-07
       1    2      0.24331465E-05      0.75024177E-07
       1    3     -0.34533624E-03     -0.80195953E-04
       1    4     -0.43320068E-02     -0.99349349E-03
       1    5      0.37105689E-02      0.85211556E-03
       1    6      0.24141598E-05     -0.30238637E-06
       1    7      0.27504398E-05     -0.61782848E-06
       1    8     -0.57132067E-02     -0.15051518E-02
       1    9      0.43909472E-02      0.11582244E-02
       1   10     -0.16293980E-02     -0.43093528E-03
       1   11     -0.23412830E-02     -0.62103275E-03
       1   12      0.33040109E-02      0.87759607E-03
       1   13      0.16091481E-02      0.42848814E-03
       1   14      0.63857038E-05      0.24338820E-05
       1   15     -0.15457465E-04     -0.32986671E-05
       2    1     -0.19846275E-01      0.14205111E-02
       2    2     -0.46277961E+00      0.11444396E-02
       2    3     -0.54863318E-01     -0.39768359E-03
       2    4      0.16067251E-01      0.11598946E-03
       2    5     -0.28566467E-01     -0.20679480E-03
       2    6      0.25647721E-02      0.37497365E-04
       2    7     -0.15874985E-03      0.14720246E-04
       2    8     -0.30485197E-02     -0.16955220E-03
       2    9     -0.14813402E-01     -0.81088690E-03
       2   10      0.49593852E-03      0.22003195E-04
       2   11     -0.27477043E-04     -0.16351565E-04
       2   12     -0.48880391E-03     -0.15755308E-03
       2   13      0.22683915E-03      0.93022267E-04
       2   14     -0.15765860E-01     -0.13755119E-02
       2   15     -0.31730943E-03     -0.50123693E-04
       3    1     -0.37197965E-01      0.26625064E-02
       3    2     -0.86681879E+00      0.21443118E-02
       3    3      0.18214548E-03      0.12250682E-05
       3    4     -0.21188491E-01     -0.15403664E-03
       3    5     -0.11518534E-01     -0.83154204E-04
       3    6      0.38158451E-02      0.55867281E-04
       3    7      0.16900141E-01      0.24677204E-03
       3    8     -0.33857801E-02     -0.17593718E-03
       3    9      0.79193108E-03      0.50106329E-04
       3   10      0.45905888E-02      0.25057199E-03
       3   11     -0.19054899E-03     -0.65209415E-04
       3   12     -0.58879823E-04     -0.50048708E-06
       3   13     -0.11147916E-03     -0.18189551E-04
       3   14     -0.29607089E-01     -0.25748743E-02
       3   15     -0.12961604E-02     -0.19680290E-03
       4    1      0.62668611E-02     -0.44875280E-03
       4    2      0.14594345E+00     -0.36113933E-03
       4    3      0.31119046E-02      0.22530752E-04
       4    4     -0.46757161E-01     -0.33879307E-03
       4    5     -0.31700869E-01     -0.22964049E-03
       4    6      0.25703677E-02      0.37518771E-04
       4    7     -0.68154753E-02     -0.99627885E-04
       4    8     -0.64053494E-02     -0.35712806E-03
       4    9      0.18093788E-02      0.97762631E-04
       4   10      0.11519376E-01      0.63646849E-03
       4   11     -0.48036896E-03     -0.14736232E-03
       4   12     -0.64328381E-04     -0.21008602E-04
       4   13     -0.16068643E-03     -0.60128356E-04
       4   14      0.49952184E-02      0.43300830E-03
       4   15      0.14344062E-03      0.19915253E-04

       **************


       ! The    6 -th eigen state. The transition energy is:        0.73752642

     The two digitals below indicate the importance of doing beyong TDA: 

     Components: X       1.00016;    Y      -0.00016

     In the occ-virt project subspace the total Fxy is:

     X       0.99858;    Y      -0.00003    total       0.99855  /      1.00000

     The Chi_i_i is     Total          1               2               3

                     0.19567120E-01    0.53854286E-02    0.12898256E-01    0.12834346E-02

     Now is the components analysis of this transition.

     First we print out only the principle components.

     occ     virt       FX              FY

       2    2       -0.86125        0.00213
       3    2        0.41411       -0.00103
       4    2       -0.27169        0.00067

     Now for all the calculated particle and hole pairs : 

     occ     virt       FX              FY

       1    1     -0.27426860E-05     -0.66411033E-07
       1    2     -0.22995890E-05     -0.15188675E-06
       1    3      0.55692573E-02      0.12916074E-02
       1    4     -0.85924792E-03     -0.20028762E-03
       1    5     -0.47615218E-03     -0.11226426E-03
       1    6     -0.17082924E-05      0.25794957E-06
       1    7      0.70133956E-06      0.47888891E-06
       1    8      0.35384540E-02      0.93369808E-03
       1    9      0.57211375E-02      0.15098296E-02
       1   10      0.30472546E-02      0.80308721E-03
       1   11      0.22445449E-03      0.58808735E-04
       1   12      0.20301327E-02      0.54351181E-03
       1   13     -0.38085548E-02     -0.10219627E-02
       1   14     -0.46009316E-05     -0.17961540E-05
       1   15      0.42650662E-05      0.66662320E-06
       2    1     -0.37016387E-01      0.26496550E-02
       2    2     -0.86124824E+00      0.21323795E-02
       2    3      0.18236849E-01      0.13197117E-03
       2    4      0.34800058E-01      0.25151934E-03
       2    5     -0.40429669E-01     -0.29272296E-03
       2    6      0.21283113E-02      0.31289498E-04
       2    7      0.98702930E-03     -0.59775022E-04
       2    8      0.10598972E-01      0.60942432E-03
       2    9     -0.48294732E-02     -0.26616902E-03
       2   10      0.52794405E-02      0.29637604E-03
       2   11      0.19170581E-03      0.72516900E-04
       2   12     -0.30510627E-03     -0.10097404E-03
       2   13     -0.29774140E-03     -0.10191198E-03
       2   14     -0.29512824E-01     -0.25576054E-02
       2   15      0.27801478E-03      0.70357024E-04
       3    1      0.17809831E-01     -0.12748879E-02
       3    2      0.41410709E+00     -0.10256069E-02
       3    3     -0.61487432E-01     -0.44532975E-03
       3    4     -0.66488085E-02     -0.48086599E-04
       3    5     -0.68883789E-02     -0.49877086E-04
       3    6      0.27376259E-02      0.39860273E-04
       3    7     -0.32588058E-02     -0.47728384E-04
       3    8     -0.88227334E-02     -0.50806918E-03
       3    9     -0.10466829E-01     -0.60223162E-03
       3   10     -0.18372749E-02     -0.10071422E-03
       3   11     -0.17408039E-03     -0.62905440E-04
       3   12     -0.29626193E-03     -0.98079011E-04
       3   13      0.42771796E-03      0.13954080E-03
       3   14      0.14230576E-01      0.12289985E-02
       3   15     -0.83049575E-04     -0.10350066E-04
       4    1     -0.11694027E-01      0.83713410E-03
       4    2     -0.27169091E+00      0.67321422E-03
       4    3      0.11584494E-01      0.83902767E-04
       4    4      0.33710058E-02      0.24399279E-04
       4    5      0.24856265E-01      0.18006124E-03
       4    6      0.14299259E-01      0.20895443E-03
       4    7     -0.33268016E-02     -0.48650890E-04
       4    8      0.84123663E-03      0.49163442E-04
       4    9      0.42473303E-02      0.24585102E-03
       4   10     -0.41394091E-02     -0.24694763E-03
       4   11      0.11004560E-03      0.38333828E-04
       4   12      0.21159315E-03      0.71901541E-04
       4   13     -0.97292628E-05      0.98575865E-05
       4   14     -0.93377470E-02     -0.80544493E-03
       4   15     -0.12178855E-02     -0.18949669E-03

       **************


       ! The    7 -th eigen state. The transition energy is:        0.74523917

     The two digitals below indicate the importance of doing beyong TDA: 

     Components: X       1.00007;    Y      -0.00007

     In the occ-virt project subspace the total Fxy is:

     X       0.99933;    Y      -0.00001    total       0.99932  /      1.00000

     The Chi_i_i is     Total          1               2               3

                     0.43119604E-02    0.29193385E-02    0.13863956E-02    0.62262909E-05

     Now is the components analysis of this transition.

     First we print out only the principle components.

     occ     virt       FX              FY

       2    4        0.23882        0.00049
       3    4        0.59109        0.00121
       3    5        0.29283        0.00060
       4    3        0.24068        0.00049
       4    4        0.26625        0.00054
       4    5       -0.60212       -0.00123

     Now for all the calculated particle and hole pairs : 

     occ     virt       FX              FY

       1    1      0.32874752E-06     -0.42404964E-06
       1    2      0.37747661E-06     -0.35465055E-06
       1    3     -0.48738704E-03     -0.11353738E-03
       1    4     -0.25621556E-02     -0.58892142E-03
       1    5     -0.27881676E-02     -0.64209005E-03
       1    6     -0.28157429E-05     -0.44318938E-06
       1    7     -0.38765648E-05     -0.57428083E-06
       1    8      0.16470436E-02      0.47097349E-03
       1    9      0.61441684E-03      0.17496647E-03
       1   10     -0.34083123E-02     -0.97833596E-03
       1   11     -0.34861263E-02     -0.92312036E-03
       1   12     -0.16400285E-02     -0.43538443E-03
       1   13     -0.12500520E-02     -0.33043632E-03
       1   14     -0.18801431E-05     -0.30979023E-06
       1   15      0.22418590E-05      0.30380964E-06
       2    1      0.53557224E-03     -0.41042106E-04
       2    2      0.11252785E-01     -0.86359879E-04
       2    3     -0.91556579E-02     -0.18717993E-04
       2    4      0.23881593E+00      0.48737289E-03
       2    5     -0.20035416E-01     -0.40953279E-04
       2    6     -0.16676491E-01     -0.15703602E-03
       2    7     -0.33338534E-03      0.30325015E-05
       2    8      0.20482942E-02      0.12737160E-03
       2    9     -0.12641640E-02     -0.80970676E-04
       2   10     -0.10015324E-02     -0.64436566E-04
       2   11     -0.16762401E-03      0.30360705E-04
       2   12      0.55438277E-04     -0.16023204E-04
       2   13     -0.11952141E-03     -0.13751476E-04
       2   14      0.91930212E-03      0.94319394E-04
       2   15     -0.64544535E-03      0.49817822E-04
       3    1     -0.11358180E-02      0.87543270E-04
       3    2     -0.24422804E-01      0.18745889E-03
       3    3     -0.82305967E-01     -0.16784423E-03
       3    4      0.59108799E+00      0.12057130E-02
       3    5      0.29283275E+00      0.59730223E-03
       3    6      0.58453809E-02      0.54972263E-04
       3    7      0.28118962E-02      0.26538932E-04
       3    8      0.36701635E-02      0.23142884E-03
       3    9     -0.19844929E-02     -0.12862201E-03
       3   10     -0.57826350E-02     -0.36546613E-03
       3   11     -0.47731484E-03      0.86373910E-04
       3   12      0.44874342E-04     -0.10941831E-05
       3   13     -0.18080854E-05      0.57697126E-04
       3   14     -0.20271263E-02     -0.20462868E-03
       3   15      0.29923460E-03     -0.29696435E-04
       4    1     -0.38959861E-02      0.30028073E-03
       4    2     -0.84613841E-01      0.64982525E-03
       4    3      0.24067839E+00      0.49042427E-03
       4    4      0.26624579E+00      0.54223240E-03
       4    5     -0.60212289E+00     -0.12277285E-02
       4    6      0.48040017E-02      0.45319870E-04
       4    7      0.88014333E-02      0.82662911E-04
       4    8      0.52084330E-02      0.32792523E-03
       4    9     -0.23416884E-02     -0.15266775E-03
       4   10      0.48312599E-02      0.30871455E-03
       4   11     -0.78873700E-04      0.19474051E-04
       4   12      0.34317384E-03     -0.65066620E-04
       4   13      0.30798057E-03     -0.82314178E-04
       4   14     -0.68168828E-02     -0.68703148E-03
       4   15      0.36877548E-03     -0.36687020E-04

       **************


       ! The    8 -th eigen state. The transition energy is:        0.74523994

     The two digitals below indicate the importance of doing beyong TDA: 

     Components: X       1.00007;    Y      -0.00007

     In the occ-virt project subspace the total Fxy is:

     X       0.99933;    Y      -0.00001    total       0.99932  /      1.00000

     The Chi_i_i is     Total          1               2               3

                     0.43090025E-02    0.51388920E-04    0.21467227E-03    0.40429414E-02

     Now is the components analysis of this transition.

     First we print out only the principle components.

     occ     virt       FX              FY

       2    3        0.61786        0.00126
       2    4       -0.18689       -0.00038
       2    5        0.31754        0.00065
       3    4        0.21318        0.00043
       3    5        0.11694        0.00024
       4    4        0.51527        0.00105
       4    5        0.38306        0.00078

     Now for all the calculated particle and hole pairs : 

     occ     virt       FX              FY

       1    1      0.22081647E-06      0.61374521E-06
       1    2     -0.27254166E-06      0.41912210E-06
       1    3     -0.24579498E-03     -0.55218928E-04
       1    4     -0.27874686E-02     -0.64390523E-03
       1    5      0.25849931E-02      0.59629469E-03
       1    6     -0.14531669E-05      0.23433938E-06
       1    7      0.12263954E-05     -0.19994530E-06
       1    8      0.29251568E-02      0.83648572E-03
       1    9     -0.22877745E-02     -0.65552781E-03
       1   10      0.99919767E-03      0.28698999E-03
       1   11     -0.20476180E-02     -0.54351190E-03
       1   12      0.31102261E-02      0.82614552E-03
       1   13      0.15708719E-02      0.41646032E-03
       1   14     -0.33955812E-05     -0.14887299E-05
       1   15      0.10480802E-04      0.29177472E-05
       2    1     -0.19241627E-02      0.14805286E-03
       2    2     -0.41392515E-01      0.31757922E-03
       2    3      0.61786187E+00      0.12605724E-02
       2    4     -0.18688597E+00     -0.38152809E-03
       2    5      0.31754113E+00      0.64781377E-03
       2    6     -0.21055156E-02     -0.19908522E-04
       2    7      0.24441005E-03     -0.32422574E-05
       2    8      0.15021767E-02      0.99738162E-04
       2    9      0.75436453E-02      0.48199282E-03
       2   10     -0.18852413E-03     -0.81243463E-05
       2   11     -0.48256415E-04      0.77671517E-05
       2   12     -0.44935283E-03      0.89728856E-04
       2   13      0.34076988E-03     -0.41429278E-04
       2   14     -0.33399354E-02     -0.33766272E-03
       2   15     -0.16909081E-03      0.69928423E-05
       3    1     -0.35419827E-02      0.27254961E-03
       3    2     -0.76835565E-01      0.58979110E-03
       3    3     -0.41762948E-02     -0.86888610E-05
       3    4      0.21317549E+00      0.43435434E-03
       3    5      0.11693832E+00      0.23841771E-03
       3    6     -0.43556624E-02     -0.40996630E-04
       3    7     -0.18453060E-01     -0.17375274E-03
       3    8      0.15711892E-02      0.95147734E-04
       3    9     -0.37020902E-03     -0.25189928E-04
       3   10     -0.20945818E-02     -0.12979075E-03
       3   11     -0.18482937E-03      0.30949357E-04
       3   12      0.33033028E-05      0.52615422E-06
       3   13     -0.10402123E-03      0.31412898E-05
       3   14     -0.62129372E-02     -0.62433314E-03
       3   15     -0.56742458E-03      0.55611151E-04
       4    1      0.76292329E-03     -0.58556020E-04
       4    2      0.16621062E-01     -0.12770107E-03
       4    3     -0.43604622E-01     -0.88728387E-04
       4    4      0.51526565E+00      0.10503910E-02
       4    5      0.38306347E+00      0.78077507E-03
       4    6     -0.28708638E-02     -0.27023650E-04
       4    7      0.69915173E-02      0.65778450E-04
       4    8      0.30356009E-02      0.19598966E-03
       4    9     -0.81216248E-03     -0.53349885E-04
       4   10     -0.60243428E-02     -0.38618417E-03
       4   11     -0.40899859E-03      0.80652589E-04
       4   12     -0.55139934E-04      0.15634079E-04
       4   13     -0.26179488E-03      0.31622044E-04
       4   14      0.13574224E-02      0.13564971E-03
       4   15      0.54279934E-04     -0.29715134E-05

       **************


       ! The    9 -th eigen state. The transition energy is:        0.74524242

     The two digitals below indicate the importance of doing beyong TDA: 

     Components: X       1.00007;    Y      -0.00007

     In the occ-virt project subspace the total Fxy is:

     X       0.99933;    Y      -0.00001    total       0.99932  /      1.00000

     The Chi_i_i is     Total          1               2               3

                     0.43551398E-02    0.13452837E-02    0.27437152E-02    0.26614085E-03

     Now is the components analysis of this transition.

     First we print out only the principle components.

     occ     virt       FX              FY

       2    3        0.20041        0.00041
       2    4        0.40304        0.00082
       2    5       -0.45963       -0.00094
       3    3       -0.69503       -0.00142
       4    3        0.13937        0.00028
       4    5        0.25524        0.00052

     Now for all the calculated particle and hole pairs : 

     occ     virt       FX              FY

       1    1     -0.12439139E-05      0.95088858E-07
       1    2     -0.13902774E-05     -0.24622844E-07
       1    3     -0.37961063E-02     -0.86414137E-03
       1    4      0.51828926E-03      0.11597897E-03
       1    5      0.20112398E-03      0.44718354E-04
       1    6     -0.49168201E-05     -0.20524571E-06
       1    7     -0.19409461E-05      0.13127371E-06
       1    8      0.18824820E-02      0.54052303E-03
       1    9      0.30251904E-02      0.86989747E-03
       1   10      0.14512031E-02      0.41746252E-03
       1   11     -0.31951199E-03     -0.85853059E-04
       1   12     -0.19892546E-02     -0.52353873E-03
       1   13      0.35108540E-02      0.92486348E-03
       1   14     -0.92533620E-06     -0.58705464E-06
       1   15      0.29967253E-05     -0.19224494E-06
       2    1      0.35196682E-02     -0.27009243E-03
       2    2      0.77540227E-01     -0.59506601E-03
       2    3      0.20040802E+00      0.40865861E-03
       2    4      0.40303980E+00      0.82180579E-03
       2    5     -0.45963299E+00     -0.93707195E-03
       2    6      0.16750708E-02      0.15897490E-04
       2    7      0.15111487E-02     -0.12774536E-04
       2    8      0.53990849E-02      0.35964454E-03
       2    9     -0.25802902E-02     -0.16522554E-03
       2   10      0.25936074E-02      0.17402476E-03
       2   11     -0.22121107E-03      0.41402417E-04
       2   12      0.30981505E-03     -0.56618946E-04
       2   13      0.34062730E-03     -0.45599225E-04
       2   14      0.63447506E-02      0.63216959E-03
       2   15     -0.18754282E-03      0.27244505E-04
       3    1     -0.16683484E-02      0.12799013E-03
       3    2     -0.37030892E-01      0.28436983E-03
       3    3     -0.69502741E+00     -0.14163290E-02
       3    4     -0.55220742E-01     -0.11258813E-03
       3    5     -0.67473813E-01     -0.13742924E-03
       3    6      0.32147580E-02      0.30249704E-04
       3    7     -0.32205868E-02     -0.30438710E-04
       3    8     -0.43284101E-02     -0.28186875E-03
       3    9     -0.53675200E-02     -0.34386069E-03
       3   10     -0.11173917E-02     -0.70674419E-04
       3   11      0.16338823E-03     -0.32945575E-04
       3   12      0.26817337E-03     -0.56449361E-04
       3   13     -0.36467994E-03      0.82262310E-04
       3   14     -0.30648641E-02     -0.30334242E-03
       3   15      0.38789569E-04     -0.82804589E-05
       4    1      0.91899239E-03     -0.70718437E-04
       4    2      0.20767584E-01     -0.15962697E-03
       4    3      0.13936755E+00      0.28383140E-03
       4    4      0.43791250E-01      0.89253520E-04
       4    5      0.25523756E+00      0.51978799E-03
       4    6      0.15629796E-01      0.14720016E-03
       4    7     -0.33372013E-02     -0.31390658E-04
       4    8      0.57987534E-03      0.38081478E-04
       4    9      0.20666879E-02      0.13411197E-03
       4   10     -0.18324598E-02     -0.12609412E-03
       4   11     -0.83425636E-04      0.21919353E-04
       4   12     -0.16296803E-03      0.38488210E-04
       4   13     -0.21528484E-03     -0.21129060E-04
       4   14      0.17936829E-02      0.17693571E-03
       4   15      0.49740259E-03     -0.58813797E-04

       **************


       ! The   10 -th eigen state. The transition energy is:        0.74592816

     The two digitals below indicate the importance of doing beyong TDA: 

     Components: X       1.00003;    Y      -0.00003

     In the occ-virt project subspace the total Fxy is:

     X       0.99918;    Y      -0.00001    total       0.99918  /      1.00000

     The Chi_i_i is     Total          1               2               3

                     0.96021294E-08    0.65537114E-10    0.55801947E-11    0.95310121E-08

     Now is the components analysis of this transition.

     First we print out only the principle components.

     occ     virt       FX              FY

       2    3       -0.42627       -0.00067
       3    3       -0.11373       -0.00018
       3    4       -0.41598       -0.00066
       3    5        0.64373        0.00102
       4    3        0.12772        0.00020
       4    4        0.41790        0.00066
       4    5        0.12358        0.00020

     Now for all the calculated particle and hole pairs : 

     occ     virt       FX              FY

       1    1     -0.55850057E-06     -0.15666284E-06
       1    2      0.17095306E-07      0.46657208E-07
       1    3     -0.35685744E-05      0.93517878E-06
       1    4      0.78761549E-05      0.10806133E-05
       1    5     -0.84870821E-05      0.60225326E-06
       1    6     -0.69043595E-03     -0.17869308E-03
       1    7     -0.21663430E-02     -0.56076127E-03
       1    8     -0.33182790E-05     -0.14822351E-05
       1    9     -0.26430439E-05      0.51365703E-06
       1   10      0.70664679E-05     -0.51136914E-06
       1   11      0.37352563E-05      0.10074592E-05
       1   12     -0.10594065E-04     -0.68087454E-07
       1   13     -0.17986588E-06      0.11386762E-07
       1   14     -0.29182257E-06     -0.15255431E-06
       1   15      0.14912690E-02      0.44043249E-03
       2    1     -0.22954647E-05      0.72073993E-07
       2    2      0.53817822E-05     -0.19700764E-06
       2    3     -0.42626749E+00     -0.67326860E-03
       2    4     -0.98106708E-01     -0.15505932E-03
       2    5      0.27259152E-02      0.40869937E-05
       2    6      0.79318425E-05      0.15238938E-06
       2    7     -0.30053720E-04      0.14869733E-06
       2    8      0.86957176E-02      0.57286928E-03
       2    9      0.74157851E-02      0.49305796E-03
       2   10      0.19702329E-02      0.13027218E-03
       2   11     -0.43022734E-02     -0.28697824E-03
       2   12     -0.39453192E-02     -0.26326275E-03
       2   13      0.80705138E-02      0.53709435E-03
       2   14      0.19638164E-04      0.99246694E-06
       2   15      0.25950570E-04      0.31180368E-05
       3    1     -0.32847535E-05     -0.86415902E-07
       3    2      0.51908039E-04     -0.85480190E-06
       3    3     -0.11372802E+00     -0.17961098E-03
       3    4     -0.41598369E+00     -0.65697919E-03
       3    5      0.64373414E+00      0.10156618E-02
       3    6      0.77600087E-05      0.34601062E-06
       3    7      0.95454975E-05      0.40826919E-06
       3    8      0.14330339E-01      0.94360410E-03
       3    9     -0.10744366E-01     -0.71074739E-03
       3   10      0.10309160E-01      0.68186172E-03
       3   11     -0.53906751E-02     -0.36014524E-03
       3   12      0.14012767E-01      0.93354813E-03
       3   13      0.98682417E-02      0.65868390E-03
       3   14     -0.26157328E-04     -0.17857079E-05
       3   15      0.72940738E-04      0.25033252E-05
       4    1      0.29614978E-05     -0.25134948E-06
       4    2      0.16953206E-05      0.67303525E-09
       4    3      0.12771515E+00      0.20134567E-03
       4    4      0.41790330E+00      0.65887728E-03
       4    5      0.12358476E+00      0.19501765E-03
       4    6     -0.89587888E-05      0.22885371E-07
       4    7     -0.16931143E-04     -0.39701064E-06
       4    8     -0.99148392E-02     -0.65287626E-03
       4    9      0.65605322E-03      0.44849181E-04
       4   10      0.70160448E-02      0.45719973E-03
       4   11      0.10534113E-01      0.70175720E-03
       4   12      0.29178598E-03      0.18645031E-04
       4   13     -0.75022761E-03     -0.54913482E-04
       4   14      0.48808245E-04      0.49165451E-05
       4   15      0.24211138E-05     -0.23959158E-07

       **************

     Now generate the eigenvalues list...
     Now generate the spectrum plot file...
     Finished linear response calculation...

     lr_dav_main  :      3.69s CPU      4.01s WALL (       1 calls)
     read_wf      :      0.00s CPU      0.03s WALL (       1 calls)
     lr_solve_e   :      0.34s CPU      0.36s WALL (       1 calls)
     calc_residue :      0.21s CPU      0.21s WALL (       4 calls)
     expan_basis  :      0.69s CPU      0.72s WALL (       3 calls)
     matrix       :      0.00s CPU      0.02s WALL (       4 calls)
     mGS_orth     :      0.64s CPU      0.67s WALL (       9 calls)
     mGS_orth_pp  :      0.02s CPU      0.02s WALL (       9 calls)
     one_step     :      2.31s CPU      2.52s WALL (       4 calls)

     lr_apply     :      1.88s CPU      2.06s WALL (     116 calls)
     lr_apply_int :      1.41s CPU      1.54s WALL (      58 calls)
     lr_apply_no  :      0.47s CPU      0.52s WALL (      58 calls)

     h_psi        :      1.16s CPU      1.23s WALL (     158 calls)
     lr_calc_dens :      0.31s CPU      0.33s WALL (      58 calls)
     lr_dvpsi_e   :      0.34s CPU      0.35s WALL (       3 calls)
     lr_dv_setup  :      0.01s CPU      0.01s WALL (       1 calls)
     dv_of_drho   :      0.37s CPU      0.43s WALL (      58 calls)
     interaction  :      0.24s CPU      0.27s WALL (      58 calls)
     lr_dot       :      0.27s CPU      0.28s WALL (   12894 calls)
     ortho        :      0.02s CPU      0.03s WALL (     122 calls)
     lr_ortho     :      0.02s CPU      0.02s WALL (      98 calls)


     US routines
     lr_dot_us    :      0.67s CPU      0.70s WALL (   12894 calls)
     lr_sm1_psi   :      0.00s CPU      0.00s WALL (     116 calls)

     General routines
     calbec       :      0.01s CPU      0.01s WALL (     206 calls)
     fft          :      0.19s CPU      0.21s WALL (     119 calls)
     fftw         :      1.26s CPU      1.35s WALL (     860 calls)
     interpolate  :      0.01s CPU      0.01s WALL (      58 calls)
     davcio       :      0.00s CPU      0.00s WALL (       5 calls)

     Parallel routines


     turboTDDFT   :      3.69s CPU      4.01s WALL


   This run was terminated on:   8: 5:24   3May2022            

=------------------------------------------------------------------------------=
   JOB DONE.
=------------------------------------------------------------------------------=
